--------------- Build Started: 05/23/2020 12:57:25 Project: Final_Project_Group5, Configuration: ARM GCC 5.4-2016-q2-update Debug ---------------
The code generation step is up to date.
arm-none-eabi-gcc.exe -mcpu=cortex-m3 -mthumb -I. -IGenerated_Source\PSoC5 -Wa,-alh=.\CortexM3\ARM_GCC_541\Debug/InterruptRoutines.lst -g -D DEBUG -D CY_CORE_ID=0 -Wall -ffunction-sections -ffat-lto-objects -Og -c InterruptRoutines.c -o .\CortexM3\ARM_GCC_541\Debug\InterruptRoutines.o
arm-none-eabi-ar.exe -rs .\CortexM3\ARM_GCC_541\Debug\Final_Project_Group5.a .\CortexM3\ARM_GCC_541\Debug\MISO_1.o .\CortexM3\ARM_GCC_541\Debug\MOSI_1.o .\CortexM3\ARM_GCC_541\Debug\SCLK_1.o .\CortexM3\ARM_GCC_541\Debug\SPIM_1.o .\CortexM3\ARM_GCC_541\Debug\SPIM_1_PM.o .\CortexM3\ARM_GCC_541\Debug\SPIM_1_INT.o .\CortexM3\ARM_GCC_541\Debug\UART_1.o .\CortexM3\ARM_GCC_541\Debug\UART_1_PM.o .\CortexM3\ARM_GCC_541\Debug\UART_1_INT.o .\CortexM3\ARM_GCC_541\Debug\UART_1_BOOT.o .\CortexM3\ARM_GCC_541\Debug\CS_1.o .\CortexM3\ARM_GCC_541\Debug\Pin_LED.o .\CortexM3\ARM_GCC_541\Debug\Button.o .\CortexM3\ARM_GCC_541\Debug\PWM.o .\CortexM3\ARM_GCC_541\Debug\PWM_PM.o .\CortexM3\ARM_GCC_541\Debug\Clock_PWM.o .\CortexM3\ARM_GCC_541\Debug\isr_LED.o .\CortexM3\ARM_GCC_541\Debug\CS_2.o .\CortexM3\ARM_GCC_541\Debug\PIN_Temp.o .\CortexM3\ARM_GCC_541\Debug\MISO_2.o .\CortexM3\ARM_GCC_541\Debug\MOSI_2.o .\CortexM3\ARM_GCC_541\Debug\SCLK_2.o .\CortexM3\ARM_GCC_541\Debug\SPIM_2.o .\CortexM3\ARM_GCC_541\Debug\SPIM_2_PM.o .\CortexM3\ARM_GCC_541\Debug\SPIM_2_INT.o .\CortexM3\ARM_GCC_541\Debug\INT1.o .\CortexM3\ARM_GCC_541\Debug\Timer_1.o .\CortexM3\ARM_GCC_541\Debug\Timer_1_PM.o .\CortexM3\ARM_GCC_541\Debug\FIFO_ENABLE.o .\CortexM3\ARM_GCC_541\Debug\isr_1.o .\CortexM3\ARM_GCC_541\Debug\SPIM_1_IntClock.o .\CortexM3\ARM_GCC_541\Debug\UART_1_IntClock.o .\CortexM3\ARM_GCC_541\Debug\SPIM_2_IntClock.o .\CortexM3\ARM_GCC_541\Debug\CyDmac.o .\CortexM3\ARM_GCC_541\Debug\CyFlash.o .\CortexM3\ARM_GCC_541\Debug\CyLib.o .\CortexM3\ARM_GCC_541\Debug\cyPm.o .\CortexM3\ARM_GCC_541\Debug\CySpc.o .\CortexM3\ARM_GCC_541\Debug\cyutils.o .\CortexM3\ARM_GCC_541\Debug\cy_em_eeprom.o .\CortexM3\ARM_GCC_541\Debug\isr_RX.o .\CortexM3\ARM_GCC_541\Debug\CyBootAsmGnu.o
arm-none-eabi-ar.exe: creating .\CortexM3\ARM_GCC_541\Debug\Final_Project_Group5.a
arm-none-eabi-gcc.exe -Wl,--start-group -o C:\Users\ilami\Documents\GitHub\FINAL-PROJECT-GROUP5\Final_Project_Group5.cydsn\CortexM3\ARM_GCC_541\Debug\Final_Project_Group5.elf .\CortexM3\ARM_GCC_541\Debug\main.o .\CortexM3\ARM_GCC_541\Debug\25LC256.o .\CortexM3\ARM_GCC_541\Debug\InterruptRoutines.o .\CortexM3\ARM_GCC_541\Debug\cyfitter_cfg.o .\CortexM3\ARM_GCC_541\Debug\cymetadata.o .\CortexM3\ARM_GCC_541\Debug\Cm3Start.o .\CortexM3\ARM_GCC_541\Debug\Final_Project_Group5.a "C:\Program Files (x86)\Cypress\PSoC Creator\4.3\PSoC Creator\psoc\content\cycomponentlibrary\CyComponentLibrary.cylib\CortexM3\ARM_GCC_541\Debug\CyComponentLibrary.a" -mcpu=cortex-m3 -mthumb -L Generated_Source\PSoC5 -Wl,-Map,.\CortexM3\ARM_GCC_541\Debug/Final_Project_Group5.map -T Generated_Source\PSoC5\cm3gcc.ld -specs=nano.specs -Wl,--gc-sections -g -ffunction-sections -Og -ffat-lto-objects -Wl,--end-group
.\CortexM3\ARM_GCC_541\Debug\main.o: In function `main':
C:\Users\ilami\Documents\GitHub\FINAL-PROJECT-GROUP5\Final_Project_Group5.cydsn/main.c:84: undefined reference to `ACC_readRegister'
C:\Users\ilami\Documents\GitHub\FINAL-PROJECT-GROUP5\Final_Project_Group5.cydsn/main.c:99: undefined reference to `ACC_writeRegister'
C:\Users\ilami\Documents\GitHub\FINAL-PROJECT-GROUP5\Final_Project_Group5.cydsn/main.c:101: undefined reference to `ACC_readRegister'
C:\Users\ilami\Documents\GitHub\FINAL-PROJECT-GROUP5\Final_Project_Group5.cydsn/main.c:109: undefined reference to `ACC_writeRegister'
C:\Users\ilami\Documents\GitHub\FINAL-PROJECT-GROUP5\Final_Project_Group5.cydsn/main.c:111: undefined reference to `ACC_readRegister'
.\CortexM3\ARM_GCC_541\Debug\InterruptRoutines.o: In function `Custom_ISR_RX':
C:\Users\ilami\Documents\GitHub\FINAL-PROJECT-GROUP5\Final_Project_Group5.cydsn/InterruptRoutines.c:121: undefined reference to `ACC_writeRegister'
C:\Users\ilami\Documents\GitHub\FINAL-PROJECT-GROUP5\Final_Project_Group5.cydsn/InterruptRoutines.c:131: undefined reference to `ACC_writeRegister'
C:\Users\ilami\Documents\GitHub\FINAL-PROJECT-GROUP5\Final_Project_Group5.cydsn/InterruptRoutines.c:141: undefined reference to `ACC_writeRegister'
C:\Users\ilami\Documents\GitHub\FINAL-PROJECT-GROUP5\Final_Project_Group5.cydsn/InterruptRoutines.c:146: undefined reference to `ACC_writeRegister'
C:\Users\ilami\Documents\GitHub\FINAL-PROJECT-GROUP5\Final_Project_Group5.cydsn/InterruptRoutines.c:154: undefined reference to `ACC_writeRegister'
.\CortexM3\ARM_GCC_541\Debug\InterruptRoutines.o:C:\Users\ilami\Documents\GitHub\FINAL-PROJECT-GROUP5\Final_Project_Group5.cydsn/InterruptRoutines.c:159: more undefined references to `ACC_writeRegister' follow
collect2.exe: error: ld returned 1 exit status
The command 'arm-none-eabi-gcc.exe' failed with exit code '1'.
--------------- Build Failed: 05/23/2020 12:57:26 ---------------
