ARM GAS  C:\Users\Ilaria\AppData\Local\Temp\ccua2TMG.s 			page 1


   1              		.syntax unified
   2              		.cpu cortex-m3
   3              		.fpu softvfp
   4              		.eabi_attribute 20, 1
   5              		.eabi_attribute 21, 1
   6              		.eabi_attribute 23, 3
   7              		.eabi_attribute 24, 1
   8              		.eabi_attribute 25, 1
   9              		.eabi_attribute 26, 1
  10              		.eabi_attribute 30, 1
  11              		.eabi_attribute 34, 1
  12              		.eabi_attribute 18, 4
  13              		.thumb
  14              		.syntax unified
  15              		.file	"Functions.c"
  16              		.text
  17              	.Ltext0:
  18              		.cfi_sections	.debug_frame
  19              		.section	.text.show_menu,"ax",%progbits
  20              		.align	2
  21              		.global	show_menu
  22              		.thumb
  23              		.thumb_func
  24              		.type	show_menu, %function
  25              	show_menu:
  26              	.LFB64:
  27              		.file 1 "Functions.c"
   1:Functions.c   **** /* ========================================
   2:Functions.c   ****  *
   3:Functions.c   ****  * Copyright YOUR COMPANY, THE YEAR
   4:Functions.c   ****  * All Rights Reserved
   5:Functions.c   ****  * UNPUBLISHED, LICENSED SOFTWARE.
   6:Functions.c   ****  *
   7:Functions.c   ****  * CONFIDENTIAL AND PROPRIETARY INFORMATION
   8:Functions.c   ****  * WHICH IS THE PROPERTY OF your company.
   9:Functions.c   ****  *
  10:Functions.c   ****  * ========================================
  11:Functions.c   **** */
  12:Functions.c   **** 
  13:Functions.c   **** /*Include headers*/
  14:Functions.c   **** #include "InterruptRoutines.h"
  15:Functions.c   **** #include "Functions.h"
  16:Functions.c   **** #include "project.h"
  17:Functions.c   **** 
  18:Functions.c   **** /*Include macros*/
  19:Functions.c   **** #include "header.h"
  20:Functions.c   **** 
  21:Functions.c   **** /* EEPROM 25LC256 Library */
  22:Functions.c   **** #include "25LC256.h"
  23:Functions.c   **** 
  24:Functions.c   **** /* FUNCTION FOR MENU' ON UART */
  25:Functions.c   **** void show_menu()
  26:Functions.c   **** {
  28              		.loc 1 26 0
  29              		.cfi_startproc
  30              		@ args = 0, pretend = 0, frame = 0
  31              		@ frame_needed = 0, uses_anonymous_args = 0
ARM GAS  C:\Users\Ilaria\AppData\Local\Temp\ccua2TMG.s 			page 2


  32 0000 38B5     		push	{r3, r4, r5, lr}
  33              		.cfi_def_cfa_offset 16
  34              		.cfi_offset 3, -16
  35              		.cfi_offset 4, -12
  36              		.cfi_offset 5, -8
  37              		.cfi_offset 14, -4
  27:Functions.c   ****     
  28:Functions.c   ****     UART_1_PutString("\r\n");
  38              		.loc 1 28 0
  39 0002 214D     		ldr	r5, .L3
  40 0004 2846     		mov	r0, r5
  41 0006 FFF7FEFF 		bl	UART_1_PutString
  42              	.LVL0:
  29:Functions.c   ****     UART_1_PutString("*************************************** MENU' *******************************
  43              		.loc 1 29 0
  44 000a 2048     		ldr	r0, .L3+4
  45 000c FFF7FEFF 		bl	UART_1_PutString
  46              	.LVL1:
  30:Functions.c   ****     UART_1_PutString("-----------------------------------------------------------------------------
  47              		.loc 1 30 0
  48 0010 1F4C     		ldr	r4, .L3+8
  49 0012 2046     		mov	r0, r4
  50 0014 FFF7FEFF 		bl	UART_1_PutString
  51              	.LVL2:
  31:Functions.c   ****     UART_1_PutString("Command  | Result                  \r\n");
  52              		.loc 1 31 0
  53 0018 1E48     		ldr	r0, .L3+12
  54 001a FFF7FEFF 		bl	UART_1_PutString
  55              	.LVL3:
  32:Functions.c   ****     UART_1_PutString("-----------------------------------------------------------------------------
  56              		.loc 1 32 0
  57 001e 2046     		mov	r0, r4
  58 0020 FFF7FEFF 		bl	UART_1_PutString
  59              	.LVL4:
  33:Functions.c   ****     UART_1_PutString("b        | Start data acquisition from the accelerometer and storage on the E
  60              		.loc 1 33 0
  61 0024 1C48     		ldr	r0, .L3+16
  62 0026 FFF7FEFF 		bl	UART_1_PutString
  63              	.LVL5:
  34:Functions.c   ****     UART_1_PutString("-----------------------------------------------------------------------------
  64              		.loc 1 34 0
  65 002a 2046     		mov	r0, r4
  66 002c FFF7FEFF 		bl	UART_1_PutString
  67              	.LVL6:
  35:Functions.c   ****     UART_1_PutString("s        | Stop data acquisition from the accelerometer and storage on the EE
  68              		.loc 1 35 0
  69 0030 1A48     		ldr	r0, .L3+20
  70 0032 FFF7FEFF 		bl	UART_1_PutString
  71              	.LVL7:
  36:Functions.c   ****     UART_1_PutString("-----------------------------------------------------------------------------
  72              		.loc 1 36 0
  73 0036 2046     		mov	r0, r4
  74 0038 FFF7FEFF 		bl	UART_1_PutString
  75              	.LVL8:
  37:Functions.c   ****     UART_1_PutString("f        | Configuration of the accelerometer full scale range \r\n");
  76              		.loc 1 37 0
  77 003c 1848     		ldr	r0, .L3+24
ARM GAS  C:\Users\Ilaria\AppData\Local\Temp\ccua2TMG.s 			page 3


  78 003e FFF7FEFF 		bl	UART_1_PutString
  79              	.LVL9:
  38:Functions.c   ****     UART_1_PutString("-----------------------------------------------------------------------------
  80              		.loc 1 38 0
  81 0042 2046     		mov	r0, r4
  82 0044 FFF7FEFF 		bl	UART_1_PutString
  83              	.LVL10:
  39:Functions.c   ****     UART_1_PutString("p        | Configuration of the accelerometer sampling frequency \r\n");
  84              		.loc 1 39 0
  85 0048 1648     		ldr	r0, .L3+28
  86 004a FFF7FEFF 		bl	UART_1_PutString
  87              	.LVL11:
  40:Functions.c   ****     UART_1_PutString("-----------------------------------------------------------------------------
  88              		.loc 1 40 0
  89 004e 2046     		mov	r0, r4
  90 0050 FFF7FEFF 		bl	UART_1_PutString
  91              	.LVL12:
  41:Functions.c   ****     UART_1_PutString("v        | Start data visualization in the Bridge Control Panel \r\n");
  92              		.loc 1 41 0
  93 0054 1448     		ldr	r0, .L3+32
  94 0056 FFF7FEFF 		bl	UART_1_PutString
  95              	.LVL13:
  42:Functions.c   ****     UART_1_PutString("-----------------------------------------------------------------------------
  96              		.loc 1 42 0
  97 005a 2046     		mov	r0, r4
  98 005c FFF7FEFF 		bl	UART_1_PutString
  99              	.LVL14:
  43:Functions.c   ****     UART_1_PutString("u        | Stop data visualization in the Bridge Control Panel \r\n");
 100              		.loc 1 43 0
 101 0060 1248     		ldr	r0, .L3+36
 102 0062 FFF7FEFF 		bl	UART_1_PutString
 103              	.LVL15:
  44:Functions.c   ****     UART_1_PutString("-----------------------------------------------------------------------------
 104              		.loc 1 44 0
 105 0066 2046     		mov	r0, r4
 106 0068 FFF7FEFF 		bl	UART_1_PutString
 107              	.LVL16:
  45:Functions.c   ****     UART_1_PutString("t        | Store the temperature data \r\n");
 108              		.loc 1 45 0
 109 006c 1048     		ldr	r0, .L3+40
 110 006e FFF7FEFF 		bl	UART_1_PutString
 111              	.LVL17:
  46:Functions.c   ****     UART_1_PutString("-----------------------------------------------------------------------------
 112              		.loc 1 46 0
 113 0072 2046     		mov	r0, r4
 114 0074 FFF7FEFF 		bl	UART_1_PutString
 115              	.LVL18:
  47:Functions.c   ****     UART_1_PutString("\r\n");
 116              		.loc 1 47 0
 117 0078 2846     		mov	r0, r5
 118 007a FFF7FEFF 		bl	UART_1_PutString
 119              	.LVL19:
  48:Functions.c   ****     UART_1_PutString("*****************************************************************************
 120              		.loc 1 48 0
 121 007e 0D48     		ldr	r0, .L3+44
 122 0080 FFF7FEFF 		bl	UART_1_PutString
 123              	.LVL20:
ARM GAS  C:\Users\Ilaria\AppData\Local\Temp\ccua2TMG.s 			page 4


 124 0084 38BD     		pop	{r3, r4, r5, pc}
 125              	.L4:
 126 0086 00BF     		.align	2
 127              	.L3:
 128 0088 00000000 		.word	.LC0
 129 008c 04000000 		.word	.LC1
 130 0090 64000000 		.word	.LC2
 131 0094 C4000000 		.word	.LC3
 132 0098 EC000000 		.word	.LC4
 133 009c 4C010000 		.word	.LC5
 134 00a0 A8010000 		.word	.LC6
 135 00a4 EC010000 		.word	.LC7
 136 00a8 30020000 		.word	.LC8
 137 00ac 74020000 		.word	.LC9
 138 00b0 B8020000 		.word	.LC10
 139 00b4 E4020000 		.word	.LC11
 140              		.cfi_endproc
 141              	.LFE64:
 142              		.size	show_menu, .-show_menu
 143              		.section	.text.Store_EEPROM,"ax",%progbits
 144              		.align	2
 145              		.global	Store_EEPROM
 146              		.thumb
 147              		.thumb_func
 148              		.type	Store_EEPROM, %function
 149              	Store_EEPROM:
 150              	.LFB65:
  49:Functions.c   ****     
  50:Functions.c   ****     return;
  51:Functions.c   **** }
  52:Functions.c   **** 
  53:Functions.c   **** /*Send data of accelerometer and temperaure to EEPROM */
  54:Functions.c   **** void Store_EEPROM(uint8_t counter, uint8_t* tobepacked, uint8_t* tobesentEEPROM)
  55:Functions.c   **** {
 151              		.loc 1 55 0
 152              		.cfi_startproc
 153              		@ args = 0, pretend = 0, frame = 0
 154              		@ frame_needed = 0, uses_anonymous_args = 0
 155              	.LVL21:
 156 0000 38B5     		push	{r3, r4, r5, lr}
 157              		.cfi_def_cfa_offset 16
 158              		.cfi_offset 3, -16
 159              		.cfi_offset 4, -12
 160              		.cfi_offset 5, -8
 161              		.cfi_offset 14, -4
 162 0002 0B46     		mov	r3, r1
 163 0004 1146     		mov	r1, r2
 164              	.LVL22:
  56:Functions.c   ****     // Store X, Y, Z accelerometer data
  57:Functions.c   ****     tobesentEEPROM[0] = tobepacked[1];
 165              		.loc 1 57 0
 166 0006 5A78     		ldrb	r2, [r3, #1]	@ zero_extendqisi2
 167              	.LVL23:
 168 0008 0A70     		strb	r2, [r1]
  58:Functions.c   ****     tobesentEEPROM[1] = ( tobepacked[0] & 0b1100000 ) | ( tobepacked[3]>>2 );
 169              		.loc 1 58 0
 170 000a 1A78     		ldrb	r2, [r3]	@ zero_extendqisi2
ARM GAS  C:\Users\Ilaria\AppData\Local\Temp\ccua2TMG.s 			page 5


 171 000c DC78     		ldrb	r4, [r3, #3]	@ zero_extendqisi2
 172 000e 02F06002 		and	r2, r2, #96
 173 0012 42EA9402 		orr	r2, r2, r4, lsr #2
 174 0016 4A70     		strb	r2, [r1, #1]
  59:Functions.c   ****     tobesentEEPROM[2] = ((( tobepacked[3]<<6 ) | ( tobepacked[2]>>2 ))& 0b11110000 )| ( tobepacked[
 175              		.loc 1 59 0
 176 0018 DA78     		ldrb	r2, [r3, #3]	@ zero_extendqisi2
 177 001a 9C78     		ldrb	r4, [r3, #2]	@ zero_extendqisi2
 178 001c 5D79     		ldrb	r5, [r3, #5]	@ zero_extendqisi2
 179 001e A408     		lsrs	r4, r4, #2
 180 0020 44EA8212 		orr	r2, r4, r2, lsl #6
 181 0024 22F00F02 		bic	r2, r2, #15
 182 0028 42EA1512 		orr	r2, r2, r5, lsr #4
 183 002c 8A70     		strb	r2, [r1, #2]
  60:Functions.c   ****     tobesentEEPROM[3] = ( tobepacked[5]<<4 ) | ( tobepacked[4]>>6 );
 184              		.loc 1 60 0
 185 002e 5C79     		ldrb	r4, [r3, #5]	@ zero_extendqisi2
 186 0030 1A79     		ldrb	r2, [r3, #4]	@ zero_extendqisi2
 187 0032 9209     		lsrs	r2, r2, #6
 188 0034 42EA0412 		orr	r2, r2, r4, lsl #4
 189 0038 CA70     		strb	r2, [r1, #3]
  61:Functions.c   ****     tobesentEEPROM[4] = tobepacked[6]; // Store MSB of temperature data
 190              		.loc 1 61 0
 191 003a 9A79     		ldrb	r2, [r3, #6]	@ zero_extendqisi2
 192 003c 0A71     		strb	r2, [r1, #4]
  62:Functions.c   ****     tobesentEEPROM[5] = tobepacked[7]; // Store LSB of temperature data
 193              		.loc 1 62 0
 194 003e DB79     		ldrb	r3, [r3, #7]	@ zero_extendqisi2
 195              	.LVL24:
 196 0040 4B71     		strb	r3, [r1, #5]
  63:Functions.c   ****     EEPROM_writePage(counter, (uint8_t*) tobesentEEPROM, DATA_BYTES_EEPROM);
 197              		.loc 1 63 0
 198 0042 0622     		movs	r2, #6
 199 0044 FFF7FEFF 		bl	EEPROM_writePage
 200              	.LVL25:
  64:Functions.c   ****     EEPROM_waitForWriteComplete();
 201              		.loc 1 64 0
 202 0048 FFF7FEFF 		bl	EEPROM_waitForWriteComplete
 203              	.LVL26:
 204 004c 38BD     		pop	{r3, r4, r5, pc}
 205              		.cfi_endproc
 206              	.LFE65:
 207              		.size	Store_EEPROM, .-Store_EEPROM
 208 004e 00BF     		.section	.text.Send_BCP,"ax",%progbits
 209              		.align	2
 210              		.global	Send_BCP
 211              		.thumb
 212              		.thumb_func
 213              		.type	Send_BCP, %function
 214              	Send_BCP:
 215              	.LFB66:
  65:Functions.c   ****     
  66:Functions.c   ****     
  67:Functions.c   **** //    EEPROM_readPage(counter, (uint8_t*) tobesentEEPROM, DATA_BYTES_EEPROM);
  68:Functions.c   **** //    sprintf(bufferUART, "** EEPROM Read = 0x%02x 0x%02x 0x%02x 0x%02x 0x%02x 0x%02x \r\n", tobese
  69:Functions.c   **** //    UART_1_PutBuffer;
  70:Functions.c   ****     
ARM GAS  C:\Users\Ilaria\AppData\Local\Temp\ccua2TMG.s 			page 6


  71:Functions.c   **** }
  72:Functions.c   **** 
  73:Functions.c   **** /*Sed to Bridge control panel*/
  74:Functions.c   **** void Send_BCP(uint8_t counter, uint8_t* tobedepacked, uint8_t* data_BCP)
  75:Functions.c   **** {       
 216              		.loc 1 75 0
 217              		.cfi_startproc
 218              		@ args = 0, pretend = 0, frame = 0
 219              		@ frame_needed = 0, uses_anonymous_args = 0
 220              	.LVL27:
 221 0000 38B5     		push	{r3, r4, r5, lr}
 222              		.cfi_def_cfa_offset 16
 223              		.cfi_offset 3, -16
 224              		.cfi_offset 4, -12
 225              		.cfi_offset 5, -8
 226              		.cfi_offset 14, -4
 227 0002 0D46     		mov	r5, r1
 228 0004 1446     		mov	r4, r2
  76:Functions.c   ****     EEPROM_readPage(counter, (uint8_t*) tobedepacked, DATA_BYTES_EEPROM);
 229              		.loc 1 76 0
 230 0006 0622     		movs	r2, #6
 231              	.LVL28:
 232 0008 FFF7FEFF 		bl	EEPROM_readPage
 233              	.LVL29:
  77:Functions.c   ****     
  78:Functions.c   ****     data_BCP[0] = HEADER; // Headerof buffer to send to Bridge Control Panel
 234              		.loc 1 78 0
 235 000c A023     		movs	r3, #160
 236 000e 2370     		strb	r3, [r4]
  79:Functions.c   ****         
  80:Functions.c   ****     data_BCP[1] = tobedepacked[0]; 
 237              		.loc 1 80 0
 238 0010 2B78     		ldrb	r3, [r5]	@ zero_extendqisi2
 239 0012 6370     		strb	r3, [r4, #1]
  81:Functions.c   ****     data_BCP[2] = tobedepacked[1] & 0b11000000;
 240              		.loc 1 81 0
 241 0014 6B78     		ldrb	r3, [r5, #1]	@ zero_extendqisi2
 242 0016 23F03F03 		bic	r3, r3, #63
 243 001a A370     		strb	r3, [r4, #2]
  82:Functions.c   ****     data_BCP[3] = ( tobedepacked[1] << 2 ) | ( tobedepacked[2] >> 6 );  
 244              		.loc 1 82 0
 245 001c 6A78     		ldrb	r2, [r5, #1]	@ zero_extendqisi2
 246 001e AB78     		ldrb	r3, [r5, #2]	@ zero_extendqisi2
 247 0020 9B09     		lsrs	r3, r3, #6
 248 0022 43EA8203 		orr	r3, r3, r2, lsl #2
 249 0026 E370     		strb	r3, [r4, #3]
  83:Functions.c   ****     data_BCP[4] = ( tobedepacked[2] << 2 ) & 0b11000000; 
 250              		.loc 1 83 0
 251 0028 AB78     		ldrb	r3, [r5, #2]	@ zero_extendqisi2
 252 002a 9B00     		lsls	r3, r3, #2
 253 002c 23F03F03 		bic	r3, r3, #63
 254 0030 2371     		strb	r3, [r4, #4]
  84:Functions.c   ****     data_BCP[5] = ( tobedepacked[2] << 4 ) | ((tobedepacked[3] >> 4 ) & (0b00001111));
 255              		.loc 1 84 0
 256 0032 AA78     		ldrb	r2, [r5, #2]	@ zero_extendqisi2
 257 0034 EB78     		ldrb	r3, [r5, #3]	@ zero_extendqisi2
 258 0036 1B09     		lsrs	r3, r3, #4
ARM GAS  C:\Users\Ilaria\AppData\Local\Temp\ccua2TMG.s 			page 7


 259 0038 43EA0213 		orr	r3, r3, r2, lsl #4
 260 003c 6371     		strb	r3, [r4, #5]
  85:Functions.c   ****     data_BCP[6] = ( tobedepacked[3] << 4 ) & 11110000;
 261              		.loc 1 85 0
 262 003e EB78     		ldrb	r3, [r5, #3]	@ zero_extendqisi2
 263 0040 1B01     		lsls	r3, r3, #4
 264 0042 03F07003 		and	r3, r3, #112
 265 0046 A371     		strb	r3, [r4, #6]
  86:Functions.c   ****     
  87:Functions.c   ****     data_BCP[7] = 0;//tobedepacked[4]; //MSB of temperature data
 266              		.loc 1 87 0
 267 0048 0023     		movs	r3, #0
 268 004a E371     		strb	r3, [r4, #7]
  88:Functions.c   ****     data_BCP[8] = 0;//tobedepacked[5]; //LSB of temperature data
 269              		.loc 1 88 0
 270 004c 2372     		strb	r3, [r4, #8]
  89:Functions.c   ****     
  90:Functions.c   ****     data_BCP[9] = TAIL; // Tail of buffer to send to Bridge Control Panel
 271              		.loc 1 90 0
 272 004e C023     		movs	r3, #192
 273 0050 6372     		strb	r3, [r4, #9]
 274 0052 38BD     		pop	{r3, r4, r5, pc}
 275              		.cfi_endproc
 276              	.LFE66:
 277              		.size	Send_BCP, .-Send_BCP
 278              		.section	.text.Config_acc,"ax",%progbits
 279              		.align	2
 280              		.global	Config_acc
 281              		.thumb
 282              		.thumb_func
 283              		.type	Config_acc, %function
 284              	Config_acc:
 285              	.LFB67:
  91:Functions.c   ****     
  92:Functions.c   **** //    UART_1_PutArray(data_BCP, TRANSMIT_BUFFER_SIZE);
  93:Functions.c   **** 
  94:Functions.c   **** }
  95:Functions.c   **** 
  96:Functions.c   **** 
  97:Functions.c   **** 
  98:Functions.c   **** /*Set ACCELEROMETER*/
  99:Functions.c   **** void Config_acc( uint8_t counter, uint8_t config, uint16_t address)
 100:Functions.c   **** {
 286              		.loc 1 100 0
 287              		.cfi_startproc
 288              		@ args = 0, pretend = 0, frame = 0
 289              		@ frame_needed = 0, uses_anonymous_args = 0
 290              	.LVL30:
 291 0000 38B5     		push	{r3, r4, r5, lr}
 292              		.cfi_def_cfa_offset 16
 293              		.cfi_offset 3, -16
 294              		.cfi_offset 4, -12
 295              		.cfi_offset 5, -8
 296              		.cfi_offset 14, -4
 297 0002 0D46     		mov	r5, r1
 298 0004 1446     		mov	r4, r2
 299              	.LVL31:
ARM GAS  C:\Users\Ilaria\AppData\Local\Temp\ccua2TMG.s 			page 8


 101:Functions.c   ****     int i = 0;
 102:Functions.c   ****     uint8_t zero_array[64] = {0};
 103:Functions.c   ****     
 104:Functions.c   **** //    for (i=0 ; i<counter - FIRST_DATA_ADDR; i+=64)
 105:Functions.c   **** //    {
 106:Functions.c   **** //        EEPROM_writePage((FIRST_DATA_ADDR), (uint8_t*) zero_array, MAX_BYTE_PAGE);
 107:Functions.c   **** //        EEPROM_waitForWriteComplete();
 108:Functions.c   **** //        UART_1_PutString("ERASE COMPLETED \r\n");
 109:Functions.c   **** //    }
 110:Functions.c   ****     // reset counter stooring data
 111:Functions.c   ****     
 112:Functions.c   ****     counter=FIRST_DATA_ADDR;
 113:Functions.c   ****     EEPROM_writeByte(COUNTER_AD, counter);
 300              		.loc 1 113 0
 301 0006 0421     		movs	r1, #4
 302              	.LVL32:
 303 0008 0320     		movs	r0, #3
 304 000a FFF7FEFF 		bl	EEPROM_writeByte
 305              	.LVL33:
 114:Functions.c   ****     EEPROM_waitForWriteComplete();   
 306              		.loc 1 114 0
 307 000e FFF7FEFF 		bl	EEPROM_waitForWriteComplete
 308              	.LVL34:
 115:Functions.c   ****     EEPROM_writeByte(address, config);
 309              		.loc 1 115 0
 310 0012 2946     		mov	r1, r5
 311 0014 2046     		mov	r0, r4
 312 0016 FFF7FEFF 		bl	EEPROM_writeByte
 313              	.LVL35:
 116:Functions.c   ****     EEPROM_waitForWriteComplete();
 314              		.loc 1 116 0
 315 001a FFF7FEFF 		bl	EEPROM_waitForWriteComplete
 316              	.LVL36:
 117:Functions.c   ****     
 118:Functions.c   ****     UART_1_PutString("New configuration set: 0x02X \r\n");
 317              		.loc 1 118 0
 318 001e 0248     		ldr	r0, .L11
 319 0020 FFF7FEFF 		bl	UART_1_PutString
 320              	.LVL37:
 321 0024 38BD     		pop	{r3, r4, r5, pc}
 322              	.L12:
 323 0026 00BF     		.align	2
 324              	.L11:
 325 0028 44030000 		.word	.LC12
 326              		.cfi_endproc
 327              	.LFE67:
 328              		.size	Config_acc, .-Config_acc
 329              		.comm	fifo_src_reg,1,1
 330              		.comm	counter,2,2
 331              		.comm	data_BCP,10,4
 332              		.comm	data_EE,6,4
 333              		.comm	datiAcc,8,4
 334              		.comm	count_wtm,4,4
 335              		.comm	value_temp,4,4
 336              		.comm	DataBuffer,10,4
 337              		.comm	SamplingFreqFlag,1,1
 338              		.comm	FSRFlag,1,1
ARM GAS  C:\Users\Ilaria\AppData\Local\Temp\ccua2TMG.s 			page 9


 339              		.comm	StartFlag,1,1
 340              		.comm	PacketReadyFlag,1,1
 341              		.comm	bufferUART,100,4
 342              		.section	.rodata.str1.4,"aMS",%progbits,1
 343              		.align	2
 344              	.LC0:
 345 0000 0D0A00   		.ascii	"\015\012\000"
 346 0003 00       		.space	1
 347              	.LC1:
 348 0004 2A2A2A2A 		.ascii	"*************************************** MENU' *****"
 348      2A2A2A2A 
 348      2A2A2A2A 
 348      2A2A2A2A 
 348      2A2A2A2A 
 349 0037 2A2A2A2A 		.ascii	"***************************************\015\012\000"
 349      2A2A2A2A 
 349      2A2A2A2A 
 349      2A2A2A2A 
 349      2A2A2A2A 
 350 0061 000000   		.space	3
 351              	.LC2:
 352 0064 2D2D2D2D 		.ascii	"---------------------------------------------------"
 352      2D2D2D2D 
 352      2D2D2D2D 
 352      2D2D2D2D 
 352      2D2D2D2D 
 353 0097 2D2D2D2D 		.ascii	"---------------------------------------\015\012\000"
 353      2D2D2D2D 
 353      2D2D2D2D 
 353      2D2D2D2D 
 353      2D2D2D2D 
 354 00c1 000000   		.space	3
 355              	.LC3:
 356 00c4 436F6D6D 		.ascii	"Command  | Result                  \015\012\000"
 356      616E6420 
 356      207C2052 
 356      6573756C 
 356      74202020 
 357 00ea 0000     		.space	2
 358              	.LC4:
 359 00ec 62202020 		.ascii	"b        | Start data acquisition from the accelero"
 359      20202020 
 359      207C2053 
 359      74617274 
 359      20646174 
 360 011f 6D657465 		.ascii	"meter and storage on the EEPROM memory \015\012\000"
 360      7220616E 
 360      64207374 
 360      6F726167 
 360      65206F6E 
 361 0149 000000   		.space	3
 362              	.LC5:
 363 014c 73202020 		.ascii	"s        | Stop data acquisition from the accelerom"
 363      20202020 
 363      207C2053 
 363      746F7020 
 363      64617461 
ARM GAS  C:\Users\Ilaria\AppData\Local\Temp\ccua2TMG.s 			page 10


 364 017f 65746572 		.ascii	"eter and storage on the EEPROM memory \015\012\000"
 364      20616E64 
 364      2073746F 
 364      72616765 
 364      206F6E20 
 365              	.LC6:
 366 01a8 66202020 		.ascii	"f        | Configuration of the accelerometer full "
 366      20202020 
 366      207C2043 
 366      6F6E6669 
 366      67757261 
 367 01db 7363616C 		.ascii	"scale range \015\012\000"
 367      65207261 
 367      6E676520 
 367      0D0A00
 368 01ea 0000     		.space	2
 369              	.LC7:
 370 01ec 70202020 		.ascii	"p        | Configuration of the accelerometer sampl"
 370      20202020 
 370      207C2043 
 370      6F6E6669 
 370      67757261 
 371 021f 696E6720 		.ascii	"ing frequency \015\012\000"
 371      66726571 
 371      75656E63 
 371      79200D0A 
 371      00
 372              	.LC8:
 373 0230 76202020 		.ascii	"v        | Start data visualization in the Bridge C"
 373      20202020 
 373      207C2053 
 373      74617274 
 373      20646174 
 374 0263 6F6E7472 		.ascii	"ontrol Panel \015\012\000"
 374      6F6C2050 
 374      616E656C 
 374      200D0A00 
 375 0273 00       		.space	1
 376              	.LC9:
 377 0274 75202020 		.ascii	"u        | Stop data visualization in the Bridge Co"
 377      20202020 
 377      207C2053 
 377      746F7020 
 377      64617461 
 378 02a7 6E74726F 		.ascii	"ntrol Panel \015\012\000"
 378      6C205061 
 378      6E656C20 
 378      0D0A00
 379 02b6 0000     		.space	2
 380              	.LC10:
 381 02b8 74202020 		.ascii	"t        | Store the temperature data \015\012\000"
 381      20202020 
 381      207C2053 
 381      746F7265 
 381      20746865 
 382 02e1 000000   		.space	3
 383              	.LC11:
ARM GAS  C:\Users\Ilaria\AppData\Local\Temp\ccua2TMG.s 			page 11


 384 02e4 2A2A2A2A 		.ascii	"***************************************************"
 384      2A2A2A2A 
 384      2A2A2A2A 
 384      2A2A2A2A 
 384      2A2A2A2A 
 385 0317 2A2A2A2A 		.ascii	"****************************************\015\012\000"
 385      2A2A2A2A 
 385      2A2A2A2A 
 385      2A2A2A2A 
 385      2A2A2A2A 
 386 0342 0000     		.space	2
 387              	.LC12:
 388 0344 4E657720 		.ascii	"New configuration set: 0x02X \015\012\000"
 388      636F6E66 
 388      69677572 
 388      6174696F 
 388      6E207365 
 389              		.text
 390              	.Letext0:
 391              		.file 2 "c:\\program files (x86)\\cypress\\psoc creator\\4.3\\psoc creator\\import\\gnu\\arm\\5.4.
 392              		.file 3 "c:\\program files (x86)\\cypress\\psoc creator\\4.3\\psoc creator\\import\\gnu\\arm\\5.4.
 393              		.file 4 "Generated_Source\\PSoC5/cytypes.h"
 394              		.file 5 "header.h"
 395              		.file 6 "Generated_Source\\PSoC5/core_cm3.h"
 396              		.file 7 "InterruptRoutines.h"
 397              		.file 8 "Generated_Source\\PSoC5/UART_1.h"
 398              		.file 9 "25LC256.h"
 399              		.section	.debug_info,"",%progbits
 400              	.Ldebug_info0:
 401 0000 CD050000 		.4byte	0x5cd
 402 0004 0400     		.2byte	0x4
 403 0006 00000000 		.4byte	.Ldebug_abbrev0
 404 000a 04       		.byte	0x4
 405 000b 01       		.uleb128 0x1
 406 000c 99010000 		.4byte	.LASF48
 407 0010 0C       		.byte	0xc
 408 0011 45010000 		.4byte	.LASF49
 409 0015 30000000 		.4byte	.LASF50
 410 0019 00000000 		.4byte	.Ldebug_ranges0+0
 411 001d 00000000 		.4byte	0
 412 0021 00000000 		.4byte	.Ldebug_line0
 413 0025 02       		.uleb128 0x2
 414 0026 01       		.byte	0x1
 415 0027 06       		.byte	0x6
 416 0028 E4020000 		.4byte	.LASF0
 417 002c 03       		.uleb128 0x3
 418 002d 1C000000 		.4byte	.LASF3
 419 0031 02       		.byte	0x2
 420 0032 1D       		.byte	0x1d
 421 0033 37000000 		.4byte	0x37
 422 0037 02       		.uleb128 0x2
 423 0038 01       		.byte	0x1
 424 0039 08       		.byte	0x8
 425 003a CF000000 		.4byte	.LASF1
 426 003e 02       		.uleb128 0x2
 427 003f 02       		.byte	0x2
 428 0040 05       		.byte	0x5
ARM GAS  C:\Users\Ilaria\AppData\Local\Temp\ccua2TMG.s 			page 12


 429 0041 83020000 		.4byte	.LASF2
 430 0045 03       		.uleb128 0x3
 431 0046 33010000 		.4byte	.LASF4
 432 004a 02       		.byte	0x2
 433 004b 2B       		.byte	0x2b
 434 004c 50000000 		.4byte	0x50
 435 0050 02       		.uleb128 0x2
 436 0051 02       		.byte	0x2
 437 0052 07       		.byte	0x7
 438 0053 F9000000 		.4byte	.LASF5
 439 0057 03       		.uleb128 0x3
 440 0058 26000000 		.4byte	.LASF6
 441 005c 02       		.byte	0x2
 442 005d 3F       		.byte	0x3f
 443 005e 62000000 		.4byte	0x62
 444 0062 02       		.uleb128 0x2
 445 0063 04       		.byte	0x4
 446 0064 05       		.byte	0x5
 447 0065 C4020000 		.4byte	.LASF7
 448 0069 02       		.uleb128 0x2
 449 006a 04       		.byte	0x4
 450 006b 07       		.byte	0x7
 451 006c E7000000 		.4byte	.LASF8
 452 0070 02       		.uleb128 0x2
 453 0071 08       		.byte	0x8
 454 0072 05       		.byte	0x5
 455 0073 59020000 		.4byte	.LASF9
 456 0077 02       		.uleb128 0x2
 457 0078 08       		.byte	0x8
 458 0079 07       		.byte	0x7
 459 007a 6F010000 		.4byte	.LASF10
 460 007e 04       		.uleb128 0x4
 461 007f 04       		.byte	0x4
 462 0080 05       		.byte	0x5
 463 0081 696E7400 		.ascii	"int\000"
 464 0085 02       		.uleb128 0x2
 465 0086 04       		.byte	0x4
 466 0087 07       		.byte	0x7
 467 0088 5A010000 		.4byte	.LASF11
 468 008c 03       		.uleb128 0x3
 469 008d 86010000 		.4byte	.LASF12
 470 0091 03       		.byte	0x3
 471 0092 18       		.byte	0x18
 472 0093 2C000000 		.4byte	0x2c
 473 0097 03       		.uleb128 0x3
 474 0098 AE020000 		.4byte	.LASF13
 475 009c 03       		.byte	0x3
 476 009d 24       		.byte	0x24
 477 009e 45000000 		.4byte	0x45
 478 00a2 03       		.uleb128 0x3
 479 00a3 A8000000 		.4byte	.LASF14
 480 00a7 03       		.byte	0x3
 481 00a8 2C       		.byte	0x2c
 482 00a9 57000000 		.4byte	0x57
 483 00ad 05       		.uleb128 0x5
 484 00ae C9000000 		.4byte	.LASF15
 485 00b2 04       		.byte	0x4
ARM GAS  C:\Users\Ilaria\AppData\Local\Temp\ccua2TMG.s 			page 13


 486 00b3 E401     		.2byte	0x1e4
 487 00b5 37000000 		.4byte	0x37
 488 00b9 02       		.uleb128 0x2
 489 00ba 04       		.byte	0x4
 490 00bb 04       		.byte	0x4
 491 00bc BB000000 		.4byte	.LASF16
 492 00c0 02       		.uleb128 0x2
 493 00c1 08       		.byte	0x8
 494 00c2 04       		.byte	0x4
 495 00c3 3E010000 		.4byte	.LASF17
 496 00c7 02       		.uleb128 0x2
 497 00c8 01       		.byte	0x1
 498 00c9 08       		.byte	0x8
 499 00ca 67020000 		.4byte	.LASF18
 500 00ce 06       		.uleb128 0x6
 501 00cf AD000000 		.4byte	0xad
 502 00d3 02       		.uleb128 0x2
 503 00d4 08       		.byte	0x8
 504 00d5 04       		.byte	0x4
 505 00d6 D8020000 		.4byte	.LASF19
 506 00da 02       		.uleb128 0x2
 507 00db 04       		.byte	0x4
 508 00dc 07       		.byte	0x7
 509 00dd 50020000 		.4byte	.LASF20
 510 00e1 06       		.uleb128 0x6
 511 00e2 8C000000 		.4byte	0x8c
 512 00e6 06       		.uleb128 0x6
 513 00e7 97000000 		.4byte	0x97
 514 00eb 07       		.uleb128 0x7
 515 00ec DD000000 		.4byte	.LASF51
 516 00f0 01       		.byte	0x1
 517 00f1 19       		.byte	0x19
 518 00f2 00000000 		.4byte	.LFB64
 519 00f6 B8000000 		.4byte	.LFE64-.LFB64
 520 00fa 01       		.uleb128 0x1
 521 00fb 9C       		.byte	0x9c
 522 00fc BF020000 		.4byte	0x2bf
 523 0100 08       		.uleb128 0x8
 524 0101 0A000000 		.4byte	.LVL0
 525 0105 99050000 		.4byte	0x599
 526 0109 14010000 		.4byte	0x114
 527 010d 09       		.uleb128 0x9
 528 010e 01       		.uleb128 0x1
 529 010f 50       		.byte	0x50
 530 0110 02       		.uleb128 0x2
 531 0111 75       		.byte	0x75
 532 0112 00       		.sleb128 0
 533 0113 00       		.byte	0
 534 0114 08       		.uleb128 0x8
 535 0115 10000000 		.4byte	.LVL1
 536 0119 99050000 		.4byte	0x599
 537 011d 2B010000 		.4byte	0x12b
 538 0121 09       		.uleb128 0x9
 539 0122 01       		.uleb128 0x1
 540 0123 50       		.byte	0x50
 541 0124 05       		.uleb128 0x5
 542 0125 03       		.byte	0x3
ARM GAS  C:\Users\Ilaria\AppData\Local\Temp\ccua2TMG.s 			page 14


 543 0126 04000000 		.4byte	.LC1
 544 012a 00       		.byte	0
 545 012b 08       		.uleb128 0x8
 546 012c 18000000 		.4byte	.LVL2
 547 0130 99050000 		.4byte	0x599
 548 0134 3F010000 		.4byte	0x13f
 549 0138 09       		.uleb128 0x9
 550 0139 01       		.uleb128 0x1
 551 013a 50       		.byte	0x50
 552 013b 02       		.uleb128 0x2
 553 013c 74       		.byte	0x74
 554 013d 00       		.sleb128 0
 555 013e 00       		.byte	0
 556 013f 08       		.uleb128 0x8
 557 0140 1E000000 		.4byte	.LVL3
 558 0144 99050000 		.4byte	0x599
 559 0148 56010000 		.4byte	0x156
 560 014c 09       		.uleb128 0x9
 561 014d 01       		.uleb128 0x1
 562 014e 50       		.byte	0x50
 563 014f 05       		.uleb128 0x5
 564 0150 03       		.byte	0x3
 565 0151 C4000000 		.4byte	.LC3
 566 0155 00       		.byte	0
 567 0156 08       		.uleb128 0x8
 568 0157 24000000 		.4byte	.LVL4
 569 015b 99050000 		.4byte	0x599
 570 015f 6A010000 		.4byte	0x16a
 571 0163 09       		.uleb128 0x9
 572 0164 01       		.uleb128 0x1
 573 0165 50       		.byte	0x50
 574 0166 02       		.uleb128 0x2
 575 0167 74       		.byte	0x74
 576 0168 00       		.sleb128 0
 577 0169 00       		.byte	0
 578 016a 08       		.uleb128 0x8
 579 016b 2A000000 		.4byte	.LVL5
 580 016f 99050000 		.4byte	0x599
 581 0173 81010000 		.4byte	0x181
 582 0177 09       		.uleb128 0x9
 583 0178 01       		.uleb128 0x1
 584 0179 50       		.byte	0x50
 585 017a 05       		.uleb128 0x5
 586 017b 03       		.byte	0x3
 587 017c EC000000 		.4byte	.LC4
 588 0180 00       		.byte	0
 589 0181 08       		.uleb128 0x8
 590 0182 30000000 		.4byte	.LVL6
 591 0186 99050000 		.4byte	0x599
 592 018a 95010000 		.4byte	0x195
 593 018e 09       		.uleb128 0x9
 594 018f 01       		.uleb128 0x1
 595 0190 50       		.byte	0x50
 596 0191 02       		.uleb128 0x2
 597 0192 74       		.byte	0x74
 598 0193 00       		.sleb128 0
 599 0194 00       		.byte	0
ARM GAS  C:\Users\Ilaria\AppData\Local\Temp\ccua2TMG.s 			page 15


 600 0195 08       		.uleb128 0x8
 601 0196 36000000 		.4byte	.LVL7
 602 019a 99050000 		.4byte	0x599
 603 019e AC010000 		.4byte	0x1ac
 604 01a2 09       		.uleb128 0x9
 605 01a3 01       		.uleb128 0x1
 606 01a4 50       		.byte	0x50
 607 01a5 05       		.uleb128 0x5
 608 01a6 03       		.byte	0x3
 609 01a7 4C010000 		.4byte	.LC5
 610 01ab 00       		.byte	0
 611 01ac 08       		.uleb128 0x8
 612 01ad 3C000000 		.4byte	.LVL8
 613 01b1 99050000 		.4byte	0x599
 614 01b5 C0010000 		.4byte	0x1c0
 615 01b9 09       		.uleb128 0x9
 616 01ba 01       		.uleb128 0x1
 617 01bb 50       		.byte	0x50
 618 01bc 02       		.uleb128 0x2
 619 01bd 74       		.byte	0x74
 620 01be 00       		.sleb128 0
 621 01bf 00       		.byte	0
 622 01c0 08       		.uleb128 0x8
 623 01c1 42000000 		.4byte	.LVL9
 624 01c5 99050000 		.4byte	0x599
 625 01c9 D7010000 		.4byte	0x1d7
 626 01cd 09       		.uleb128 0x9
 627 01ce 01       		.uleb128 0x1
 628 01cf 50       		.byte	0x50
 629 01d0 05       		.uleb128 0x5
 630 01d1 03       		.byte	0x3
 631 01d2 A8010000 		.4byte	.LC6
 632 01d6 00       		.byte	0
 633 01d7 08       		.uleb128 0x8
 634 01d8 48000000 		.4byte	.LVL10
 635 01dc 99050000 		.4byte	0x599
 636 01e0 EB010000 		.4byte	0x1eb
 637 01e4 09       		.uleb128 0x9
 638 01e5 01       		.uleb128 0x1
 639 01e6 50       		.byte	0x50
 640 01e7 02       		.uleb128 0x2
 641 01e8 74       		.byte	0x74
 642 01e9 00       		.sleb128 0
 643 01ea 00       		.byte	0
 644 01eb 08       		.uleb128 0x8
 645 01ec 4E000000 		.4byte	.LVL11
 646 01f0 99050000 		.4byte	0x599
 647 01f4 02020000 		.4byte	0x202
 648 01f8 09       		.uleb128 0x9
 649 01f9 01       		.uleb128 0x1
 650 01fa 50       		.byte	0x50
 651 01fb 05       		.uleb128 0x5
 652 01fc 03       		.byte	0x3
 653 01fd EC010000 		.4byte	.LC7
 654 0201 00       		.byte	0
 655 0202 08       		.uleb128 0x8
 656 0203 54000000 		.4byte	.LVL12
ARM GAS  C:\Users\Ilaria\AppData\Local\Temp\ccua2TMG.s 			page 16


 657 0207 99050000 		.4byte	0x599
 658 020b 16020000 		.4byte	0x216
 659 020f 09       		.uleb128 0x9
 660 0210 01       		.uleb128 0x1
 661 0211 50       		.byte	0x50
 662 0212 02       		.uleb128 0x2
 663 0213 74       		.byte	0x74
 664 0214 00       		.sleb128 0
 665 0215 00       		.byte	0
 666 0216 08       		.uleb128 0x8
 667 0217 5A000000 		.4byte	.LVL13
 668 021b 99050000 		.4byte	0x599
 669 021f 2D020000 		.4byte	0x22d
 670 0223 09       		.uleb128 0x9
 671 0224 01       		.uleb128 0x1
 672 0225 50       		.byte	0x50
 673 0226 05       		.uleb128 0x5
 674 0227 03       		.byte	0x3
 675 0228 30020000 		.4byte	.LC8
 676 022c 00       		.byte	0
 677 022d 08       		.uleb128 0x8
 678 022e 60000000 		.4byte	.LVL14
 679 0232 99050000 		.4byte	0x599
 680 0236 41020000 		.4byte	0x241
 681 023a 09       		.uleb128 0x9
 682 023b 01       		.uleb128 0x1
 683 023c 50       		.byte	0x50
 684 023d 02       		.uleb128 0x2
 685 023e 74       		.byte	0x74
 686 023f 00       		.sleb128 0
 687 0240 00       		.byte	0
 688 0241 08       		.uleb128 0x8
 689 0242 66000000 		.4byte	.LVL15
 690 0246 99050000 		.4byte	0x599
 691 024a 58020000 		.4byte	0x258
 692 024e 09       		.uleb128 0x9
 693 024f 01       		.uleb128 0x1
 694 0250 50       		.byte	0x50
 695 0251 05       		.uleb128 0x5
 696 0252 03       		.byte	0x3
 697 0253 74020000 		.4byte	.LC9
 698 0257 00       		.byte	0
 699 0258 08       		.uleb128 0x8
 700 0259 6C000000 		.4byte	.LVL16
 701 025d 99050000 		.4byte	0x599
 702 0261 6C020000 		.4byte	0x26c
 703 0265 09       		.uleb128 0x9
 704 0266 01       		.uleb128 0x1
 705 0267 50       		.byte	0x50
 706 0268 02       		.uleb128 0x2
 707 0269 74       		.byte	0x74
 708 026a 00       		.sleb128 0
 709 026b 00       		.byte	0
 710 026c 08       		.uleb128 0x8
 711 026d 72000000 		.4byte	.LVL17
 712 0271 99050000 		.4byte	0x599
 713 0275 83020000 		.4byte	0x283
ARM GAS  C:\Users\Ilaria\AppData\Local\Temp\ccua2TMG.s 			page 17


 714 0279 09       		.uleb128 0x9
 715 027a 01       		.uleb128 0x1
 716 027b 50       		.byte	0x50
 717 027c 05       		.uleb128 0x5
 718 027d 03       		.byte	0x3
 719 027e B8020000 		.4byte	.LC10
 720 0282 00       		.byte	0
 721 0283 08       		.uleb128 0x8
 722 0284 78000000 		.4byte	.LVL18
 723 0288 99050000 		.4byte	0x599
 724 028c 97020000 		.4byte	0x297
 725 0290 09       		.uleb128 0x9
 726 0291 01       		.uleb128 0x1
 727 0292 50       		.byte	0x50
 728 0293 02       		.uleb128 0x2
 729 0294 74       		.byte	0x74
 730 0295 00       		.sleb128 0
 731 0296 00       		.byte	0
 732 0297 08       		.uleb128 0x8
 733 0298 7E000000 		.4byte	.LVL19
 734 029c 99050000 		.4byte	0x599
 735 02a0 AB020000 		.4byte	0x2ab
 736 02a4 09       		.uleb128 0x9
 737 02a5 01       		.uleb128 0x1
 738 02a6 50       		.byte	0x50
 739 02a7 02       		.uleb128 0x2
 740 02a8 75       		.byte	0x75
 741 02a9 00       		.sleb128 0
 742 02aa 00       		.byte	0
 743 02ab 0A       		.uleb128 0xa
 744 02ac 84000000 		.4byte	.LVL20
 745 02b0 99050000 		.4byte	0x599
 746 02b4 09       		.uleb128 0x9
 747 02b5 01       		.uleb128 0x1
 748 02b6 50       		.byte	0x50
 749 02b7 05       		.uleb128 0x5
 750 02b8 03       		.byte	0x3
 751 02b9 E4020000 		.4byte	.LC11
 752 02bd 00       		.byte	0
 753 02be 00       		.byte	0
 754 02bf 0B       		.uleb128 0xb
 755 02c0 43020000 		.4byte	.LASF24
 756 02c4 01       		.byte	0x1
 757 02c5 36       		.byte	0x36
 758 02c6 00000000 		.4byte	.LFB65
 759 02ca 4E000000 		.4byte	.LFE65-.LFB65
 760 02ce 01       		.uleb128 0x1
 761 02cf 9C       		.byte	0x9c
 762 02d0 25030000 		.4byte	0x325
 763 02d4 0C       		.uleb128 0xc
 764 02d5 C1000000 		.4byte	.LASF21
 765 02d9 01       		.byte	0x1
 766 02da 36       		.byte	0x36
 767 02db 8C000000 		.4byte	0x8c
 768 02df 00000000 		.4byte	.LLST0
 769 02e3 0C       		.uleb128 0xc
 770 02e4 00000000 		.4byte	.LASF22
ARM GAS  C:\Users\Ilaria\AppData\Local\Temp\ccua2TMG.s 			page 18


 771 02e8 01       		.byte	0x1
 772 02e9 36       		.byte	0x36
 773 02ea 25030000 		.4byte	0x325
 774 02ee 21000000 		.4byte	.LLST1
 775 02f2 0C       		.uleb128 0xc
 776 02f3 6C020000 		.4byte	.LASF23
 777 02f7 01       		.byte	0x1
 778 02f8 36       		.byte	0x36
 779 02f9 25030000 		.4byte	0x325
 780 02fd 4D000000 		.4byte	.LLST2
 781 0301 08       		.uleb128 0x8
 782 0302 48000000 		.4byte	.LVL25
 783 0306 A4050000 		.4byte	0x5a4
 784 030a 1B030000 		.4byte	0x31b
 785 030e 09       		.uleb128 0x9
 786 030f 01       		.uleb128 0x1
 787 0310 51       		.byte	0x51
 788 0311 03       		.uleb128 0x3
 789 0312 F3       		.byte	0xf3
 790 0313 01       		.uleb128 0x1
 791 0314 52       		.byte	0x52
 792 0315 09       		.uleb128 0x9
 793 0316 01       		.uleb128 0x1
 794 0317 52       		.byte	0x52
 795 0318 01       		.uleb128 0x1
 796 0319 36       		.byte	0x36
 797 031a 00       		.byte	0
 798 031b 0D       		.uleb128 0xd
 799 031c 4C000000 		.4byte	.LVL26
 800 0320 AF050000 		.4byte	0x5af
 801 0324 00       		.byte	0
 802 0325 0E       		.uleb128 0xe
 803 0326 04       		.byte	0x4
 804 0327 8C000000 		.4byte	0x8c
 805 032b 0B       		.uleb128 0xb
 806 032c 1C030000 		.4byte	.LASF25
 807 0330 01       		.byte	0x1
 808 0331 4A       		.byte	0x4a
 809 0332 00000000 		.4byte	.LFB66
 810 0336 54000000 		.4byte	.LFE66-.LFB66
 811 033a 01       		.uleb128 0x1
 812 033b 9C       		.byte	0x9c
 813 033c 83030000 		.4byte	0x383
 814 0340 0C       		.uleb128 0xc
 815 0341 C1000000 		.4byte	.LASF21
 816 0345 01       		.byte	0x1
 817 0346 4A       		.byte	0x4a
 818 0347 8C000000 		.4byte	0x8c
 819 034b 79000000 		.4byte	.LLST3
 820 034f 0C       		.uleb128 0xc
 821 0350 81000000 		.4byte	.LASF26
 822 0354 01       		.byte	0x1
 823 0355 4A       		.byte	0x4a
 824 0356 25030000 		.4byte	0x325
 825 035a 9A000000 		.4byte	.LLST4
 826 035e 0C       		.uleb128 0xc
 827 035f 51010000 		.4byte	.LASF27
ARM GAS  C:\Users\Ilaria\AppData\Local\Temp\ccua2TMG.s 			page 19


 828 0363 01       		.byte	0x1
 829 0364 4A       		.byte	0x4a
 830 0365 25030000 		.4byte	0x325
 831 0369 B8000000 		.4byte	.LLST5
 832 036d 0A       		.uleb128 0xa
 833 036e 0C000000 		.4byte	.LVL29
 834 0372 BA050000 		.4byte	0x5ba
 835 0376 09       		.uleb128 0x9
 836 0377 01       		.uleb128 0x1
 837 0378 51       		.byte	0x51
 838 0379 02       		.uleb128 0x2
 839 037a 75       		.byte	0x75
 840 037b 00       		.sleb128 0
 841 037c 09       		.uleb128 0x9
 842 037d 01       		.uleb128 0x1
 843 037e 52       		.byte	0x52
 844 037f 01       		.uleb128 0x1
 845 0380 36       		.byte	0x36
 846 0381 00       		.byte	0
 847 0382 00       		.byte	0
 848 0383 0B       		.uleb128 0xb
 849 0384 B0000000 		.4byte	.LASF28
 850 0388 01       		.byte	0x1
 851 0389 63       		.byte	0x63
 852 038a 00000000 		.4byte	.LFB67
 853 038e 2C000000 		.4byte	.LFE67-.LFB67
 854 0392 01       		.uleb128 0x1
 855 0393 9C       		.byte	0x9c
 856 0394 32040000 		.4byte	0x432
 857 0398 0C       		.uleb128 0xc
 858 0399 C1000000 		.4byte	.LASF21
 859 039d 01       		.byte	0x1
 860 039e 63       		.byte	0x63
 861 039f 8C000000 		.4byte	0x8c
 862 03a3 D6000000 		.4byte	.LLST6
 863 03a7 0C       		.uleb128 0xc
 864 03a8 21010000 		.4byte	.LASF29
 865 03ac 01       		.byte	0x1
 866 03ad 63       		.byte	0x63
 867 03ae 8C000000 		.4byte	0x8c
 868 03b2 F5000000 		.4byte	.LLST7
 869 03b6 0C       		.uleb128 0xc
 870 03b7 67010000 		.4byte	.LASF30
 871 03bb 01       		.byte	0x1
 872 03bc 63       		.byte	0x63
 873 03bd 97000000 		.4byte	0x97
 874 03c1 16010000 		.4byte	.LLST8
 875 03c5 0F       		.uleb128 0xf
 876 03c6 6900     		.ascii	"i\000"
 877 03c8 01       		.byte	0x1
 878 03c9 65       		.byte	0x65
 879 03ca 7E000000 		.4byte	0x7e
 880 03ce 00       		.byte	0
 881 03cf 10       		.uleb128 0x10
 882 03d0 28010000 		.4byte	.LASF52
 883 03d4 01       		.byte	0x1
 884 03d5 66       		.byte	0x66
ARM GAS  C:\Users\Ilaria\AppData\Local\Temp\ccua2TMG.s 			page 20


 885 03d6 32040000 		.4byte	0x432
 886 03da 08       		.uleb128 0x8
 887 03db 0E000000 		.4byte	.LVL33
 888 03df C5050000 		.4byte	0x5c5
 889 03e3 F2030000 		.4byte	0x3f2
 890 03e7 09       		.uleb128 0x9
 891 03e8 01       		.uleb128 0x1
 892 03e9 50       		.byte	0x50
 893 03ea 01       		.uleb128 0x1
 894 03eb 33       		.byte	0x33
 895 03ec 09       		.uleb128 0x9
 896 03ed 01       		.uleb128 0x1
 897 03ee 51       		.byte	0x51
 898 03ef 01       		.uleb128 0x1
 899 03f0 34       		.byte	0x34
 900 03f1 00       		.byte	0
 901 03f2 0D       		.uleb128 0xd
 902 03f3 12000000 		.4byte	.LVL34
 903 03f7 AF050000 		.4byte	0x5af
 904 03fb 08       		.uleb128 0x8
 905 03fc 1A000000 		.4byte	.LVL35
 906 0400 C5050000 		.4byte	0x5c5
 907 0404 15040000 		.4byte	0x415
 908 0408 09       		.uleb128 0x9
 909 0409 01       		.uleb128 0x1
 910 040a 50       		.byte	0x50
 911 040b 02       		.uleb128 0x2
 912 040c 74       		.byte	0x74
 913 040d 00       		.sleb128 0
 914 040e 09       		.uleb128 0x9
 915 040f 01       		.uleb128 0x1
 916 0410 51       		.byte	0x51
 917 0411 02       		.uleb128 0x2
 918 0412 75       		.byte	0x75
 919 0413 00       		.sleb128 0
 920 0414 00       		.byte	0
 921 0415 0D       		.uleb128 0xd
 922 0416 1E000000 		.4byte	.LVL36
 923 041a AF050000 		.4byte	0x5af
 924 041e 0A       		.uleb128 0xa
 925 041f 24000000 		.4byte	.LVL37
 926 0423 99050000 		.4byte	0x599
 927 0427 09       		.uleb128 0x9
 928 0428 01       		.uleb128 0x1
 929 0429 50       		.byte	0x50
 930 042a 05       		.uleb128 0x5
 931 042b 03       		.byte	0x3
 932 042c 44030000 		.4byte	.LC12
 933 0430 00       		.byte	0
 934 0431 00       		.byte	0
 935 0432 11       		.uleb128 0x11
 936 0433 8C000000 		.4byte	0x8c
 937 0437 42040000 		.4byte	0x442
 938 043b 12       		.uleb128 0x12
 939 043c DA000000 		.4byte	0xda
 940 0440 3F       		.byte	0x3f
 941 0441 00       		.byte	0
ARM GAS  C:\Users\Ilaria\AppData\Local\Temp\ccua2TMG.s 			page 21


 942 0442 11       		.uleb128 0x11
 943 0443 C7000000 		.4byte	0xc7
 944 0447 52040000 		.4byte	0x452
 945 044b 12       		.uleb128 0x12
 946 044c DA000000 		.4byte	0xda
 947 0450 63       		.byte	0x63
 948 0451 00       		.byte	0
 949 0452 13       		.uleb128 0x13
 950 0453 25030000 		.4byte	.LASF31
 951 0457 05       		.byte	0x5
 952 0458 0A       		.byte	0xa
 953 0459 42040000 		.4byte	0x442
 954 045d 05       		.uleb128 0x5
 955 045e 03       		.byte	0x3
 956 045f 00000000 		.4byte	bufferUART
 957 0463 14       		.uleb128 0x14
 958 0464 14010000 		.4byte	.LASF32
 959 0468 06       		.byte	0x6
 960 0469 1207     		.2byte	0x712
 961 046b 6F040000 		.4byte	0x46f
 962 046f 06       		.uleb128 0x6
 963 0470 A2000000 		.4byte	0xa2
 964 0474 13       		.uleb128 0x13
 965 0475 9E020000 		.4byte	.LASF33
 966 0479 07       		.byte	0x7
 967 047a 33       		.byte	0x33
 968 047b CE000000 		.4byte	0xce
 969 047f 05       		.uleb128 0x5
 970 0480 03       		.byte	0x3
 971 0481 00000000 		.4byte	PacketReadyFlag
 972 0485 13       		.uleb128 0x13
 973 0486 9E000000 		.4byte	.LASF34
 974 048a 07       		.byte	0x7
 975 048b 34       		.byte	0x34
 976 048c CE000000 		.4byte	0xce
 977 0490 05       		.uleb128 0x5
 978 0491 03       		.byte	0x3
 979 0492 00000000 		.4byte	StartFlag
 980 0496 13       		.uleb128 0x13
 981 0497 30030000 		.4byte	.LASF35
 982 049b 07       		.byte	0x7
 983 049c 35       		.byte	0x35
 984 049d CE000000 		.4byte	0xce
 985 04a1 05       		.uleb128 0x5
 986 04a2 03       		.byte	0x3
 987 04a3 00000000 		.4byte	FSRFlag
 988 04a7 13       		.uleb128 0x13
 989 04a8 FA020000 		.4byte	.LASF36
 990 04ac 07       		.byte	0x7
 991 04ad 36       		.byte	0x36
 992 04ae CE000000 		.4byte	0xce
 993 04b2 05       		.uleb128 0x5
 994 04b3 03       		.byte	0x3
 995 04b4 00000000 		.4byte	SamplingFreqFlag
 996 04b8 11       		.uleb128 0x11
 997 04b9 CE000000 		.4byte	0xce
 998 04bd C8040000 		.4byte	0x4c8
ARM GAS  C:\Users\Ilaria\AppData\Local\Temp\ccua2TMG.s 			page 22


 999 04c1 12       		.uleb128 0x12
 1000 04c2 DA000000 		.4byte	0xda
 1001 04c6 09       		.byte	0x9
 1002 04c7 00       		.byte	0
 1003 04c8 13       		.uleb128 0x13
 1004 04c9 CD020000 		.4byte	.LASF37
 1005 04cd 07       		.byte	0x7
 1006 04ce 37       		.byte	0x37
 1007 04cf D9040000 		.4byte	0x4d9
 1008 04d3 05       		.uleb128 0x5
 1009 04d4 03       		.byte	0x3
 1010 04d5 00000000 		.4byte	DataBuffer
 1011 04d9 06       		.uleb128 0x6
 1012 04da B8040000 		.4byte	0x4b8
 1013 04de 13       		.uleb128 0x13
 1014 04df 8E010000 		.4byte	.LASF38
 1015 04e3 07       		.byte	0x7
 1016 04e4 38       		.byte	0x38
 1017 04e5 EF040000 		.4byte	0x4ef
 1018 04e9 05       		.uleb128 0x5
 1019 04ea 03       		.byte	0x3
 1020 04eb 00000000 		.4byte	value_temp
 1021 04ef 06       		.uleb128 0x6
 1022 04f0 7E000000 		.4byte	0x7e
 1023 04f4 13       		.uleb128 0x13
 1024 04f5 F0020000 		.4byte	.LASF39
 1025 04f9 07       		.byte	0x7
 1026 04fa 3A       		.byte	0x3a
 1027 04fb EF040000 		.4byte	0x4ef
 1028 04ff 05       		.uleb128 0x5
 1029 0500 03       		.byte	0x3
 1030 0501 00000000 		.4byte	count_wtm
 1031 0505 11       		.uleb128 0x11
 1032 0506 E1000000 		.4byte	0xe1
 1033 050a 15050000 		.4byte	0x515
 1034 050e 12       		.uleb128 0x12
 1035 050f DA000000 		.4byte	0xda
 1036 0513 07       		.byte	0x7
 1037 0514 00       		.byte	0
 1038 0515 13       		.uleb128 0x13
 1039 0516 7B020000 		.4byte	.LASF40
 1040 051a 07       		.byte	0x7
 1041 051b 3B       		.byte	0x3b
 1042 051c 26050000 		.4byte	0x526
 1043 0520 05       		.uleb128 0x5
 1044 0521 03       		.byte	0x3
 1045 0522 00000000 		.4byte	datiAcc
 1046 0526 06       		.uleb128 0x6
 1047 0527 05050000 		.4byte	0x505
 1048 052b 11       		.uleb128 0x11
 1049 052c E1000000 		.4byte	0xe1
 1050 0530 3B050000 		.4byte	0x53b
 1051 0534 12       		.uleb128 0x12
 1052 0535 DA000000 		.4byte	0xda
 1053 0539 05       		.byte	0x5
 1054 053a 00       		.byte	0
 1055 053b 13       		.uleb128 0x13
ARM GAS  C:\Users\Ilaria\AppData\Local\Temp\ccua2TMG.s 			page 23


 1056 053c 0C010000 		.4byte	.LASF41
 1057 0540 07       		.byte	0x7
 1058 0541 3C       		.byte	0x3c
 1059 0542 4C050000 		.4byte	0x54c
 1060 0546 05       		.uleb128 0x5
 1061 0547 03       		.byte	0x3
 1062 0548 00000000 		.4byte	data_EE
 1063 054c 06       		.uleb128 0x6
 1064 054d 2B050000 		.4byte	0x52b
 1065 0551 11       		.uleb128 0x11
 1066 0552 E1000000 		.4byte	0xe1
 1067 0556 61050000 		.4byte	0x561
 1068 055a 12       		.uleb128 0x12
 1069 055b DA000000 		.4byte	0xda
 1070 055f 09       		.byte	0x9
 1071 0560 00       		.byte	0
 1072 0561 13       		.uleb128 0x13
 1073 0562 51010000 		.4byte	.LASF27
 1074 0566 07       		.byte	0x7
 1075 0567 3D       		.byte	0x3d
 1076 0568 72050000 		.4byte	0x572
 1077 056c 05       		.uleb128 0x5
 1078 056d 03       		.byte	0x3
 1079 056e 00000000 		.4byte	data_BCP
 1080 0572 06       		.uleb128 0x6
 1081 0573 51050000 		.4byte	0x551
 1082 0577 13       		.uleb128 0x13
 1083 0578 C1000000 		.4byte	.LASF21
 1084 057c 07       		.byte	0x7
 1085 057d 3E       		.byte	0x3e
 1086 057e E6000000 		.4byte	0xe6
 1087 0582 05       		.uleb128 0x5
 1088 0583 03       		.byte	0x3
 1089 0584 00000000 		.4byte	counter
 1090 0588 13       		.uleb128 0x13
 1091 0589 B7020000 		.4byte	.LASF42
 1092 058d 07       		.byte	0x7
 1093 058e 3F       		.byte	0x3f
 1094 058f 8C000000 		.4byte	0x8c
 1095 0593 05       		.uleb128 0x5
 1096 0594 03       		.byte	0x3
 1097 0595 00000000 		.4byte	fifo_src_reg
 1098 0599 15       		.uleb128 0x15
 1099 059a 0B030000 		.4byte	.LASF43
 1100 059e 0B030000 		.4byte	.LASF43
 1101 05a2 08       		.byte	0x8
 1102 05a3 8B       		.byte	0x8b
 1103 05a4 15       		.uleb128 0x15
 1104 05a5 8D020000 		.4byte	.LASF44
 1105 05a9 8D020000 		.4byte	.LASF44
 1106 05ad 09       		.byte	0x9
 1107 05ae 65       		.byte	0x65
 1108 05af 15       		.uleb128 0x15
 1109 05b0 27020000 		.4byte	.LASF45
 1110 05b4 27020000 		.4byte	.LASF45
 1111 05b8 09       		.byte	0x9
 1112 05b9 6C       		.byte	0x6c
ARM GAS  C:\Users\Ilaria\AppData\Local\Temp\ccua2TMG.s 			page 24


 1113 05ba 15       		.uleb128 0x15
 1114 05bb 8E000000 		.4byte	.LASF46
 1115 05bf 8E000000 		.4byte	.LASF46
 1116 05c3 09       		.byte	0x9
 1117 05c4 5D       		.byte	0x5d
 1118 05c5 15       		.uleb128 0x15
 1119 05c6 0B000000 		.4byte	.LASF47
 1120 05ca 0B000000 		.4byte	.LASF47
 1121 05ce 09       		.byte	0x9
 1122 05cf 53       		.byte	0x53
 1123 05d0 00       		.byte	0
 1124              		.section	.debug_abbrev,"",%progbits
 1125              	.Ldebug_abbrev0:
 1126 0000 01       		.uleb128 0x1
 1127 0001 11       		.uleb128 0x11
 1128 0002 01       		.byte	0x1
 1129 0003 25       		.uleb128 0x25
 1130 0004 0E       		.uleb128 0xe
 1131 0005 13       		.uleb128 0x13
 1132 0006 0B       		.uleb128 0xb
 1133 0007 03       		.uleb128 0x3
 1134 0008 0E       		.uleb128 0xe
 1135 0009 1B       		.uleb128 0x1b
 1136 000a 0E       		.uleb128 0xe
 1137 000b 55       		.uleb128 0x55
 1138 000c 17       		.uleb128 0x17
 1139 000d 11       		.uleb128 0x11
 1140 000e 01       		.uleb128 0x1
 1141 000f 10       		.uleb128 0x10
 1142 0010 17       		.uleb128 0x17
 1143 0011 00       		.byte	0
 1144 0012 00       		.byte	0
 1145 0013 02       		.uleb128 0x2
 1146 0014 24       		.uleb128 0x24
 1147 0015 00       		.byte	0
 1148 0016 0B       		.uleb128 0xb
 1149 0017 0B       		.uleb128 0xb
 1150 0018 3E       		.uleb128 0x3e
 1151 0019 0B       		.uleb128 0xb
 1152 001a 03       		.uleb128 0x3
 1153 001b 0E       		.uleb128 0xe
 1154 001c 00       		.byte	0
 1155 001d 00       		.byte	0
 1156 001e 03       		.uleb128 0x3
 1157 001f 16       		.uleb128 0x16
 1158 0020 00       		.byte	0
 1159 0021 03       		.uleb128 0x3
 1160 0022 0E       		.uleb128 0xe
 1161 0023 3A       		.uleb128 0x3a
 1162 0024 0B       		.uleb128 0xb
 1163 0025 3B       		.uleb128 0x3b
 1164 0026 0B       		.uleb128 0xb
 1165 0027 49       		.uleb128 0x49
 1166 0028 13       		.uleb128 0x13
 1167 0029 00       		.byte	0
 1168 002a 00       		.byte	0
 1169 002b 04       		.uleb128 0x4
ARM GAS  C:\Users\Ilaria\AppData\Local\Temp\ccua2TMG.s 			page 25


 1170 002c 24       		.uleb128 0x24
 1171 002d 00       		.byte	0
 1172 002e 0B       		.uleb128 0xb
 1173 002f 0B       		.uleb128 0xb
 1174 0030 3E       		.uleb128 0x3e
 1175 0031 0B       		.uleb128 0xb
 1176 0032 03       		.uleb128 0x3
 1177 0033 08       		.uleb128 0x8
 1178 0034 00       		.byte	0
 1179 0035 00       		.byte	0
 1180 0036 05       		.uleb128 0x5
 1181 0037 16       		.uleb128 0x16
 1182 0038 00       		.byte	0
 1183 0039 03       		.uleb128 0x3
 1184 003a 0E       		.uleb128 0xe
 1185 003b 3A       		.uleb128 0x3a
 1186 003c 0B       		.uleb128 0xb
 1187 003d 3B       		.uleb128 0x3b
 1188 003e 05       		.uleb128 0x5
 1189 003f 49       		.uleb128 0x49
 1190 0040 13       		.uleb128 0x13
 1191 0041 00       		.byte	0
 1192 0042 00       		.byte	0
 1193 0043 06       		.uleb128 0x6
 1194 0044 35       		.uleb128 0x35
 1195 0045 00       		.byte	0
 1196 0046 49       		.uleb128 0x49
 1197 0047 13       		.uleb128 0x13
 1198 0048 00       		.byte	0
 1199 0049 00       		.byte	0
 1200 004a 07       		.uleb128 0x7
 1201 004b 2E       		.uleb128 0x2e
 1202 004c 01       		.byte	0x1
 1203 004d 3F       		.uleb128 0x3f
 1204 004e 19       		.uleb128 0x19
 1205 004f 03       		.uleb128 0x3
 1206 0050 0E       		.uleb128 0xe
 1207 0051 3A       		.uleb128 0x3a
 1208 0052 0B       		.uleb128 0xb
 1209 0053 3B       		.uleb128 0x3b
 1210 0054 0B       		.uleb128 0xb
 1211 0055 11       		.uleb128 0x11
 1212 0056 01       		.uleb128 0x1
 1213 0057 12       		.uleb128 0x12
 1214 0058 06       		.uleb128 0x6
 1215 0059 40       		.uleb128 0x40
 1216 005a 18       		.uleb128 0x18
 1217 005b 9742     		.uleb128 0x2117
 1218 005d 19       		.uleb128 0x19
 1219 005e 01       		.uleb128 0x1
 1220 005f 13       		.uleb128 0x13
 1221 0060 00       		.byte	0
 1222 0061 00       		.byte	0
 1223 0062 08       		.uleb128 0x8
 1224 0063 898201   		.uleb128 0x4109
 1225 0066 01       		.byte	0x1
 1226 0067 11       		.uleb128 0x11
ARM GAS  C:\Users\Ilaria\AppData\Local\Temp\ccua2TMG.s 			page 26


 1227 0068 01       		.uleb128 0x1
 1228 0069 31       		.uleb128 0x31
 1229 006a 13       		.uleb128 0x13
 1230 006b 01       		.uleb128 0x1
 1231 006c 13       		.uleb128 0x13
 1232 006d 00       		.byte	0
 1233 006e 00       		.byte	0
 1234 006f 09       		.uleb128 0x9
 1235 0070 8A8201   		.uleb128 0x410a
 1236 0073 00       		.byte	0
 1237 0074 02       		.uleb128 0x2
 1238 0075 18       		.uleb128 0x18
 1239 0076 9142     		.uleb128 0x2111
 1240 0078 18       		.uleb128 0x18
 1241 0079 00       		.byte	0
 1242 007a 00       		.byte	0
 1243 007b 0A       		.uleb128 0xa
 1244 007c 898201   		.uleb128 0x4109
 1245 007f 01       		.byte	0x1
 1246 0080 11       		.uleb128 0x11
 1247 0081 01       		.uleb128 0x1
 1248 0082 31       		.uleb128 0x31
 1249 0083 13       		.uleb128 0x13
 1250 0084 00       		.byte	0
 1251 0085 00       		.byte	0
 1252 0086 0B       		.uleb128 0xb
 1253 0087 2E       		.uleb128 0x2e
 1254 0088 01       		.byte	0x1
 1255 0089 3F       		.uleb128 0x3f
 1256 008a 19       		.uleb128 0x19
 1257 008b 03       		.uleb128 0x3
 1258 008c 0E       		.uleb128 0xe
 1259 008d 3A       		.uleb128 0x3a
 1260 008e 0B       		.uleb128 0xb
 1261 008f 3B       		.uleb128 0x3b
 1262 0090 0B       		.uleb128 0xb
 1263 0091 27       		.uleb128 0x27
 1264 0092 19       		.uleb128 0x19
 1265 0093 11       		.uleb128 0x11
 1266 0094 01       		.uleb128 0x1
 1267 0095 12       		.uleb128 0x12
 1268 0096 06       		.uleb128 0x6
 1269 0097 40       		.uleb128 0x40
 1270 0098 18       		.uleb128 0x18
 1271 0099 9742     		.uleb128 0x2117
 1272 009b 19       		.uleb128 0x19
 1273 009c 01       		.uleb128 0x1
 1274 009d 13       		.uleb128 0x13
 1275 009e 00       		.byte	0
 1276 009f 00       		.byte	0
 1277 00a0 0C       		.uleb128 0xc
 1278 00a1 05       		.uleb128 0x5
 1279 00a2 00       		.byte	0
 1280 00a3 03       		.uleb128 0x3
 1281 00a4 0E       		.uleb128 0xe
 1282 00a5 3A       		.uleb128 0x3a
 1283 00a6 0B       		.uleb128 0xb
ARM GAS  C:\Users\Ilaria\AppData\Local\Temp\ccua2TMG.s 			page 27


 1284 00a7 3B       		.uleb128 0x3b
 1285 00a8 0B       		.uleb128 0xb
 1286 00a9 49       		.uleb128 0x49
 1287 00aa 13       		.uleb128 0x13
 1288 00ab 02       		.uleb128 0x2
 1289 00ac 17       		.uleb128 0x17
 1290 00ad 00       		.byte	0
 1291 00ae 00       		.byte	0
 1292 00af 0D       		.uleb128 0xd
 1293 00b0 898201   		.uleb128 0x4109
 1294 00b3 00       		.byte	0
 1295 00b4 11       		.uleb128 0x11
 1296 00b5 01       		.uleb128 0x1
 1297 00b6 31       		.uleb128 0x31
 1298 00b7 13       		.uleb128 0x13
 1299 00b8 00       		.byte	0
 1300 00b9 00       		.byte	0
 1301 00ba 0E       		.uleb128 0xe
 1302 00bb 0F       		.uleb128 0xf
 1303 00bc 00       		.byte	0
 1304 00bd 0B       		.uleb128 0xb
 1305 00be 0B       		.uleb128 0xb
 1306 00bf 49       		.uleb128 0x49
 1307 00c0 13       		.uleb128 0x13
 1308 00c1 00       		.byte	0
 1309 00c2 00       		.byte	0
 1310 00c3 0F       		.uleb128 0xf
 1311 00c4 34       		.uleb128 0x34
 1312 00c5 00       		.byte	0
 1313 00c6 03       		.uleb128 0x3
 1314 00c7 08       		.uleb128 0x8
 1315 00c8 3A       		.uleb128 0x3a
 1316 00c9 0B       		.uleb128 0xb
 1317 00ca 3B       		.uleb128 0x3b
 1318 00cb 0B       		.uleb128 0xb
 1319 00cc 49       		.uleb128 0x49
 1320 00cd 13       		.uleb128 0x13
 1321 00ce 1C       		.uleb128 0x1c
 1322 00cf 0B       		.uleb128 0xb
 1323 00d0 00       		.byte	0
 1324 00d1 00       		.byte	0
 1325 00d2 10       		.uleb128 0x10
 1326 00d3 34       		.uleb128 0x34
 1327 00d4 00       		.byte	0
 1328 00d5 03       		.uleb128 0x3
 1329 00d6 0E       		.uleb128 0xe
 1330 00d7 3A       		.uleb128 0x3a
 1331 00d8 0B       		.uleb128 0xb
 1332 00d9 3B       		.uleb128 0x3b
 1333 00da 0B       		.uleb128 0xb
 1334 00db 49       		.uleb128 0x49
 1335 00dc 13       		.uleb128 0x13
 1336 00dd 00       		.byte	0
 1337 00de 00       		.byte	0
 1338 00df 11       		.uleb128 0x11
 1339 00e0 01       		.uleb128 0x1
 1340 00e1 01       		.byte	0x1
ARM GAS  C:\Users\Ilaria\AppData\Local\Temp\ccua2TMG.s 			page 28


 1341 00e2 49       		.uleb128 0x49
 1342 00e3 13       		.uleb128 0x13
 1343 00e4 01       		.uleb128 0x1
 1344 00e5 13       		.uleb128 0x13
 1345 00e6 00       		.byte	0
 1346 00e7 00       		.byte	0
 1347 00e8 12       		.uleb128 0x12
 1348 00e9 21       		.uleb128 0x21
 1349 00ea 00       		.byte	0
 1350 00eb 49       		.uleb128 0x49
 1351 00ec 13       		.uleb128 0x13
 1352 00ed 2F       		.uleb128 0x2f
 1353 00ee 0B       		.uleb128 0xb
 1354 00ef 00       		.byte	0
 1355 00f0 00       		.byte	0
 1356 00f1 13       		.uleb128 0x13
 1357 00f2 34       		.uleb128 0x34
 1358 00f3 00       		.byte	0
 1359 00f4 03       		.uleb128 0x3
 1360 00f5 0E       		.uleb128 0xe
 1361 00f6 3A       		.uleb128 0x3a
 1362 00f7 0B       		.uleb128 0xb
 1363 00f8 3B       		.uleb128 0x3b
 1364 00f9 0B       		.uleb128 0xb
 1365 00fa 49       		.uleb128 0x49
 1366 00fb 13       		.uleb128 0x13
 1367 00fc 3F       		.uleb128 0x3f
 1368 00fd 19       		.uleb128 0x19
 1369 00fe 02       		.uleb128 0x2
 1370 00ff 18       		.uleb128 0x18
 1371 0100 00       		.byte	0
 1372 0101 00       		.byte	0
 1373 0102 14       		.uleb128 0x14
 1374 0103 34       		.uleb128 0x34
 1375 0104 00       		.byte	0
 1376 0105 03       		.uleb128 0x3
 1377 0106 0E       		.uleb128 0xe
 1378 0107 3A       		.uleb128 0x3a
 1379 0108 0B       		.uleb128 0xb
 1380 0109 3B       		.uleb128 0x3b
 1381 010a 05       		.uleb128 0x5
 1382 010b 49       		.uleb128 0x49
 1383 010c 13       		.uleb128 0x13
 1384 010d 3F       		.uleb128 0x3f
 1385 010e 19       		.uleb128 0x19
 1386 010f 3C       		.uleb128 0x3c
 1387 0110 19       		.uleb128 0x19
 1388 0111 00       		.byte	0
 1389 0112 00       		.byte	0
 1390 0113 15       		.uleb128 0x15
 1391 0114 2E       		.uleb128 0x2e
 1392 0115 00       		.byte	0
 1393 0116 3F       		.uleb128 0x3f
 1394 0117 19       		.uleb128 0x19
 1395 0118 3C       		.uleb128 0x3c
 1396 0119 19       		.uleb128 0x19
 1397 011a 6E       		.uleb128 0x6e
ARM GAS  C:\Users\Ilaria\AppData\Local\Temp\ccua2TMG.s 			page 29


 1398 011b 0E       		.uleb128 0xe
 1399 011c 03       		.uleb128 0x3
 1400 011d 0E       		.uleb128 0xe
 1401 011e 3A       		.uleb128 0x3a
 1402 011f 0B       		.uleb128 0xb
 1403 0120 3B       		.uleb128 0x3b
 1404 0121 0B       		.uleb128 0xb
 1405 0122 00       		.byte	0
 1406 0123 00       		.byte	0
 1407 0124 00       		.byte	0
 1408              		.section	.debug_loc,"",%progbits
 1409              	.Ldebug_loc0:
 1410              	.LLST0:
 1411 0000 00000000 		.4byte	.LVL21
 1412 0004 47000000 		.4byte	.LVL25-1
 1413 0008 0100     		.2byte	0x1
 1414 000a 50       		.byte	0x50
 1415 000b 47000000 		.4byte	.LVL25-1
 1416 000f 4E000000 		.4byte	.LFE65
 1417 0013 0400     		.2byte	0x4
 1418 0015 F3       		.byte	0xf3
 1419 0016 01       		.uleb128 0x1
 1420 0017 50       		.byte	0x50
 1421 0018 9F       		.byte	0x9f
 1422 0019 00000000 		.4byte	0
 1423 001d 00000000 		.4byte	0
 1424              	.LLST1:
 1425 0021 00000000 		.4byte	.LVL21
 1426 0025 06000000 		.4byte	.LVL22
 1427 0029 0100     		.2byte	0x1
 1428 002b 51       		.byte	0x51
 1429 002c 06000000 		.4byte	.LVL22
 1430 0030 40000000 		.4byte	.LVL24
 1431 0034 0100     		.2byte	0x1
 1432 0036 53       		.byte	0x53
 1433 0037 40000000 		.4byte	.LVL24
 1434 003b 4E000000 		.4byte	.LFE65
 1435 003f 0400     		.2byte	0x4
 1436 0041 F3       		.byte	0xf3
 1437 0042 01       		.uleb128 0x1
 1438 0043 51       		.byte	0x51
 1439 0044 9F       		.byte	0x9f
 1440 0045 00000000 		.4byte	0
 1441 0049 00000000 		.4byte	0
 1442              	.LLST2:
 1443 004d 00000000 		.4byte	.LVL21
 1444 0051 08000000 		.4byte	.LVL23
 1445 0055 0100     		.2byte	0x1
 1446 0057 52       		.byte	0x52
 1447 0058 08000000 		.4byte	.LVL23
 1448 005c 47000000 		.4byte	.LVL25-1
 1449 0060 0100     		.2byte	0x1
 1450 0062 51       		.byte	0x51
 1451 0063 47000000 		.4byte	.LVL25-1
 1452 0067 4E000000 		.4byte	.LFE65
 1453 006b 0400     		.2byte	0x4
 1454 006d F3       		.byte	0xf3
ARM GAS  C:\Users\Ilaria\AppData\Local\Temp\ccua2TMG.s 			page 30


 1455 006e 01       		.uleb128 0x1
 1456 006f 52       		.byte	0x52
 1457 0070 9F       		.byte	0x9f
 1458 0071 00000000 		.4byte	0
 1459 0075 00000000 		.4byte	0
 1460              	.LLST3:
 1461 0079 00000000 		.4byte	.LVL27
 1462 007d 0B000000 		.4byte	.LVL29-1
 1463 0081 0100     		.2byte	0x1
 1464 0083 50       		.byte	0x50
 1465 0084 0B000000 		.4byte	.LVL29-1
 1466 0088 54000000 		.4byte	.LFE66
 1467 008c 0400     		.2byte	0x4
 1468 008e F3       		.byte	0xf3
 1469 008f 01       		.uleb128 0x1
 1470 0090 50       		.byte	0x50
 1471 0091 9F       		.byte	0x9f
 1472 0092 00000000 		.4byte	0
 1473 0096 00000000 		.4byte	0
 1474              	.LLST4:
 1475 009a 00000000 		.4byte	.LVL27
 1476 009e 0B000000 		.4byte	.LVL29-1
 1477 00a2 0100     		.2byte	0x1
 1478 00a4 51       		.byte	0x51
 1479 00a5 0B000000 		.4byte	.LVL29-1
 1480 00a9 54000000 		.4byte	.LFE66
 1481 00ad 0100     		.2byte	0x1
 1482 00af 55       		.byte	0x55
 1483 00b0 00000000 		.4byte	0
 1484 00b4 00000000 		.4byte	0
 1485              	.LLST5:
 1486 00b8 00000000 		.4byte	.LVL27
 1487 00bc 08000000 		.4byte	.LVL28
 1488 00c0 0100     		.2byte	0x1
 1489 00c2 52       		.byte	0x52
 1490 00c3 08000000 		.4byte	.LVL28
 1491 00c7 54000000 		.4byte	.LFE66
 1492 00cb 0100     		.2byte	0x1
 1493 00cd 54       		.byte	0x54
 1494 00ce 00000000 		.4byte	0
 1495 00d2 00000000 		.4byte	0
 1496              	.LLST6:
 1497 00d6 00000000 		.4byte	.LVL30
 1498 00da 06000000 		.4byte	.LVL31
 1499 00de 0100     		.2byte	0x1
 1500 00e0 50       		.byte	0x50
 1501 00e1 06000000 		.4byte	.LVL31
 1502 00e5 2C000000 		.4byte	.LFE67
 1503 00e9 0200     		.2byte	0x2
 1504 00eb 34       		.byte	0x34
 1505 00ec 9F       		.byte	0x9f
 1506 00ed 00000000 		.4byte	0
 1507 00f1 00000000 		.4byte	0
 1508              	.LLST7:
 1509 00f5 00000000 		.4byte	.LVL30
 1510 00f9 08000000 		.4byte	.LVL32
 1511 00fd 0100     		.2byte	0x1
ARM GAS  C:\Users\Ilaria\AppData\Local\Temp\ccua2TMG.s 			page 31


 1512 00ff 51       		.byte	0x51
 1513 0100 08000000 		.4byte	.LVL32
 1514 0104 2C000000 		.4byte	.LFE67
 1515 0108 0400     		.2byte	0x4
 1516 010a F3       		.byte	0xf3
 1517 010b 01       		.uleb128 0x1
 1518 010c 51       		.byte	0x51
 1519 010d 9F       		.byte	0x9f
 1520 010e 00000000 		.4byte	0
 1521 0112 00000000 		.4byte	0
 1522              	.LLST8:
 1523 0116 00000000 		.4byte	.LVL30
 1524 011a 0D000000 		.4byte	.LVL33-1
 1525 011e 0100     		.2byte	0x1
 1526 0120 52       		.byte	0x52
 1527 0121 0D000000 		.4byte	.LVL33-1
 1528 0125 2C000000 		.4byte	.LFE67
 1529 0129 0400     		.2byte	0x4
 1530 012b F3       		.byte	0xf3
 1531 012c 01       		.uleb128 0x1
 1532 012d 52       		.byte	0x52
 1533 012e 9F       		.byte	0x9f
 1534 012f 00000000 		.4byte	0
 1535 0133 00000000 		.4byte	0
 1536              		.section	.debug_aranges,"",%progbits
 1537 0000 34000000 		.4byte	0x34
 1538 0004 0200     		.2byte	0x2
 1539 0006 00000000 		.4byte	.Ldebug_info0
 1540 000a 04       		.byte	0x4
 1541 000b 00       		.byte	0
 1542 000c 0000     		.2byte	0
 1543 000e 0000     		.2byte	0
 1544 0010 00000000 		.4byte	.LFB64
 1545 0014 B8000000 		.4byte	.LFE64-.LFB64
 1546 0018 00000000 		.4byte	.LFB65
 1547 001c 4E000000 		.4byte	.LFE65-.LFB65
 1548 0020 00000000 		.4byte	.LFB66
 1549 0024 54000000 		.4byte	.LFE66-.LFB66
 1550 0028 00000000 		.4byte	.LFB67
 1551 002c 2C000000 		.4byte	.LFE67-.LFB67
 1552 0030 00000000 		.4byte	0
 1553 0034 00000000 		.4byte	0
 1554              		.section	.debug_ranges,"",%progbits
 1555              	.Ldebug_ranges0:
 1556 0000 00000000 		.4byte	.LFB64
 1557 0004 B8000000 		.4byte	.LFE64
 1558 0008 00000000 		.4byte	.LFB65
 1559 000c 4E000000 		.4byte	.LFE65
 1560 0010 00000000 		.4byte	.LFB66
 1561 0014 54000000 		.4byte	.LFE66
 1562 0018 00000000 		.4byte	.LFB67
 1563 001c 2C000000 		.4byte	.LFE67
 1564 0020 00000000 		.4byte	0
 1565 0024 00000000 		.4byte	0
 1566              		.section	.debug_line,"",%progbits
 1567              	.Ldebug_line0:
 1568 0000 00020000 		.section	.debug_str,"MS",%progbits,1
ARM GAS  C:\Users\Ilaria\AppData\Local\Temp\ccua2TMG.s 			page 32


 1568      02008D01 
 1568      00000201 
 1568      FB0E0D00 
 1568      01010101 
 1569              	.LASF22:
 1570 0000 746F6265 		.ascii	"tobepacked\000"
 1570      7061636B 
 1570      656400
 1571              	.LASF47:
 1572 000b 45455052 		.ascii	"EEPROM_writeByte\000"
 1572      4F4D5F77 
 1572      72697465 
 1572      42797465 
 1572      00
 1573              	.LASF3:
 1574 001c 5F5F7569 		.ascii	"__uint8_t\000"
 1574      6E74385F 
 1574      7400
 1575              	.LASF6:
 1576 0026 5F5F696E 		.ascii	"__int32_t\000"
 1576      7433325F 
 1576      7400
 1577              	.LASF50:
 1578 0030 433A5C55 		.ascii	"C:\\Users\\Ilaria\\Documents\\GitHub\\FINAL-PROJECT"
 1578      73657273 
 1578      5C496C61 
 1578      7269615C 
 1578      446F6375 
 1579 005e 2D47524F 		.ascii	"-GROUP5\\Final_Project_Group5.cydsn\000"
 1579      5550355C 
 1579      46696E61 
 1579      6C5F5072 
 1579      6F6A6563 
 1580              	.LASF26:
 1581 0081 746F6265 		.ascii	"tobedepacked\000"
 1581      64657061 
 1581      636B6564 
 1581      00
 1582              	.LASF46:
 1583 008e 45455052 		.ascii	"EEPROM_readPage\000"
 1583      4F4D5F72 
 1583      65616450 
 1583      61676500 
 1584              	.LASF34:
 1585 009e 53746172 		.ascii	"StartFlag\000"
 1585      74466C61 
 1585      6700
 1586              	.LASF14:
 1587 00a8 696E7433 		.ascii	"int32_t\000"
 1587      325F7400 
 1588              	.LASF28:
 1589 00b0 436F6E66 		.ascii	"Config_acc\000"
 1589      69675F61 
 1589      636300
 1590              	.LASF16:
 1591 00bb 666C6F61 		.ascii	"float\000"
 1591      7400
ARM GAS  C:\Users\Ilaria\AppData\Local\Temp\ccua2TMG.s 			page 33


 1592              	.LASF21:
 1593 00c1 636F756E 		.ascii	"counter\000"
 1593      74657200 
 1594              	.LASF15:
 1595 00c9 75696E74 		.ascii	"uint8\000"
 1595      3800
 1596              	.LASF1:
 1597 00cf 756E7369 		.ascii	"unsigned char\000"
 1597      676E6564 
 1597      20636861 
 1597      7200
 1598              	.LASF51:
 1599 00dd 73686F77 		.ascii	"show_menu\000"
 1599      5F6D656E 
 1599      7500
 1600              	.LASF8:
 1601 00e7 6C6F6E67 		.ascii	"long unsigned int\000"
 1601      20756E73 
 1601      69676E65 
 1601      6420696E 
 1601      7400
 1602              	.LASF5:
 1603 00f9 73686F72 		.ascii	"short unsigned int\000"
 1603      7420756E 
 1603      7369676E 
 1603      65642069 
 1603      6E7400
 1604              	.LASF41:
 1605 010c 64617461 		.ascii	"data_EE\000"
 1605      5F454500 
 1606              	.LASF32:
 1607 0114 49544D5F 		.ascii	"ITM_RxBuffer\000"
 1607      52784275 
 1607      66666572 
 1607      00
 1608              	.LASF29:
 1609 0121 636F6E66 		.ascii	"config\000"
 1609      696700
 1610              	.LASF52:
 1611 0128 7A65726F 		.ascii	"zero_array\000"
 1611      5F617272 
 1611      617900
 1612              	.LASF4:
 1613 0133 5F5F7569 		.ascii	"__uint16_t\000"
 1613      6E743136 
 1613      5F7400
 1614              	.LASF17:
 1615 013e 646F7562 		.ascii	"double\000"
 1615      6C6500
 1616              	.LASF49:
 1617 0145 46756E63 		.ascii	"Functions.c\000"
 1617      74696F6E 
 1617      732E6300 
 1618              	.LASF27:
 1619 0151 64617461 		.ascii	"data_BCP\000"
 1619      5F424350 
 1619      00
ARM GAS  C:\Users\Ilaria\AppData\Local\Temp\ccua2TMG.s 			page 34


 1620              	.LASF11:
 1621 015a 756E7369 		.ascii	"unsigned int\000"
 1621      676E6564 
 1621      20696E74 
 1621      00
 1622              	.LASF30:
 1623 0167 61646472 		.ascii	"address\000"
 1623      65737300 
 1624              	.LASF10:
 1625 016f 6C6F6E67 		.ascii	"long long unsigned int\000"
 1625      206C6F6E 
 1625      6720756E 
 1625      7369676E 
 1625      65642069 
 1626              	.LASF12:
 1627 0186 75696E74 		.ascii	"uint8_t\000"
 1627      385F7400 
 1628              	.LASF38:
 1629 018e 76616C75 		.ascii	"value_temp\000"
 1629      655F7465 
 1629      6D7000
 1630              	.LASF48:
 1631 0199 474E5520 		.ascii	"GNU C11 5.4.1 20160609 (release) [ARM/embedded-5-br"
 1631      43313120 
 1631      352E342E 
 1631      31203230 
 1631      31363036 
 1632 01cc 616E6368 		.ascii	"anch revision 237715] -mcpu=cortex-m3 -mthumb -g -O"
 1632      20726576 
 1632      6973696F 
 1632      6E203233 
 1632      37373135 
 1633 01ff 67202D66 		.ascii	"g -ffunction-sections -ffat-lto-objects\000"
 1633      66756E63 
 1633      74696F6E 
 1633      2D736563 
 1633      74696F6E 
 1634              	.LASF45:
 1635 0227 45455052 		.ascii	"EEPROM_waitForWriteComplete\000"
 1635      4F4D5F77 
 1635      61697446 
 1635      6F725772 
 1635      69746543 
 1636              	.LASF24:
 1637 0243 53746F72 		.ascii	"Store_EEPROM\000"
 1637      655F4545 
 1637      50524F4D 
 1637      00
 1638              	.LASF20:
 1639 0250 73697A65 		.ascii	"sizetype\000"
 1639      74797065 
 1639      00
 1640              	.LASF9:
 1641 0259 6C6F6E67 		.ascii	"long long int\000"
 1641      206C6F6E 
 1641      6720696E 
 1641      7400
ARM GAS  C:\Users\Ilaria\AppData\Local\Temp\ccua2TMG.s 			page 35


 1642              	.LASF18:
 1643 0267 63686172 		.ascii	"char\000"
 1643      00
 1644              	.LASF23:
 1645 026c 746F6265 		.ascii	"tobesentEEPROM\000"
 1645      73656E74 
 1645      45455052 
 1645      4F4D00
 1646              	.LASF40:
 1647 027b 64617469 		.ascii	"datiAcc\000"
 1647      41636300 
 1648              	.LASF2:
 1649 0283 73686F72 		.ascii	"short int\000"
 1649      7420696E 
 1649      7400
 1650              	.LASF44:
 1651 028d 45455052 		.ascii	"EEPROM_writePage\000"
 1651      4F4D5F77 
 1651      72697465 
 1651      50616765 
 1651      00
 1652              	.LASF33:
 1653 029e 5061636B 		.ascii	"PacketReadyFlag\000"
 1653      65745265 
 1653      61647946 
 1653      6C616700 
 1654              	.LASF13:
 1655 02ae 75696E74 		.ascii	"uint16_t\000"
 1655      31365F74 
 1655      00
 1656              	.LASF42:
 1657 02b7 6669666F 		.ascii	"fifo_src_reg\000"
 1657      5F737263 
 1657      5F726567 
 1657      00
 1658              	.LASF7:
 1659 02c4 6C6F6E67 		.ascii	"long int\000"
 1659      20696E74 
 1659      00
 1660              	.LASF37:
 1661 02cd 44617461 		.ascii	"DataBuffer\000"
 1661      42756666 
 1661      657200
 1662              	.LASF19:
 1663 02d8 6C6F6E67 		.ascii	"long double\000"
 1663      20646F75 
 1663      626C6500 
 1664              	.LASF0:
 1665 02e4 7369676E 		.ascii	"signed char\000"
 1665      65642063 
 1665      68617200 
 1666              	.LASF39:
 1667 02f0 636F756E 		.ascii	"count_wtm\000"
 1667      745F7774 
 1667      6D00
 1668              	.LASF36:
 1669 02fa 53616D70 		.ascii	"SamplingFreqFlag\000"
ARM GAS  C:\Users\Ilaria\AppData\Local\Temp\ccua2TMG.s 			page 36


 1669      6C696E67 
 1669      46726571 
 1669      466C6167 
 1669      00
 1670              	.LASF43:
 1671 030b 55415254 		.ascii	"UART_1_PutString\000"
 1671      5F315F50 
 1671      75745374 
 1671      72696E67 
 1671      00
 1672              	.LASF25:
 1673 031c 53656E64 		.ascii	"Send_BCP\000"
 1673      5F424350 
 1673      00
 1674              	.LASF31:
 1675 0325 62756666 		.ascii	"bufferUART\000"
 1675      65725541 
 1675      525400
 1676              	.LASF35:
 1677 0330 46535246 		.ascii	"FSRFlag\000"
 1677      6C616700 
 1678              		.ident	"GCC: (GNU Tools for ARM Embedded Processors) 5.4.1 20160609 (release) [ARM/embedded-5-bran
