ARM GAS  C:\Users\ilami\AppData\Local\Temp\ccdssJbC.s 			page 1


   1              		.syntax unified
   2              		.cpu cortex-m3
   3              		.fpu softvfp
   4              		.eabi_attribute 20, 1
   5              		.eabi_attribute 21, 1
   6              		.eabi_attribute 23, 3
   7              		.eabi_attribute 24, 1
   8              		.eabi_attribute 25, 1
   9              		.eabi_attribute 26, 1
  10              		.eabi_attribute 30, 1
  11              		.eabi_attribute 34, 1
  12              		.eabi_attribute 18, 4
  13              		.thumb
  14              		.syntax unified
  15              		.file	"LIS3DH.c"
  16              		.text
  17              	.Ltext0:
  18              		.cfi_sections	.debug_frame
  19              		.section	.text.ACC_writeRegister,"ax",%progbits
  20              		.align	2
  21              		.global	ACC_writeRegister
  22              		.thumb
  23              		.thumb_func
  24              		.type	ACC_writeRegister, %function
  25              	ACC_writeRegister:
  26              	.LFB0:
  27              		.file 1 "LIS3DH.c"
   1:LIS3DH.c      **** /* ========================================
   2:LIS3DH.c      ****  *
   3:LIS3DH.c      ****  * Copyright YOUR COMPANY, THE YEAR
   4:LIS3DH.c      ****  * All Rights Reserved
   5:LIS3DH.c      ****  * UNPUBLISHED, LICENSED SOFTWARE.
   6:LIS3DH.c      ****  *
   7:LIS3DH.c      ****  * CONFIDENTIAL AND PROPRIETARY INFORMATION
   8:LIS3DH.c      ****  * WHICH IS THE PROPERTY OF your company.
   9:LIS3DH.c      ****  *
  10:LIS3DH.c      ****  * ========================================
  11:LIS3DH.c      **** */
  12:LIS3DH.c      **** 
  13:LIS3DH.c      **** #include "LIS3DH.h"
  14:LIS3DH.c      **** 
  15:LIS3DH.c      **** /** ====== User-level Functions ====== **/
  16:LIS3DH.c      **** 
  17:LIS3DH.c      **** 
  18:LIS3DH.c      **** void ACC_writeRegister(uint8_t reg_addr, uint8_t dataByte) {
  28              		.loc 1 18 0
  29              		.cfi_startproc
  30              		@ args = 0, pretend = 0, frame = 8
  31              		@ frame_needed = 0, uses_anonymous_args = 0
  32              	.LVL0:
  33 0000 30B5     		push	{r4, r5, lr}
  34              		.cfi_def_cfa_offset 12
  35              		.cfi_offset 4, -12
  36              		.cfi_offset 5, -8
  37              		.cfi_offset 14, -4
  38 0002 83B0     		sub	sp, sp, #12
  39              		.cfi_def_cfa_offset 24
ARM GAS  C:\Users\ilami\AppData\Local\Temp\ccdssJbC.s 			page 2


  19:LIS3DH.c      ****   	
  20:LIS3DH.c      **** 	/* Prepare the TX packet */
  21:LIS3DH.c      ****     uint8_t dataTX[2] = {(SPI_ACC_SINGLE_WRITE | reg_addr) , dataByte};
  40              		.loc 1 21 0
  41 0004 8DF80400 		strb	r0, [sp, #4]
  42 0008 8DF80510 		strb	r1, [sp, #5]
  22:LIS3DH.c      **** 	/* Nothing to RX... */
  23:LIS3DH.c      **** 	uint8_t temp = 0;
  43              		.loc 1 23 0
  44 000c 0024     		movs	r4, #0
  45 000e 02AD     		add	r5, sp, #8
  46 0010 05F8054D 		strb	r4, [r5, #-5]!
  24:LIS3DH.c      **** 	
  25:LIS3DH.c      ****     /* Enable the Slave */
  26:LIS3DH.c      ****     SLAVE_ACC_CS_Write(1);
  47              		.loc 1 26 0
  48 0014 0120     		movs	r0, #1
  49              	.LVL1:
  50 0016 FFF7FEFF 		bl	CS_2_Write
  51              	.LVL2:
  27:LIS3DH.c      ****     
  28:LIS3DH.c      **** 	/* Write 1 byte to addr */
  29:LIS3DH.c      **** 	SPI_Interface_LIS3DH_Multi_RW(dataTX, 2, &temp, 0);
  52              		.loc 1 29 0
  53 001a 2346     		mov	r3, r4
  54 001c 2A46     		mov	r2, r5
  55 001e 0221     		movs	r1, #2
  56 0020 01A8     		add	r0, sp, #4
  57 0022 FFF7FEFF 		bl	SPI_Interface_LIS3DH_Multi_RW
  58              	.LVL3:
  30:LIS3DH.c      ****     
  31:LIS3DH.c      **** 	/* Disable the Slave */  
  32:LIS3DH.c      ****     SLAVE_ACC_CS_Write(0);
  59              		.loc 1 32 0
  60 0026 2046     		mov	r0, r4
  61 0028 FFF7FEFF 		bl	CS_2_Write
  62              	.LVL4:
  33:LIS3DH.c      **** }
  63              		.loc 1 33 0
  64 002c 03B0     		add	sp, sp, #12
  65              		.cfi_def_cfa_offset 12
  66              		@ sp needed
  67 002e 30BD     		pop	{r4, r5, pc}
  68              		.cfi_endproc
  69              	.LFE0:
  70              		.size	ACC_writeRegister, .-ACC_writeRegister
  71              		.section	.text.ACC_readRegister,"ax",%progbits
  72              		.align	2
  73              		.global	ACC_readRegister
  74              		.thumb
  75              		.thumb_func
  76              		.type	ACC_readRegister, %function
  77              	ACC_readRegister:
  78              	.LFB1:
  34:LIS3DH.c      **** 
  35:LIS3DH.c      **** uint8_t ACC_readRegister(uint8_t reg_addr) {
  79              		.loc 1 35 0
ARM GAS  C:\Users\ilami\AppData\Local\Temp\ccdssJbC.s 			page 3


  80              		.cfi_startproc
  81              		@ args = 0, pretend = 0, frame = 8
  82              		@ frame_needed = 0, uses_anonymous_args = 0
  83              	.LVL5:
  84 0000 00B5     		push	{lr}
  85              		.cfi_def_cfa_offset 4
  86              		.cfi_offset 14, -4
  87 0002 83B0     		sub	sp, sp, #12
  88              		.cfi_def_cfa_offset 16
  36:LIS3DH.c      **** 
  37:LIS3DH.c      **** 	/* Prepare the TX data packet: instruction + address */
  38:LIS3DH.c      **** 	uint8_t dataTX[1] = {(SPI_ACC_SINGLE_READ | reg_addr)};
  89              		.loc 1 38 0
  90 0004 60F07F00 		orn	r0, r0, #127
  91              	.LVL6:
  92 0008 8DF80400 		strb	r0, [sp, #4]
  39:LIS3DH.c      **** 	
  40:LIS3DH.c      **** 	/* Prepare the RX byte */
  41:LIS3DH.c      **** 	uint8_t dataRX = 0;
  93              		.loc 1 41 0
  94 000c 02AA     		add	r2, sp, #8
  95 000e 0023     		movs	r3, #0
  96 0010 02F8053D 		strb	r3, [r2, #-5]!
  42:LIS3DH.c      **** 	
  43:LIS3DH.c      **** 	/* Read 1 byte from addr */
  44:LIS3DH.c      **** 	SPI_Interface_LIS3DH_Multi_RW(dataTX, 1, &dataRX, 1);
  97              		.loc 1 44 0
  98 0014 0123     		movs	r3, #1
  99 0016 1946     		mov	r1, r3
 100 0018 01A8     		add	r0, sp, #4
 101 001a FFF7FEFF 		bl	SPI_Interface_LIS3DH_Multi_RW
 102              	.LVL7:
  45:LIS3DH.c      ****         
  46:LIS3DH.c      **** 	return dataRX;
  47:LIS3DH.c      **** 
  48:LIS3DH.c      **** }
 103              		.loc 1 48 0
 104 001e 9DF80300 		ldrb	r0, [sp, #3]	@ zero_extendqisi2
 105 0022 03B0     		add	sp, sp, #12
 106              		.cfi_def_cfa_offset 4
 107              		@ sp needed
 108 0024 5DF804FB 		ldr	pc, [sp], #4
 109              		.cfi_endproc
 110              	.LFE1:
 111              		.size	ACC_readRegister, .-ACC_readRegister
 112              		.text
 113              	.Letext0:
 114              		.file 2 "c:\\program files (x86)\\cypress\\psoc creator\\4.3\\psoc creator\\import\\gnu\\arm\\5.4.
 115              		.file 3 "c:\\program files (x86)\\cypress\\psoc creator\\4.3\\psoc creator\\import\\gnu\\arm\\5.4.
 116              		.file 4 "Generated_Source\\PSoC5/CS_2.h"
 117              		.file 5 "SPI_Interface_LIS3DH.h"
 118              		.section	.debug_info,"",%progbits
 119              	.Ldebug_info0:
 120 0000 D4010000 		.4byte	0x1d4
 121 0004 0400     		.2byte	0x4
 122 0006 00000000 		.4byte	.Ldebug_abbrev0
 123 000a 04       		.byte	0x4
ARM GAS  C:\Users\ilami\AppData\Local\Temp\ccdssJbC.s 			page 4


 124 000b 01       		.uleb128 0x1
 125 000c 57000000 		.4byte	.LASF23
 126 0010 0C       		.byte	0xc
 127 0011 4E000000 		.4byte	.LASF24
 128 0015 C5010000 		.4byte	.LASF25
 129 0019 00000000 		.4byte	.Ldebug_ranges0+0
 130 001d 00000000 		.4byte	0
 131 0021 00000000 		.4byte	.Ldebug_line0
 132 0025 02       		.uleb128 0x2
 133 0026 01       		.byte	0x1
 134 0027 06       		.byte	0x6
 135 0028 6A010000 		.4byte	.LASF0
 136 002c 03       		.uleb128 0x3
 137 002d 15010000 		.4byte	.LASF9
 138 0031 02       		.byte	0x2
 139 0032 1D       		.byte	0x1d
 140 0033 37000000 		.4byte	0x37
 141 0037 02       		.uleb128 0x2
 142 0038 01       		.byte	0x1
 143 0039 08       		.byte	0x8
 144 003a 2D010000 		.4byte	.LASF1
 145 003e 02       		.uleb128 0x2
 146 003f 02       		.byte	0x2
 147 0040 05       		.byte	0x5
 148 0041 9D010000 		.4byte	.LASF2
 149 0045 02       		.uleb128 0x2
 150 0046 02       		.byte	0x2
 151 0047 07       		.byte	0x7
 152 0048 57010000 		.4byte	.LASF3
 153 004c 02       		.uleb128 0x2
 154 004d 04       		.byte	0x4
 155 004e 05       		.byte	0x5
 156 004f 47010000 		.4byte	.LASF4
 157 0053 02       		.uleb128 0x2
 158 0054 04       		.byte	0x4
 159 0055 07       		.byte	0x7
 160 0056 E5000000 		.4byte	.LASF5
 161 005a 02       		.uleb128 0x2
 162 005b 08       		.byte	0x8
 163 005c 05       		.byte	0x5
 164 005d 00000000 		.4byte	.LASF6
 165 0061 02       		.uleb128 0x2
 166 0062 08       		.byte	0x8
 167 0063 07       		.byte	0x7
 168 0064 FE000000 		.4byte	.LASF7
 169 0068 04       		.uleb128 0x4
 170 0069 04       		.byte	0x4
 171 006a 05       		.byte	0x5
 172 006b 696E7400 		.ascii	"int\000"
 173 006f 02       		.uleb128 0x2
 174 0070 04       		.byte	0x4
 175 0071 07       		.byte	0x7
 176 0072 20000000 		.4byte	.LASF8
 177 0076 03       		.uleb128 0x3
 178 0077 25010000 		.4byte	.LASF10
 179 007b 03       		.byte	0x3
 180 007c 18       		.byte	0x18
ARM GAS  C:\Users\ilami\AppData\Local\Temp\ccdssJbC.s 			page 5


 181 007d 2C000000 		.4byte	0x2c
 182 0081 02       		.uleb128 0x2
 183 0082 04       		.byte	0x4
 184 0083 04       		.byte	0x4
 185 0084 1F010000 		.4byte	.LASF11
 186 0088 02       		.uleb128 0x2
 187 0089 08       		.byte	0x8
 188 008a 04       		.byte	0x4
 189 008b 50010000 		.4byte	.LASF12
 190 008f 02       		.uleb128 0x2
 191 0090 01       		.byte	0x1
 192 0091 08       		.byte	0x8
 193 0092 42010000 		.4byte	.LASF13
 194 0096 02       		.uleb128 0x2
 195 0097 08       		.byte	0x8
 196 0098 04       		.byte	0x4
 197 0099 76010000 		.4byte	.LASF14
 198 009d 02       		.uleb128 0x2
 199 009e 04       		.byte	0x4
 200 009f 07       		.byte	0x7
 201 00a0 8B010000 		.4byte	.LASF15
 202 00a4 05       		.uleb128 0x5
 203 00a5 0E000000 		.4byte	.LASF26
 204 00a9 01       		.byte	0x1
 205 00aa 12       		.byte	0x12
 206 00ab 00000000 		.4byte	.LFB0
 207 00af 30000000 		.4byte	.LFE0-.LFB0
 208 00b3 01       		.uleb128 0x1
 209 00b4 9C       		.byte	0x9c
 210 00b5 3C010000 		.4byte	0x13c
 211 00b9 06       		.uleb128 0x6
 212 00ba 94010000 		.4byte	.LASF16
 213 00be 01       		.byte	0x1
 214 00bf 12       		.byte	0x12
 215 00c0 76000000 		.4byte	0x76
 216 00c4 00000000 		.4byte	.LLST0
 217 00c8 06       		.uleb128 0x6
 218 00c9 82010000 		.4byte	.LASF17
 219 00cd 01       		.byte	0x1
 220 00ce 12       		.byte	0x12
 221 00cf 76000000 		.4byte	0x76
 222 00d3 2D000000 		.4byte	.LLST1
 223 00d7 07       		.uleb128 0x7
 224 00d8 3B010000 		.4byte	.LASF18
 225 00dc 01       		.byte	0x1
 226 00dd 15       		.byte	0x15
 227 00de 3C010000 		.4byte	0x13c
 228 00e2 02       		.uleb128 0x2
 229 00e3 91       		.byte	0x91
 230 00e4 6C       		.sleb128 -20
 231 00e5 07       		.uleb128 0x7
 232 00e6 38000000 		.4byte	.LASF19
 233 00ea 01       		.byte	0x1
 234 00eb 17       		.byte	0x17
 235 00ec 76000000 		.4byte	0x76
 236 00f0 02       		.uleb128 0x2
 237 00f1 91       		.byte	0x91
ARM GAS  C:\Users\ilami\AppData\Local\Temp\ccdssJbC.s 			page 6


 238 00f2 6B       		.sleb128 -21
 239 00f3 08       		.uleb128 0x8
 240 00f4 1A000000 		.4byte	.LVL2
 241 00f8 C1010000 		.4byte	0x1c1
 242 00fc 06010000 		.4byte	0x106
 243 0100 09       		.uleb128 0x9
 244 0101 01       		.uleb128 0x1
 245 0102 50       		.byte	0x50
 246 0103 01       		.uleb128 0x1
 247 0104 31       		.byte	0x31
 248 0105 00       		.byte	0
 249 0106 08       		.uleb128 0x8
 250 0107 26000000 		.4byte	.LVL3
 251 010b CC010000 		.4byte	0x1cc
 252 010f 2B010000 		.4byte	0x12b
 253 0113 09       		.uleb128 0x9
 254 0114 01       		.uleb128 0x1
 255 0115 50       		.byte	0x50
 256 0116 02       		.uleb128 0x2
 257 0117 91       		.byte	0x91
 258 0118 6C       		.sleb128 -20
 259 0119 09       		.uleb128 0x9
 260 011a 01       		.uleb128 0x1
 261 011b 51       		.byte	0x51
 262 011c 01       		.uleb128 0x1
 263 011d 32       		.byte	0x32
 264 011e 09       		.uleb128 0x9
 265 011f 01       		.uleb128 0x1
 266 0120 52       		.byte	0x52
 267 0121 02       		.uleb128 0x2
 268 0122 75       		.byte	0x75
 269 0123 00       		.sleb128 0
 270 0124 09       		.uleb128 0x9
 271 0125 01       		.uleb128 0x1
 272 0126 53       		.byte	0x53
 273 0127 02       		.uleb128 0x2
 274 0128 74       		.byte	0x74
 275 0129 00       		.sleb128 0
 276 012a 00       		.byte	0
 277 012b 0A       		.uleb128 0xa
 278 012c 2C000000 		.4byte	.LVL4
 279 0130 C1010000 		.4byte	0x1c1
 280 0134 09       		.uleb128 0x9
 281 0135 01       		.uleb128 0x1
 282 0136 50       		.byte	0x50
 283 0137 02       		.uleb128 0x2
 284 0138 74       		.byte	0x74
 285 0139 00       		.sleb128 0
 286 013a 00       		.byte	0
 287 013b 00       		.byte	0
 288 013c 0B       		.uleb128 0xb
 289 013d 76000000 		.4byte	0x76
 290 0141 4C010000 		.4byte	0x14c
 291 0145 0C       		.uleb128 0xc
 292 0146 9D000000 		.4byte	0x9d
 293 014a 01       		.byte	0x1
 294 014b 00       		.byte	0
ARM GAS  C:\Users\ilami\AppData\Local\Temp\ccdssJbC.s 			page 7


 295 014c 0D       		.uleb128 0xd
 296 014d 3D000000 		.4byte	.LASF27
 297 0151 01       		.byte	0x1
 298 0152 23       		.byte	0x23
 299 0153 76000000 		.4byte	0x76
 300 0157 00000000 		.4byte	.LFB1
 301 015b 28000000 		.4byte	.LFE1-.LFB1
 302 015f 01       		.uleb128 0x1
 303 0160 9C       		.byte	0x9c
 304 0161 B1010000 		.4byte	0x1b1
 305 0165 06       		.uleb128 0x6
 306 0166 94010000 		.4byte	.LASF16
 307 016a 01       		.byte	0x1
 308 016b 23       		.byte	0x23
 309 016c 76000000 		.4byte	0x76
 310 0170 4E000000 		.4byte	.LLST2
 311 0174 07       		.uleb128 0x7
 312 0175 3B010000 		.4byte	.LASF18
 313 0179 01       		.byte	0x1
 314 017a 26       		.byte	0x26
 315 017b B1010000 		.4byte	0x1b1
 316 017f 02       		.uleb128 0x2
 317 0180 91       		.byte	0x91
 318 0181 74       		.sleb128 -12
 319 0182 07       		.uleb128 0x7
 320 0183 F7000000 		.4byte	.LASF20
 321 0187 01       		.byte	0x1
 322 0188 29       		.byte	0x29
 323 0189 76000000 		.4byte	0x76
 324 018d 02       		.uleb128 0x2
 325 018e 91       		.byte	0x91
 326 018f 73       		.sleb128 -13
 327 0190 0A       		.uleb128 0xa
 328 0191 1E000000 		.4byte	.LVL7
 329 0195 CC010000 		.4byte	0x1cc
 330 0199 09       		.uleb128 0x9
 331 019a 01       		.uleb128 0x1
 332 019b 50       		.byte	0x50
 333 019c 02       		.uleb128 0x2
 334 019d 91       		.byte	0x91
 335 019e 74       		.sleb128 -12
 336 019f 09       		.uleb128 0x9
 337 01a0 01       		.uleb128 0x1
 338 01a1 51       		.byte	0x51
 339 01a2 01       		.uleb128 0x1
 340 01a3 31       		.byte	0x31
 341 01a4 09       		.uleb128 0x9
 342 01a5 01       		.uleb128 0x1
 343 01a6 52       		.byte	0x52
 344 01a7 02       		.uleb128 0x2
 345 01a8 91       		.byte	0x91
 346 01a9 73       		.sleb128 -13
 347 01aa 09       		.uleb128 0x9
 348 01ab 01       		.uleb128 0x1
 349 01ac 53       		.byte	0x53
 350 01ad 01       		.uleb128 0x1
 351 01ae 31       		.byte	0x31
ARM GAS  C:\Users\ilami\AppData\Local\Temp\ccdssJbC.s 			page 8


 352 01af 00       		.byte	0
 353 01b0 00       		.byte	0
 354 01b1 0B       		.uleb128 0xb
 355 01b2 76000000 		.4byte	0x76
 356 01b6 C1010000 		.4byte	0x1c1
 357 01ba 0C       		.uleb128 0xc
 358 01bb 9D000000 		.4byte	0x9d
 359 01bf 00       		.byte	0
 360 01c0 00       		.byte	0
 361 01c1 0E       		.uleb128 0xe
 362 01c2 2D000000 		.4byte	.LASF21
 363 01c6 2D000000 		.4byte	.LASF21
 364 01ca 04       		.byte	0x4
 365 01cb 26       		.byte	0x26
 366 01cc 0E       		.uleb128 0xe
 367 01cd A7010000 		.4byte	.LASF22
 368 01d1 A7010000 		.4byte	.LASF22
 369 01d5 05       		.byte	0x5
 370 01d6 62       		.byte	0x62
 371 01d7 00       		.byte	0
 372              		.section	.debug_abbrev,"",%progbits
 373              	.Ldebug_abbrev0:
 374 0000 01       		.uleb128 0x1
 375 0001 11       		.uleb128 0x11
 376 0002 01       		.byte	0x1
 377 0003 25       		.uleb128 0x25
 378 0004 0E       		.uleb128 0xe
 379 0005 13       		.uleb128 0x13
 380 0006 0B       		.uleb128 0xb
 381 0007 03       		.uleb128 0x3
 382 0008 0E       		.uleb128 0xe
 383 0009 1B       		.uleb128 0x1b
 384 000a 0E       		.uleb128 0xe
 385 000b 55       		.uleb128 0x55
 386 000c 17       		.uleb128 0x17
 387 000d 11       		.uleb128 0x11
 388 000e 01       		.uleb128 0x1
 389 000f 10       		.uleb128 0x10
 390 0010 17       		.uleb128 0x17
 391 0011 00       		.byte	0
 392 0012 00       		.byte	0
 393 0013 02       		.uleb128 0x2
 394 0014 24       		.uleb128 0x24
 395 0015 00       		.byte	0
 396 0016 0B       		.uleb128 0xb
 397 0017 0B       		.uleb128 0xb
 398 0018 3E       		.uleb128 0x3e
 399 0019 0B       		.uleb128 0xb
 400 001a 03       		.uleb128 0x3
 401 001b 0E       		.uleb128 0xe
 402 001c 00       		.byte	0
 403 001d 00       		.byte	0
 404 001e 03       		.uleb128 0x3
 405 001f 16       		.uleb128 0x16
 406 0020 00       		.byte	0
 407 0021 03       		.uleb128 0x3
 408 0022 0E       		.uleb128 0xe
ARM GAS  C:\Users\ilami\AppData\Local\Temp\ccdssJbC.s 			page 9


 409 0023 3A       		.uleb128 0x3a
 410 0024 0B       		.uleb128 0xb
 411 0025 3B       		.uleb128 0x3b
 412 0026 0B       		.uleb128 0xb
 413 0027 49       		.uleb128 0x49
 414 0028 13       		.uleb128 0x13
 415 0029 00       		.byte	0
 416 002a 00       		.byte	0
 417 002b 04       		.uleb128 0x4
 418 002c 24       		.uleb128 0x24
 419 002d 00       		.byte	0
 420 002e 0B       		.uleb128 0xb
 421 002f 0B       		.uleb128 0xb
 422 0030 3E       		.uleb128 0x3e
 423 0031 0B       		.uleb128 0xb
 424 0032 03       		.uleb128 0x3
 425 0033 08       		.uleb128 0x8
 426 0034 00       		.byte	0
 427 0035 00       		.byte	0
 428 0036 05       		.uleb128 0x5
 429 0037 2E       		.uleb128 0x2e
 430 0038 01       		.byte	0x1
 431 0039 3F       		.uleb128 0x3f
 432 003a 19       		.uleb128 0x19
 433 003b 03       		.uleb128 0x3
 434 003c 0E       		.uleb128 0xe
 435 003d 3A       		.uleb128 0x3a
 436 003e 0B       		.uleb128 0xb
 437 003f 3B       		.uleb128 0x3b
 438 0040 0B       		.uleb128 0xb
 439 0041 27       		.uleb128 0x27
 440 0042 19       		.uleb128 0x19
 441 0043 11       		.uleb128 0x11
 442 0044 01       		.uleb128 0x1
 443 0045 12       		.uleb128 0x12
 444 0046 06       		.uleb128 0x6
 445 0047 40       		.uleb128 0x40
 446 0048 18       		.uleb128 0x18
 447 0049 9742     		.uleb128 0x2117
 448 004b 19       		.uleb128 0x19
 449 004c 01       		.uleb128 0x1
 450 004d 13       		.uleb128 0x13
 451 004e 00       		.byte	0
 452 004f 00       		.byte	0
 453 0050 06       		.uleb128 0x6
 454 0051 05       		.uleb128 0x5
 455 0052 00       		.byte	0
 456 0053 03       		.uleb128 0x3
 457 0054 0E       		.uleb128 0xe
 458 0055 3A       		.uleb128 0x3a
 459 0056 0B       		.uleb128 0xb
 460 0057 3B       		.uleb128 0x3b
 461 0058 0B       		.uleb128 0xb
 462 0059 49       		.uleb128 0x49
 463 005a 13       		.uleb128 0x13
 464 005b 02       		.uleb128 0x2
 465 005c 17       		.uleb128 0x17
ARM GAS  C:\Users\ilami\AppData\Local\Temp\ccdssJbC.s 			page 10


 466 005d 00       		.byte	0
 467 005e 00       		.byte	0
 468 005f 07       		.uleb128 0x7
 469 0060 34       		.uleb128 0x34
 470 0061 00       		.byte	0
 471 0062 03       		.uleb128 0x3
 472 0063 0E       		.uleb128 0xe
 473 0064 3A       		.uleb128 0x3a
 474 0065 0B       		.uleb128 0xb
 475 0066 3B       		.uleb128 0x3b
 476 0067 0B       		.uleb128 0xb
 477 0068 49       		.uleb128 0x49
 478 0069 13       		.uleb128 0x13
 479 006a 02       		.uleb128 0x2
 480 006b 18       		.uleb128 0x18
 481 006c 00       		.byte	0
 482 006d 00       		.byte	0
 483 006e 08       		.uleb128 0x8
 484 006f 898201   		.uleb128 0x4109
 485 0072 01       		.byte	0x1
 486 0073 11       		.uleb128 0x11
 487 0074 01       		.uleb128 0x1
 488 0075 31       		.uleb128 0x31
 489 0076 13       		.uleb128 0x13
 490 0077 01       		.uleb128 0x1
 491 0078 13       		.uleb128 0x13
 492 0079 00       		.byte	0
 493 007a 00       		.byte	0
 494 007b 09       		.uleb128 0x9
 495 007c 8A8201   		.uleb128 0x410a
 496 007f 00       		.byte	0
 497 0080 02       		.uleb128 0x2
 498 0081 18       		.uleb128 0x18
 499 0082 9142     		.uleb128 0x2111
 500 0084 18       		.uleb128 0x18
 501 0085 00       		.byte	0
 502 0086 00       		.byte	0
 503 0087 0A       		.uleb128 0xa
 504 0088 898201   		.uleb128 0x4109
 505 008b 01       		.byte	0x1
 506 008c 11       		.uleb128 0x11
 507 008d 01       		.uleb128 0x1
 508 008e 31       		.uleb128 0x31
 509 008f 13       		.uleb128 0x13
 510 0090 00       		.byte	0
 511 0091 00       		.byte	0
 512 0092 0B       		.uleb128 0xb
 513 0093 01       		.uleb128 0x1
 514 0094 01       		.byte	0x1
 515 0095 49       		.uleb128 0x49
 516 0096 13       		.uleb128 0x13
 517 0097 01       		.uleb128 0x1
 518 0098 13       		.uleb128 0x13
 519 0099 00       		.byte	0
 520 009a 00       		.byte	0
 521 009b 0C       		.uleb128 0xc
 522 009c 21       		.uleb128 0x21
ARM GAS  C:\Users\ilami\AppData\Local\Temp\ccdssJbC.s 			page 11


 523 009d 00       		.byte	0
 524 009e 49       		.uleb128 0x49
 525 009f 13       		.uleb128 0x13
 526 00a0 2F       		.uleb128 0x2f
 527 00a1 0B       		.uleb128 0xb
 528 00a2 00       		.byte	0
 529 00a3 00       		.byte	0
 530 00a4 0D       		.uleb128 0xd
 531 00a5 2E       		.uleb128 0x2e
 532 00a6 01       		.byte	0x1
 533 00a7 3F       		.uleb128 0x3f
 534 00a8 19       		.uleb128 0x19
 535 00a9 03       		.uleb128 0x3
 536 00aa 0E       		.uleb128 0xe
 537 00ab 3A       		.uleb128 0x3a
 538 00ac 0B       		.uleb128 0xb
 539 00ad 3B       		.uleb128 0x3b
 540 00ae 0B       		.uleb128 0xb
 541 00af 27       		.uleb128 0x27
 542 00b0 19       		.uleb128 0x19
 543 00b1 49       		.uleb128 0x49
 544 00b2 13       		.uleb128 0x13
 545 00b3 11       		.uleb128 0x11
 546 00b4 01       		.uleb128 0x1
 547 00b5 12       		.uleb128 0x12
 548 00b6 06       		.uleb128 0x6
 549 00b7 40       		.uleb128 0x40
 550 00b8 18       		.uleb128 0x18
 551 00b9 9742     		.uleb128 0x2117
 552 00bb 19       		.uleb128 0x19
 553 00bc 01       		.uleb128 0x1
 554 00bd 13       		.uleb128 0x13
 555 00be 00       		.byte	0
 556 00bf 00       		.byte	0
 557 00c0 0E       		.uleb128 0xe
 558 00c1 2E       		.uleb128 0x2e
 559 00c2 00       		.byte	0
 560 00c3 3F       		.uleb128 0x3f
 561 00c4 19       		.uleb128 0x19
 562 00c5 3C       		.uleb128 0x3c
 563 00c6 19       		.uleb128 0x19
 564 00c7 6E       		.uleb128 0x6e
 565 00c8 0E       		.uleb128 0xe
 566 00c9 03       		.uleb128 0x3
 567 00ca 0E       		.uleb128 0xe
 568 00cb 3A       		.uleb128 0x3a
 569 00cc 0B       		.uleb128 0xb
 570 00cd 3B       		.uleb128 0x3b
 571 00ce 0B       		.uleb128 0xb
 572 00cf 00       		.byte	0
 573 00d0 00       		.byte	0
 574 00d1 00       		.byte	0
 575              		.section	.debug_loc,"",%progbits
 576              	.Ldebug_loc0:
 577              	.LLST0:
 578 0000 00000000 		.4byte	.LVL0
 579 0004 16000000 		.4byte	.LVL1
ARM GAS  C:\Users\ilami\AppData\Local\Temp\ccdssJbC.s 			page 12


 580 0008 0100     		.2byte	0x1
 581 000a 50       		.byte	0x50
 582 000b 16000000 		.4byte	.LVL1
 583 000f 19000000 		.4byte	.LVL2-1
 584 0013 0200     		.2byte	0x2
 585 0015 91       		.byte	0x91
 586 0016 6C       		.sleb128 -20
 587 0017 19000000 		.4byte	.LVL2-1
 588 001b 30000000 		.4byte	.LFE0
 589 001f 0400     		.2byte	0x4
 590 0021 F3       		.byte	0xf3
 591 0022 01       		.uleb128 0x1
 592 0023 50       		.byte	0x50
 593 0024 9F       		.byte	0x9f
 594 0025 00000000 		.4byte	0
 595 0029 00000000 		.4byte	0
 596              	.LLST1:
 597 002d 00000000 		.4byte	.LVL0
 598 0031 19000000 		.4byte	.LVL2-1
 599 0035 0100     		.2byte	0x1
 600 0037 51       		.byte	0x51
 601 0038 19000000 		.4byte	.LVL2-1
 602 003c 30000000 		.4byte	.LFE0
 603 0040 0400     		.2byte	0x4
 604 0042 F3       		.byte	0xf3
 605 0043 01       		.uleb128 0x1
 606 0044 51       		.byte	0x51
 607 0045 9F       		.byte	0x9f
 608 0046 00000000 		.4byte	0
 609 004a 00000000 		.4byte	0
 610              	.LLST2:
 611 004e 00000000 		.4byte	.LVL5
 612 0052 08000000 		.4byte	.LVL6
 613 0056 0100     		.2byte	0x1
 614 0058 50       		.byte	0x50
 615 0059 08000000 		.4byte	.LVL6
 616 005d 28000000 		.4byte	.LFE1
 617 0061 0400     		.2byte	0x4
 618 0063 F3       		.byte	0xf3
 619 0064 01       		.uleb128 0x1
 620 0065 50       		.byte	0x50
 621 0066 9F       		.byte	0x9f
 622 0067 00000000 		.4byte	0
 623 006b 00000000 		.4byte	0
 624              		.section	.debug_aranges,"",%progbits
 625 0000 24000000 		.4byte	0x24
 626 0004 0200     		.2byte	0x2
 627 0006 00000000 		.4byte	.Ldebug_info0
 628 000a 04       		.byte	0x4
 629 000b 00       		.byte	0
 630 000c 0000     		.2byte	0
 631 000e 0000     		.2byte	0
 632 0010 00000000 		.4byte	.LFB0
 633 0014 30000000 		.4byte	.LFE0-.LFB0
 634 0018 00000000 		.4byte	.LFB1
 635 001c 28000000 		.4byte	.LFE1-.LFB1
 636 0020 00000000 		.4byte	0
ARM GAS  C:\Users\ilami\AppData\Local\Temp\ccdssJbC.s 			page 13


 637 0024 00000000 		.4byte	0
 638              		.section	.debug_ranges,"",%progbits
 639              	.Ldebug_ranges0:
 640 0000 00000000 		.4byte	.LFB0
 641 0004 30000000 		.4byte	.LFE0
 642 0008 00000000 		.4byte	.LFB1
 643 000c 28000000 		.4byte	.LFE1
 644 0010 00000000 		.4byte	0
 645 0014 00000000 		.4byte	0
 646              		.section	.debug_line,"",%progbits
 647              	.Ldebug_line0:
 648 0000 85010000 		.section	.debug_str,"MS",%progbits,1
 648      02005701 
 648      00000201 
 648      FB0E0D00 
 648      01010101 
 649              	.LASF6:
 650 0000 6C6F6E67 		.ascii	"long long int\000"
 650      206C6F6E 
 650      6720696E 
 650      7400
 651              	.LASF26:
 652 000e 4143435F 		.ascii	"ACC_writeRegister\000"
 652      77726974 
 652      65526567 
 652      69737465 
 652      7200
 653              	.LASF8:
 654 0020 756E7369 		.ascii	"unsigned int\000"
 654      676E6564 
 654      20696E74 
 654      00
 655              	.LASF21:
 656 002d 43535F32 		.ascii	"CS_2_Write\000"
 656      5F577269 
 656      746500
 657              	.LASF19:
 658 0038 74656D70 		.ascii	"temp\000"
 658      00
 659              	.LASF27:
 660 003d 4143435F 		.ascii	"ACC_readRegister\000"
 660      72656164 
 660      52656769 
 660      73746572 
 660      00
 661              	.LASF24:
 662 004e 4C495333 		.ascii	"LIS3DH.c\000"
 662      44482E63 
 662      00
 663              	.LASF23:
 664 0057 474E5520 		.ascii	"GNU C11 5.4.1 20160609 (release) [ARM/embedded-5-br"
 664      43313120 
 664      352E342E 
 664      31203230 
 664      31363036 
 665 008a 616E6368 		.ascii	"anch revision 237715] -mcpu=cortex-m3 -mthumb -g -O"
 665      20726576 
ARM GAS  C:\Users\ilami\AppData\Local\Temp\ccdssJbC.s 			page 14


 665      6973696F 
 665      6E203233 
 665      37373135 
 666 00bd 67202D66 		.ascii	"g -ffunction-sections -ffat-lto-objects\000"
 666      66756E63 
 666      74696F6E 
 666      2D736563 
 666      74696F6E 
 667              	.LASF5:
 668 00e5 6C6F6E67 		.ascii	"long unsigned int\000"
 668      20756E73 
 668      69676E65 
 668      6420696E 
 668      7400
 669              	.LASF20:
 670 00f7 64617461 		.ascii	"dataRX\000"
 670      525800
 671              	.LASF7:
 672 00fe 6C6F6E67 		.ascii	"long long unsigned int\000"
 672      206C6F6E 
 672      6720756E 
 672      7369676E 
 672      65642069 
 673              	.LASF9:
 674 0115 5F5F7569 		.ascii	"__uint8_t\000"
 674      6E74385F 
 674      7400
 675              	.LASF11:
 676 011f 666C6F61 		.ascii	"float\000"
 676      7400
 677              	.LASF10:
 678 0125 75696E74 		.ascii	"uint8_t\000"
 678      385F7400 
 679              	.LASF1:
 680 012d 756E7369 		.ascii	"unsigned char\000"
 680      676E6564 
 680      20636861 
 680      7200
 681              	.LASF18:
 682 013b 64617461 		.ascii	"dataTX\000"
 682      545800
 683              	.LASF13:
 684 0142 63686172 		.ascii	"char\000"
 684      00
 685              	.LASF4:
 686 0147 6C6F6E67 		.ascii	"long int\000"
 686      20696E74 
 686      00
 687              	.LASF12:
 688 0150 646F7562 		.ascii	"double\000"
 688      6C6500
 689              	.LASF3:
 690 0157 73686F72 		.ascii	"short unsigned int\000"
 690      7420756E 
 690      7369676E 
 690      65642069 
 690      6E7400
ARM GAS  C:\Users\ilami\AppData\Local\Temp\ccdssJbC.s 			page 15


 691              	.LASF0:
 692 016a 7369676E 		.ascii	"signed char\000"
 692      65642063 
 692      68617200 
 693              	.LASF14:
 694 0176 6C6F6E67 		.ascii	"long double\000"
 694      20646F75 
 694      626C6500 
 695              	.LASF17:
 696 0182 64617461 		.ascii	"dataByte\000"
 696      42797465 
 696      00
 697              	.LASF15:
 698 018b 73697A65 		.ascii	"sizetype\000"
 698      74797065 
 698      00
 699              	.LASF16:
 700 0194 7265675F 		.ascii	"reg_addr\000"
 700      61646472 
 700      00
 701              	.LASF2:
 702 019d 73686F72 		.ascii	"short int\000"
 702      7420696E 
 702      7400
 703              	.LASF22:
 704 01a7 5350495F 		.ascii	"SPI_Interface_LIS3DH_Multi_RW\000"
 704      496E7465 
 704      72666163 
 704      655F4C49 
 704      53334448 
 705              	.LASF25:
 706 01c5 433A5C55 		.ascii	"C:\\Users\\ilami\\Documents\\GitHub\\Final-Project-"
 706      73657273 
 706      5C696C61 
 706      6D695C44 
 706      6F63756D 
 707 01f3 47524F55 		.ascii	"GROUP-5\\Final_Project_Group5.cydsn\000"
 707      502D355C 
 707      46696E61 
 707      6C5F5072 
 707      6F6A6563 
 708              		.ident	"GCC: (GNU Tools for ARM Embedded Processors) 5.4.1 20160609 (release) [ARM/embedded-5-bran
