ARM GAS  C:\Users\Ilaria\AppData\Local\Temp\cczHlXbA.s 			page 1


   1              		.syntax unified
   2              		.cpu cortex-m3
   3              		.fpu softvfp
   4              		.eabi_attribute 20, 1
   5              		.eabi_attribute 21, 1
   6              		.eabi_attribute 23, 3
   7              		.eabi_attribute 24, 1
   8              		.eabi_attribute 25, 1
   9              		.eabi_attribute 26, 1
  10              		.eabi_attribute 30, 1
  11              		.eabi_attribute 34, 1
  12              		.eabi_attribute 18, 4
  13              		.thumb
  14              		.syntax unified
  15              		.file	"main.c"
  16              		.text
  17              	.Ltext0:
  18              		.cfi_sections	.debug_frame
  19              		.section	.text.main,"ax",%progbits
  20              		.align	2
  21              		.global	main
  22              		.thumb
  23              		.thumb_func
  24              		.type	main, %function
  25              	main:
  26              	.LFB64:
  27              		.file 1 "main.c"
   1:main.c        **** /**
   2:main.c        ****  * @file main.c
   3:main.c        ****  * @brief Main file of the EEPROM 25LC256 and Accelerometer LIS3DH project
   4:main.c        ****  * 
   5:main.c        ****  * Communication of accelerometer via SPI protocol
   6:main.c        ****  * Usage of 25LC256 SPI EEPROM
   7:main.c        ****  * interfaced using the library hereby implemented.
   8:main.c        ****  *
   9:main.c        ****  * @autors: Catarrasa Ilaria, Fasani Federica, Milani Ilaria
  10:main.c        ****  * @date 13-May-2020
  11:main.c        ****  */
  12:main.c        **** 
  13:main.c        **** // Include required header files
  14:main.c        **** #include "project.h"
  15:main.c        **** #include "stdio.h"
  16:main.c        **** #include "string.h"
  17:main.c        **** #include "InterruptRoutines.h"
  18:main.c        **** #include "Functions.h"
  19:main.c        **** 
  20:main.c        **** //Define buffer for UART
  21:main.c        **** #define UART_1_PutBuffer UART_1_PutString(bufferUART)
  22:main.c        **** char bufferUART[100];
  23:main.c        **** 
  24:main.c        **** /* EEPROM 25LC256 Library */
  25:main.c        **** #include "25LC256.h"
  26:main.c        **** /* EEPROM LIS3DH Library */
  27:main.c        **** #include "LIS3DH.h"
  28:main.c        **** 
  29:main.c        **** 
  30:main.c        **** int main(void) {
ARM GAS  C:\Users\Ilaria\AppData\Local\Temp\cczHlXbA.s 			page 2


  28              		.loc 1 30 0
  29              		.cfi_startproc
  30              		@ args = 0, pretend = 0, frame = 0
  31              		@ frame_needed = 0, uses_anonymous_args = 0
  32 0000 10B5     		push	{r4, lr}
  33              		.cfi_def_cfa_offset 8
  34              		.cfi_offset 4, -8
  35              		.cfi_offset 14, -4
  31:main.c        ****     
  32:main.c        ****     /* Enable global interrupts. */
  33:main.c        ****     CyGlobalIntEnable; 
  36              		.loc 1 33 0
  37              		.syntax unified
  38              	@ 33 "main.c" 1
  39 0002 62B6     		CPSIE   i
  40              	@ 0 "" 2
  34:main.c        ****     
  35:main.c        ****     /* Start UART */
  36:main.c        ****     UART_1_Start();
  41              		.loc 1 36 0
  42              		.thumb
  43              		.syntax unified
  44 0004 FFF7FEFF 		bl	UART_1_Start
  45              	.LVL0:
  37:main.c        ****     
  38:main.c        ****     /* Start SPI Master 1*/
  39:main.c        ****     SPIM_1_Start();
  46              		.loc 1 39 0
  47 0008 FFF7FEFF 		bl	SPIM_1_Start
  48              	.LVL1:
  40:main.c        ****     
  41:main.c        ****     /* Start SPI Master 2*/
  42:main.c        ****     SPIM_2_Start();
  49              		.loc 1 42 0
  50 000c FFF7FEFF 		bl	SPIM_2_Start
  51              	.LVL2:
  43:main.c        ****     
  44:main.c        ****     /* Start ISR_RX */
  45:main.c        ****     isr_RX_StartEx(Custom_ISR_RX);
  52              		.loc 1 45 0
  53 0010 3548     		ldr	r0, .L5
  54 0012 FFF7FEFF 		bl	isr_RX_StartEx
  55              	.LVL3:
  46:main.c        ****     
  47:main.c        ****     /* Start ISR_FIFO */
  48:main.c        ****     isr_FIFO_StartEx(Custom_isr_FIFO);
  56              		.loc 1 48 0
  57 0016 3548     		ldr	r0, .L5+4
  58 0018 FFF7FEFF 		bl	isr_FIFO_StartEx
  59              	.LVL4:
  49:main.c        ****     
  50:main.c        ****         
  51:main.c        ****     
  52:main.c        ****     CyDelay(10); //"The boot procedure is complete about 10 milliseconds after device power-up."
  60              		.loc 1 52 0
  61 001c 0A20     		movs	r0, #10
  62 001e FFF7FEFF 		bl	CyDelay
ARM GAS  C:\Users\Ilaria\AppData\Local\Temp\cczHlXbA.s 			page 3


  63              	.LVL5:
  53:main.c        ****         
  54:main.c        ****     
  55:main.c        **** //    UART_1_PutString("*********    EEPROM TEST    *********\r\n");
  56:main.c        **** //    
  57:main.c        **** //    /* Definition of the extern from 25LC256.c */
  58:main.c        **** //    //uint8_t eeprom_Status = 0;
  59:main.c        **** //    
  60:main.c        **** //    /* Data to Write */
  61:main.c        **** //    int16_t data[DATA_SIZE] = {15, -32, 258};
  62:main.c        **** //    
  63:main.c        **** //    /**** PROJECT 3 *****/
  64:main.c        **** //    
  65:main.c        **** //    /* Write */
  66:main.c        **** //    EEPROM_writePage(0x0001, (uint8_t*) data, DATA_BYTES);
  67:main.c        **** //    EEPROM_waitForWriteComplete();
  68:main.c        **** //    
  69:main.c        **** //    /**** PROJECT 4 ****/
  70:main.c        **** //    /* Read */
  71:main.c        **** //    int16_t data_read[DATA_SIZE];
  72:main.c        **** //    EEPROM_readPage(0x0001, (uint8_t*) data_read, DATA_BYTES);
  73:main.c        **** //    
  74:main.c        **** //    
  75:main.c        **** //    
  76:main.c        **** //    sprintf(bufferUART, "** EEPROM Read = %d %d %d \r\n", data_read[0], data_read[1], data_read[2
  77:main.c        **** //    UART_1_PutBuffer;
  78:main.c        **** //    
  79:main.c        **** //    UART_1_PutString("*************************************\r\n");
  80:main.c        **** //    
  81:main.c        **** //    return 0;
  82:main.c        ****     
  83:main.c        ****     
  84:main.c        ****     /* Read WHO AM I Accelerometer's register */
  85:main.c        **** 
  86:main.c        ****     uint8_t who_am_i;
  87:main.c        ****     
  88:main.c        ****     who_am_i = ACC_readRegister(LIS3DH_WHO_AM_I_REG_ADDR);
  64              		.loc 1 88 0
  65 0022 0F20     		movs	r0, #15
  66 0024 FFF7FEFF 		bl	ACC_readRegister
  67              	.LVL6:
  89:main.c        ****     sprintf(bufferUART, "** Who am I register = 0x%02X [Expected: 0x33]\r\n", who_am_i);
  68              		.loc 1 89 0
  69 0028 314C     		ldr	r4, .L5+8
  70 002a 0246     		mov	r2, r0
  71 002c 3149     		ldr	r1, .L5+12
  72 002e 2046     		mov	r0, r4
  73              	.LVL7:
  74 0030 FFF7FEFF 		bl	sprintf
  75              	.LVL8:
  90:main.c        ****     UART_1_PutBuffer;
  76              		.loc 1 90 0
  77 0034 2046     		mov	r0, r4
  78 0036 FFF7FEFF 		bl	UART_1_PutString
  79              	.LVL9:
  91:main.c        ****     
  92:main.c        ****     
ARM GAS  C:\Users\Ilaria\AppData\Local\Temp\cczHlXbA.s 			page 4


  93:main.c        ****     /*******************************************************************/
  94:main.c        ****     /*            SPI to set Accelerometer's registers                 */
  95:main.c        ****     /*******************************************************************/
  96:main.c        ****     
  97:main.c        ****     UART_1_PutString("**************Registers Values**************\r\n");
  80              		.loc 1 97 0
  81 003a 2F48     		ldr	r0, .L5+16
  82 003c FFF7FEFF 		bl	UART_1_PutString
  83              	.LVL10:
  98:main.c        ****     
  99:main.c        ****     /*Setting control register 1*/
 100:main.c        ****      uint8_t ctrl_reg1;    
 101:main.c        ****     //Enable the ODR
 102:main.c        ****     ACC_writeRegister(LIS3DH_CTRL_REG1, LIS3DH_CTRL_REG1_ODR_START);
  84              		.loc 1 102 0
  85 0040 2021     		movs	r1, #32
  86 0042 0846     		mov	r0, r1
  87 0044 FFF7FEFF 		bl	ACC_writeRegister
  88              	.LVL11:
 103:main.c        ****                 
 104:main.c        ****     ctrl_reg1 = ACC_readRegister(LIS3DH_CTRL_REG5);
  89              		.loc 1 104 0
  90 0048 2420     		movs	r0, #36
  91 004a FFF7FEFF 		bl	ACC_readRegister
  92              	.LVL12:
 105:main.c        ****     sprintf(bufferUART, " Control register 1 has been set to = 0x%02X \r\n", ctrl_reg1);
  93              		.loc 1 105 0
  94 004e 0246     		mov	r2, r0
  95 0050 2A49     		ldr	r1, .L5+20
  96 0052 2046     		mov	r0, r4
  97              	.LVL13:
  98 0054 FFF7FEFF 		bl	sprintf
  99              	.LVL14:
 106:main.c        ****     UART_1_PutBuffer;
 100              		.loc 1 106 0
 101 0058 2046     		mov	r0, r4
 102 005a FFF7FEFF 		bl	UART_1_PutString
 103              	.LVL15:
 107:main.c        ****     
 108:main.c        ****     /* Setting Control Register 5 */
 109:main.c        ****             
 110:main.c        ****     uint8_t ctrl_reg5;    
 111:main.c        ****     //Enable the FIFO 
 112:main.c        ****     ACC_writeRegister(LIS3DH_CTRL_REG5, LIS3DH_CTRL_REG5_FIFO_EN|LIS3DH_CTRL_REG5_LIR_INT1);
 104              		.loc 1 112 0
 105 005e 6021     		movs	r1, #96
 106 0060 2420     		movs	r0, #36
 107 0062 FFF7FEFF 		bl	ACC_writeRegister
 108              	.LVL16:
 113:main.c        ****                 
 114:main.c        ****     ctrl_reg5 = ACC_readRegister(LIS3DH_CTRL_REG5);
 109              		.loc 1 114 0
 110 0066 2420     		movs	r0, #36
 111 0068 FFF7FEFF 		bl	ACC_readRegister
 112              	.LVL17:
 115:main.c        ****     sprintf(bufferUART, " Control register 5 has been set to = 0x%02X \r\n", ctrl_reg5);
 113              		.loc 1 115 0
ARM GAS  C:\Users\Ilaria\AppData\Local\Temp\cczHlXbA.s 			page 5


 114 006c 0246     		mov	r2, r0
 115 006e 2449     		ldr	r1, .L5+24
 116 0070 2046     		mov	r0, r4
 117              	.LVL18:
 118 0072 FFF7FEFF 		bl	sprintf
 119              	.LVL19:
 116:main.c        ****     UART_1_PutBuffer;
 120              		.loc 1 116 0
 121 0076 2046     		mov	r0, r4
 122 0078 FFF7FEFF 		bl	UART_1_PutString
 123              	.LVL20:
 117:main.c        ****     
 118:main.c        ****      /* Setting Control Register of FIFO */
 119:main.c        ****     uint8_t ctrl1_FIFO;    
 120:main.c        ****     //Enable the Stream mode for FIFO and latch int1
 121:main.c        ****     ACC_writeRegister(LIS3DH_FIFO_CTRL_REG, LIS3DH_FIFO_CTRL_REG_FIFO_MODE);
 124              		.loc 1 121 0
 125 007c 4021     		movs	r1, #64
 126 007e 2E20     		movs	r0, #46
 127 0080 FFF7FEFF 		bl	ACC_writeRegister
 128              	.LVL21:
 122:main.c        ****                 
 123:main.c        ****     ctrl1_FIFO = ACC_readRegister(LIS3DH_CTRL_REG5);
 129              		.loc 1 123 0
 130 0084 2420     		movs	r0, #36
 131 0086 FFF7FEFF 		bl	ACC_readRegister
 132              	.LVL22:
 124:main.c        ****     sprintf(bufferUART, " Control register of FIFO has been set to = 0x%02X \r\n", ctrl1_FIFO);
 133              		.loc 1 124 0
 134 008a 0246     		mov	r2, r0
 135 008c 1D49     		ldr	r1, .L5+28
 136 008e 2046     		mov	r0, r4
 137              	.LVL23:
 138 0090 FFF7FEFF 		bl	sprintf
 139              	.LVL24:
 125:main.c        ****     UART_1_PutBuffer;
 140              		.loc 1 125 0
 141 0094 2046     		mov	r0, r4
 142 0096 FFF7FEFF 		bl	UART_1_PutString
 143              	.LVL25:
 126:main.c        ****     
 127:main.c        ****     /* Setting Control Register 3 */
 128:main.c        **** 
 129:main.c        ****     uint8_t ctrl_reg3;
 130:main.c        ****     
 131:main.c        ****     //Enable FIFO Overrun interrupt on INT1.
 132:main.c        ****     ACC_writeRegister(LIS3DH_CTRL_REG3, LIS3DH_CTRL_REG3_FIFO_OVERRUN);
 144              		.loc 1 132 0
 145 009a 0221     		movs	r1, #2
 146 009c 2220     		movs	r0, #34
 147 009e FFF7FEFF 		bl	ACC_writeRegister
 148              	.LVL26:
 133:main.c        ****     
 134:main.c        ****     ctrl_reg3 = ACC_readRegister(LIS3DH_CTRL_REG3);
 149              		.loc 1 134 0
 150 00a2 2220     		movs	r0, #34
 151 00a4 FFF7FEFF 		bl	ACC_readRegister
ARM GAS  C:\Users\Ilaria\AppData\Local\Temp\cczHlXbA.s 			page 6


 152              	.LVL27:
 135:main.c        ****     sprintf(bufferUART, " Control register 3 has been set to = 0x%02X \r\n", ctrl_reg3);
 153              		.loc 1 135 0
 154 00a8 0246     		mov	r2, r0
 155 00aa 1749     		ldr	r1, .L5+32
 156 00ac 2046     		mov	r0, r4
 157              	.LVL28:
 158 00ae FFF7FEFF 		bl	sprintf
 159              	.LVL29:
 136:main.c        ****     UART_1_PutBuffer;
 160              		.loc 1 136 0
 161 00b2 2046     		mov	r0, r4
 162 00b4 FFF7FEFF 		bl	UART_1_PutString
 163              	.LVL30:
 137:main.c        ****     
 138:main.c        ****     UART_1_PutString("********************************************\r\n");
 164              		.loc 1 138 0
 165 00b8 1448     		ldr	r0, .L5+36
 166 00ba FFF7FEFF 		bl	UART_1_PutString
 167              	.LVL31:
 139:main.c        ****     /**/
 140:main.c        **** 
 141:main.c        ****     uint8_t new_data;
 142:main.c        ****             
 143:main.c        **** 
 144:main.c        ****     
 145:main.c        ****     // show the menu
 146:main.c        ****     show_menu();
 168              		.loc 1 146 0
 169 00be FFF7FEFF 		bl	show_menu
 170              	.LVL32:
 171              	.L2:
 147:main.c        **** 
 148:main.c        **** 
 149:main.c        ****     for(;;){
 150:main.c        ****         new_data = ACC_readRegister(LIS3DH_FIFO_SRC_REG);
 172              		.loc 1 150 0
 173 00c2 2F20     		movs	r0, #47
 174 00c4 FFF7FEFF 		bl	ACC_readRegister
 175              	.LVL33:
 151:main.c        ****         //sprintf(bufferUART, " data 0x%02X  \r\n", INT1_Read());
 152:main.c        ****         //UART_1_PutBuffer;
 153:main.c        ****         if ( new_data & LIS3DH_FIFO_SRC_REG_OVRN_FIFO ) //      
 176              		.loc 1 153 0
 177 00c8 10F0400F 		tst	r0, #64
 178 00cc F9D0     		beq	.L2
 154:main.c        ****         {              
 155:main.c        ****             /* non funziona :
 156:main.c        ****             for (i = 0; i<32; i++)
 157:main.c        ****             {
 158:main.c        ****                 ACC_Multi_Read(LIS3DH_OUT_X_L, &data[0], 6);
 159:main.c        ****                                
 160:main.c        ****                 sprintf(bufferUART, " data 0x%02X 0x%02X \r\n", data[0], data[1]);
 161:main.c        ****                 UART_1_PutBuffer;
 162:main.c        ****             }
 163:main.c        ****             DA PROVARE COME LA EEPROM DOPO*/
 164:main.c        ****             
ARM GAS  C:\Users\Ilaria\AppData\Local\Temp\cczHlXbA.s 			page 7


 165:main.c        ****             UART_1_PutString(" Overrun occurred! \r\n");
 179              		.loc 1 165 0
 180 00ce 1048     		ldr	r0, .L5+40
 181              	.LVL34:
 182 00d0 FFF7FEFF 		bl	UART_1_PutString
 183              	.LVL35:
 166:main.c        ****                         
 167:main.c        ****             ACC_writeRegister(LIS3DH_FIFO_CTRL_REG, LIS3DH_FIFO_CTRL_REG_BYPASS_MODE);
 184              		.loc 1 167 0
 185 00d4 0021     		movs	r1, #0
 186 00d6 2E20     		movs	r0, #46
 187 00d8 FFF7FEFF 		bl	ACC_writeRegister
 188              	.LVL36:
 168:main.c        ****             ACC_writeRegister(LIS3DH_FIFO_CTRL_REG, LIS3DH_FIFO_CTRL_REG_FIFO_MODE);
 189              		.loc 1 168 0
 190 00dc 4021     		movs	r1, #64
 191 00de 2E20     		movs	r0, #46
 192 00e0 FFF7FEFF 		bl	ACC_writeRegister
 193              	.LVL37:
 194 00e4 EDE7     		b	.L2
 195              	.L6:
 196 00e6 00BF     		.align	2
 197              	.L5:
 198 00e8 00000000 		.word	Custom_ISR_RX
 199 00ec 00000000 		.word	Custom_isr_FIFO
 200 00f0 00000000 		.word	bufferUART
 201 00f4 00000000 		.word	.LC0
 202 00f8 34000000 		.word	.LC1
 203 00fc 64000000 		.word	.LC2
 204 0100 94000000 		.word	.LC3
 205 0104 C4000000 		.word	.LC4
 206 0108 FC000000 		.word	.LC5
 207 010c 2C010000 		.word	.LC6
 208 0110 5C010000 		.word	.LC7
 209              		.cfi_endproc
 210              	.LFE64:
 211              		.size	main, .-main
 212              		.comm	bufferUART,100,4
 213              		.section	.rodata.str1.4,"aMS",%progbits,1
 214              		.align	2
 215              	.LC0:
 216 0000 2A2A2057 		.ascii	"** Who am I register = 0x%02X [Expected: 0x33]\015\012"
 216      686F2061 
 216      6D204920 
 216      72656769 
 216      73746572 
 217 0030 00       		.ascii	"\000"
 218 0031 000000   		.space	3
 219              	.LC1:
 220 0034 2A2A2A2A 		.ascii	"**************Registers Values**************\015\012"
 220      2A2A2A2A 
 220      2A2A2A2A 
 220      2A2A5265 
 220      67697374 
 221 0062 00       		.ascii	"\000"
 222 0063 00       		.space	1
 223              	.LC2:
ARM GAS  C:\Users\Ilaria\AppData\Local\Temp\cczHlXbA.s 			page 8


 224 0064 20436F6E 		.ascii	" Control register 1 has been set to = 0x%02X \015\012"
 224      74726F6C 
 224      20726567 
 224      69737465 
 224      72203120 
 225 0093 00       		.ascii	"\000"
 226              	.LC3:
 227 0094 20436F6E 		.ascii	" Control register 5 has been set to = 0x%02X \015\012"
 227      74726F6C 
 227      20726567 
 227      69737465 
 227      72203520 
 228 00c3 00       		.ascii	"\000"
 229              	.LC4:
 230 00c4 20436F6E 		.ascii	" Control register of FIFO has been set to = 0x%02X "
 230      74726F6C 
 230      20726567 
 230      69737465 
 230      72206F66 
 231 00f7 0D0A00   		.ascii	"\015\012\000"
 232 00fa 0000     		.space	2
 233              	.LC5:
 234 00fc 20436F6E 		.ascii	" Control register 3 has been set to = 0x%02X \015\012"
 234      74726F6C 
 234      20726567 
 234      69737465 
 234      72203320 
 235 012b 00       		.ascii	"\000"
 236              	.LC6:
 237 012c 2A2A2A2A 		.ascii	"********************************************\015\012"
 237      2A2A2A2A 
 237      2A2A2A2A 
 237      2A2A2A2A 
 237      2A2A2A2A 
 238 015a 00       		.ascii	"\000"
 239 015b 00       		.space	1
 240              	.LC7:
 241 015c 204F7665 		.ascii	" Overrun occurred! \015\012\000"
 241      7272756E 
 241      206F6363 
 241      75727265 
 241      6421200D 
 242              		.text
 243              	.Letext0:
 244              		.file 2 "c:\\program files (x86)\\cypress\\psoc creator\\4.3\\psoc creator\\import\\gnu\\arm\\5.4.
 245              		.file 3 "c:\\program files (x86)\\cypress\\psoc creator\\4.3\\psoc creator\\import\\gnu\\arm\\5.4.
 246              		.file 4 "Generated_Source\\PSoC5/core_cm3.h"
 247              		.file 5 "Generated_Source\\PSoC5/UART_1.h"
 248              		.file 6 "Generated_Source\\PSoC5/SPIM_1.h"
 249              		.file 7 "Generated_Source\\PSoC5/SPIM_2.h"
 250              		.file 8 "Generated_Source\\PSoC5/isr_RX.h"
 251              		.file 9 "Generated_Source\\PSoC5/isr_FIFO.h"
 252              		.file 10 "Generated_Source\\PSoC5/CyLib.h"
 253              		.file 11 "LIS3DH.h"
 254              		.file 12 "c:\\program files (x86)\\cypress\\psoc creator\\4.3\\psoc creator\\import\\gnu\\arm\\5.4
 255              		.file 13 "Functions.h"
 256              		.section	.debug_info,"",%progbits
ARM GAS  C:\Users\Ilaria\AppData\Local\Temp\cczHlXbA.s 			page 9


 257              	.Ldebug_info0:
 258 0000 66040000 		.4byte	0x466
 259 0004 0400     		.2byte	0x4
 260 0006 00000000 		.4byte	.Ldebug_abbrev0
 261 000a 04       		.byte	0x4
 262 000b 01       		.uleb128 0x1
 263 000c 80010000 		.4byte	.LASF37
 264 0010 0C       		.byte	0xc
 265 0011 2D020000 		.4byte	.LASF38
 266 0015 42000000 		.4byte	.LASF39
 267 0019 00000000 		.4byte	.Ldebug_ranges0+0
 268 001d 00000000 		.4byte	0
 269 0021 00000000 		.4byte	.Ldebug_line0
 270 0025 02       		.uleb128 0x2
 271 0026 01       		.byte	0x1
 272 0027 06       		.byte	0x6
 273 0028 61020000 		.4byte	.LASF0
 274 002c 03       		.uleb128 0x3
 275 002d 16000000 		.4byte	.LASF4
 276 0031 02       		.byte	0x2
 277 0032 1D       		.byte	0x1d
 278 0033 37000000 		.4byte	0x37
 279 0037 02       		.uleb128 0x2
 280 0038 01       		.byte	0x1
 281 0039 08       		.byte	0x8
 282 003a B3000000 		.4byte	.LASF1
 283 003e 02       		.uleb128 0x2
 284 003f 02       		.byte	0x2
 285 0040 05       		.byte	0x5
 286 0041 42020000 		.4byte	.LASF2
 287 0045 02       		.uleb128 0x2
 288 0046 02       		.byte	0x2
 289 0047 07       		.byte	0x7
 290 0048 DD000000 		.4byte	.LASF3
 291 004c 03       		.uleb128 0x3
 292 004d 38000000 		.4byte	.LASF5
 293 0051 02       		.byte	0x2
 294 0052 3F       		.byte	0x3f
 295 0053 57000000 		.4byte	0x57
 296 0057 02       		.uleb128 0x2
 297 0058 04       		.byte	0x4
 298 0059 05       		.byte	0x5
 299 005a 4C020000 		.4byte	.LASF6
 300 005e 02       		.uleb128 0x2
 301 005f 04       		.byte	0x4
 302 0060 07       		.byte	0x7
 303 0061 CB000000 		.4byte	.LASF7
 304 0065 02       		.uleb128 0x2
 305 0066 08       		.byte	0x8
 306 0067 05       		.byte	0x5
 307 0068 1F020000 		.4byte	.LASF8
 308 006c 02       		.uleb128 0x2
 309 006d 08       		.byte	0x8
 310 006e 07       		.byte	0x7
 311 006f 4A010000 		.4byte	.LASF9
 312 0073 04       		.uleb128 0x4
 313 0074 04       		.byte	0x4
ARM GAS  C:\Users\Ilaria\AppData\Local\Temp\cczHlXbA.s 			page 10


 314 0075 05       		.byte	0x5
 315 0076 696E7400 		.ascii	"int\000"
 316 007a 02       		.uleb128 0x2
 317 007b 04       		.byte	0x4
 318 007c 07       		.byte	0x7
 319 007d A0000000 		.4byte	.LASF10
 320 0081 03       		.uleb128 0x3
 321 0082 61010000 		.4byte	.LASF11
 322 0086 03       		.byte	0x3
 323 0087 18       		.byte	0x18
 324 0088 2C000000 		.4byte	0x2c
 325 008c 03       		.uleb128 0x3
 326 008d 0E020000 		.4byte	.LASF12
 327 0091 03       		.byte	0x3
 328 0092 2C       		.byte	0x2c
 329 0093 4C000000 		.4byte	0x4c
 330 0097 02       		.uleb128 0x2
 331 0098 04       		.byte	0x4
 332 0099 04       		.byte	0x4
 333 009a AD000000 		.4byte	.LASF13
 334 009e 02       		.uleb128 0x2
 335 009f 08       		.byte	0x8
 336 00a0 04       		.byte	0x4
 337 00a1 FD000000 		.4byte	.LASF14
 338 00a5 02       		.uleb128 0x2
 339 00a6 01       		.byte	0x1
 340 00a7 08       		.byte	0x8
 341 00a8 34020000 		.4byte	.LASF15
 342 00ac 02       		.uleb128 0x2
 343 00ad 08       		.byte	0x8
 344 00ae 04       		.byte	0x4
 345 00af 55020000 		.4byte	.LASF16
 346 00b3 02       		.uleb128 0x2
 347 00b4 04       		.byte	0x4
 348 00b5 07       		.byte	0x7
 349 00b6 16020000 		.4byte	.LASF17
 350 00ba 05       		.uleb128 0x5
 351 00bb 16010000 		.4byte	.LASF40
 352 00bf 01       		.byte	0x1
 353 00c0 1E       		.byte	0x1e
 354 00c1 73000000 		.4byte	0x73
 355 00c5 00000000 		.4byte	.LFB64
 356 00c9 14010000 		.4byte	.LFE64-.LFB64
 357 00cd 01       		.uleb128 0x1
 358 00ce 9C       		.byte	0x9c
 359 00cf BE030000 		.4byte	0x3be
 360 00d3 06       		.uleb128 0x6
 361 00d4 39020000 		.4byte	.LASF18
 362 00d8 01       		.byte	0x1
 363 00d9 56       		.byte	0x56
 364 00da 81000000 		.4byte	0x81
 365 00de 00000000 		.4byte	.LLST0
 366 00e2 06       		.uleb128 0x6
 367 00e3 2C010000 		.4byte	.LASF19
 368 00e7 01       		.byte	0x1
 369 00e8 64       		.byte	0x64
 370 00e9 81000000 		.4byte	0x81
ARM GAS  C:\Users\Ilaria\AppData\Local\Temp\cczHlXbA.s 			page 11


 371 00ed 13000000 		.4byte	.LLST1
 372 00f1 06       		.uleb128 0x6
 373 00f2 40010000 		.4byte	.LASF20
 374 00f6 01       		.byte	0x1
 375 00f7 6E       		.byte	0x6e
 376 00f8 81000000 		.4byte	0x81
 377 00fc 26000000 		.4byte	.LLST2
 378 0100 06       		.uleb128 0x6
 379 0101 2D000000 		.4byte	.LASF21
 380 0105 01       		.byte	0x1
 381 0106 77       		.byte	0x77
 382 0107 81000000 		.4byte	0x81
 383 010b 39000000 		.4byte	.LLST3
 384 010f 06       		.uleb128 0x6
 385 0110 36010000 		.4byte	.LASF22
 386 0114 01       		.byte	0x1
 387 0115 81       		.byte	0x81
 388 0116 81000000 		.4byte	0x81
 389 011a 4C000000 		.4byte	.LLST4
 390 011e 06       		.uleb128 0x6
 391 011f 00000000 		.4byte	.LASF23
 392 0123 01       		.byte	0x1
 393 0124 8D       		.byte	0x8d
 394 0125 81000000 		.4byte	0x81
 395 0129 5F000000 		.4byte	.LLST5
 396 012d 07       		.uleb128 0x7
 397 012e 08000000 		.4byte	.LVL0
 398 0132 F0030000 		.4byte	0x3f0
 399 0136 07       		.uleb128 0x7
 400 0137 0C000000 		.4byte	.LVL1
 401 013b FB030000 		.4byte	0x3fb
 402 013f 07       		.uleb128 0x7
 403 0140 10000000 		.4byte	.LVL2
 404 0144 06040000 		.4byte	0x406
 405 0148 07       		.uleb128 0x7
 406 0149 16000000 		.4byte	.LVL3
 407 014d 11040000 		.4byte	0x411
 408 0151 07       		.uleb128 0x7
 409 0152 1C000000 		.4byte	.LVL4
 410 0156 1C040000 		.4byte	0x41c
 411 015a 08       		.uleb128 0x8
 412 015b 22000000 		.4byte	.LVL5
 413 015f 27040000 		.4byte	0x427
 414 0163 6D010000 		.4byte	0x16d
 415 0167 09       		.uleb128 0x9
 416 0168 01       		.uleb128 0x1
 417 0169 50       		.byte	0x50
 418 016a 01       		.uleb128 0x1
 419 016b 3A       		.byte	0x3a
 420 016c 00       		.byte	0
 421 016d 08       		.uleb128 0x8
 422 016e 28000000 		.4byte	.LVL6
 423 0172 32040000 		.4byte	0x432
 424 0176 80010000 		.4byte	0x180
 425 017a 09       		.uleb128 0x9
 426 017b 01       		.uleb128 0x1
 427 017c 50       		.byte	0x50
ARM GAS  C:\Users\Ilaria\AppData\Local\Temp\cczHlXbA.s 			page 12


 428 017d 01       		.uleb128 0x1
 429 017e 3F       		.byte	0x3f
 430 017f 00       		.byte	0
 431 0180 08       		.uleb128 0x8
 432 0181 34000000 		.4byte	.LVL8
 433 0185 3D040000 		.4byte	0x43d
 434 0189 9D010000 		.4byte	0x19d
 435 018d 09       		.uleb128 0x9
 436 018e 01       		.uleb128 0x1
 437 018f 50       		.byte	0x50
 438 0190 02       		.uleb128 0x2
 439 0191 74       		.byte	0x74
 440 0192 00       		.sleb128 0
 441 0193 09       		.uleb128 0x9
 442 0194 01       		.uleb128 0x1
 443 0195 51       		.byte	0x51
 444 0196 05       		.uleb128 0x5
 445 0197 03       		.byte	0x3
 446 0198 00000000 		.4byte	.LC0
 447 019c 00       		.byte	0
 448 019d 08       		.uleb128 0x8
 449 019e 3A000000 		.4byte	.LVL9
 450 01a2 48040000 		.4byte	0x448
 451 01a6 B1010000 		.4byte	0x1b1
 452 01aa 09       		.uleb128 0x9
 453 01ab 01       		.uleb128 0x1
 454 01ac 50       		.byte	0x50
 455 01ad 02       		.uleb128 0x2
 456 01ae 74       		.byte	0x74
 457 01af 00       		.sleb128 0
 458 01b0 00       		.byte	0
 459 01b1 08       		.uleb128 0x8
 460 01b2 40000000 		.4byte	.LVL10
 461 01b6 48040000 		.4byte	0x448
 462 01ba C8010000 		.4byte	0x1c8
 463 01be 09       		.uleb128 0x9
 464 01bf 01       		.uleb128 0x1
 465 01c0 50       		.byte	0x50
 466 01c1 05       		.uleb128 0x5
 467 01c2 03       		.byte	0x3
 468 01c3 34000000 		.4byte	.LC1
 469 01c7 00       		.byte	0
 470 01c8 08       		.uleb128 0x8
 471 01c9 48000000 		.4byte	.LVL11
 472 01cd 53040000 		.4byte	0x453
 473 01d1 E2010000 		.4byte	0x1e2
 474 01d5 09       		.uleb128 0x9
 475 01d6 01       		.uleb128 0x1
 476 01d7 50       		.byte	0x50
 477 01d8 02       		.uleb128 0x2
 478 01d9 08       		.byte	0x8
 479 01da 20       		.byte	0x20
 480 01db 09       		.uleb128 0x9
 481 01dc 01       		.uleb128 0x1
 482 01dd 51       		.byte	0x51
 483 01de 02       		.uleb128 0x2
 484 01df 08       		.byte	0x8
ARM GAS  C:\Users\Ilaria\AppData\Local\Temp\cczHlXbA.s 			page 13


 485 01e0 20       		.byte	0x20
 486 01e1 00       		.byte	0
 487 01e2 08       		.uleb128 0x8
 488 01e3 4E000000 		.4byte	.LVL12
 489 01e7 32040000 		.4byte	0x432
 490 01eb F6010000 		.4byte	0x1f6
 491 01ef 09       		.uleb128 0x9
 492 01f0 01       		.uleb128 0x1
 493 01f1 50       		.byte	0x50
 494 01f2 02       		.uleb128 0x2
 495 01f3 08       		.byte	0x8
 496 01f4 24       		.byte	0x24
 497 01f5 00       		.byte	0
 498 01f6 08       		.uleb128 0x8
 499 01f7 58000000 		.4byte	.LVL14
 500 01fb 3D040000 		.4byte	0x43d
 501 01ff 13020000 		.4byte	0x213
 502 0203 09       		.uleb128 0x9
 503 0204 01       		.uleb128 0x1
 504 0205 50       		.byte	0x50
 505 0206 02       		.uleb128 0x2
 506 0207 74       		.byte	0x74
 507 0208 00       		.sleb128 0
 508 0209 09       		.uleb128 0x9
 509 020a 01       		.uleb128 0x1
 510 020b 51       		.byte	0x51
 511 020c 05       		.uleb128 0x5
 512 020d 03       		.byte	0x3
 513 020e 64000000 		.4byte	.LC2
 514 0212 00       		.byte	0
 515 0213 08       		.uleb128 0x8
 516 0214 5E000000 		.4byte	.LVL15
 517 0218 48040000 		.4byte	0x448
 518 021c 27020000 		.4byte	0x227
 519 0220 09       		.uleb128 0x9
 520 0221 01       		.uleb128 0x1
 521 0222 50       		.byte	0x50
 522 0223 02       		.uleb128 0x2
 523 0224 74       		.byte	0x74
 524 0225 00       		.sleb128 0
 525 0226 00       		.byte	0
 526 0227 08       		.uleb128 0x8
 527 0228 66000000 		.4byte	.LVL16
 528 022c 53040000 		.4byte	0x453
 529 0230 41020000 		.4byte	0x241
 530 0234 09       		.uleb128 0x9
 531 0235 01       		.uleb128 0x1
 532 0236 50       		.byte	0x50
 533 0237 02       		.uleb128 0x2
 534 0238 08       		.byte	0x8
 535 0239 24       		.byte	0x24
 536 023a 09       		.uleb128 0x9
 537 023b 01       		.uleb128 0x1
 538 023c 51       		.byte	0x51
 539 023d 02       		.uleb128 0x2
 540 023e 08       		.byte	0x8
 541 023f 60       		.byte	0x60
ARM GAS  C:\Users\Ilaria\AppData\Local\Temp\cczHlXbA.s 			page 14


 542 0240 00       		.byte	0
 543 0241 08       		.uleb128 0x8
 544 0242 6C000000 		.4byte	.LVL17
 545 0246 32040000 		.4byte	0x432
 546 024a 55020000 		.4byte	0x255
 547 024e 09       		.uleb128 0x9
 548 024f 01       		.uleb128 0x1
 549 0250 50       		.byte	0x50
 550 0251 02       		.uleb128 0x2
 551 0252 08       		.byte	0x8
 552 0253 24       		.byte	0x24
 553 0254 00       		.byte	0
 554 0255 08       		.uleb128 0x8
 555 0256 76000000 		.4byte	.LVL19
 556 025a 3D040000 		.4byte	0x43d
 557 025e 72020000 		.4byte	0x272
 558 0262 09       		.uleb128 0x9
 559 0263 01       		.uleb128 0x1
 560 0264 50       		.byte	0x50
 561 0265 02       		.uleb128 0x2
 562 0266 74       		.byte	0x74
 563 0267 00       		.sleb128 0
 564 0268 09       		.uleb128 0x9
 565 0269 01       		.uleb128 0x1
 566 026a 51       		.byte	0x51
 567 026b 05       		.uleb128 0x5
 568 026c 03       		.byte	0x3
 569 026d 94000000 		.4byte	.LC3
 570 0271 00       		.byte	0
 571 0272 08       		.uleb128 0x8
 572 0273 7C000000 		.4byte	.LVL20
 573 0277 48040000 		.4byte	0x448
 574 027b 86020000 		.4byte	0x286
 575 027f 09       		.uleb128 0x9
 576 0280 01       		.uleb128 0x1
 577 0281 50       		.byte	0x50
 578 0282 02       		.uleb128 0x2
 579 0283 74       		.byte	0x74
 580 0284 00       		.sleb128 0
 581 0285 00       		.byte	0
 582 0286 08       		.uleb128 0x8
 583 0287 84000000 		.4byte	.LVL21
 584 028b 53040000 		.4byte	0x453
 585 028f A0020000 		.4byte	0x2a0
 586 0293 09       		.uleb128 0x9
 587 0294 01       		.uleb128 0x1
 588 0295 50       		.byte	0x50
 589 0296 02       		.uleb128 0x2
 590 0297 08       		.byte	0x8
 591 0298 2E       		.byte	0x2e
 592 0299 09       		.uleb128 0x9
 593 029a 01       		.uleb128 0x1
 594 029b 51       		.byte	0x51
 595 029c 02       		.uleb128 0x2
 596 029d 08       		.byte	0x8
 597 029e 40       		.byte	0x40
 598 029f 00       		.byte	0
ARM GAS  C:\Users\Ilaria\AppData\Local\Temp\cczHlXbA.s 			page 15


 599 02a0 08       		.uleb128 0x8
 600 02a1 8A000000 		.4byte	.LVL22
 601 02a5 32040000 		.4byte	0x432
 602 02a9 B4020000 		.4byte	0x2b4
 603 02ad 09       		.uleb128 0x9
 604 02ae 01       		.uleb128 0x1
 605 02af 50       		.byte	0x50
 606 02b0 02       		.uleb128 0x2
 607 02b1 08       		.byte	0x8
 608 02b2 24       		.byte	0x24
 609 02b3 00       		.byte	0
 610 02b4 08       		.uleb128 0x8
 611 02b5 94000000 		.4byte	.LVL24
 612 02b9 3D040000 		.4byte	0x43d
 613 02bd D1020000 		.4byte	0x2d1
 614 02c1 09       		.uleb128 0x9
 615 02c2 01       		.uleb128 0x1
 616 02c3 50       		.byte	0x50
 617 02c4 02       		.uleb128 0x2
 618 02c5 74       		.byte	0x74
 619 02c6 00       		.sleb128 0
 620 02c7 09       		.uleb128 0x9
 621 02c8 01       		.uleb128 0x1
 622 02c9 51       		.byte	0x51
 623 02ca 05       		.uleb128 0x5
 624 02cb 03       		.byte	0x3
 625 02cc C4000000 		.4byte	.LC4
 626 02d0 00       		.byte	0
 627 02d1 08       		.uleb128 0x8
 628 02d2 9A000000 		.4byte	.LVL25
 629 02d6 48040000 		.4byte	0x448
 630 02da E5020000 		.4byte	0x2e5
 631 02de 09       		.uleb128 0x9
 632 02df 01       		.uleb128 0x1
 633 02e0 50       		.byte	0x50
 634 02e1 02       		.uleb128 0x2
 635 02e2 74       		.byte	0x74
 636 02e3 00       		.sleb128 0
 637 02e4 00       		.byte	0
 638 02e5 08       		.uleb128 0x8
 639 02e6 A2000000 		.4byte	.LVL26
 640 02ea 53040000 		.4byte	0x453
 641 02ee FE020000 		.4byte	0x2fe
 642 02f2 09       		.uleb128 0x9
 643 02f3 01       		.uleb128 0x1
 644 02f4 50       		.byte	0x50
 645 02f5 02       		.uleb128 0x2
 646 02f6 08       		.byte	0x8
 647 02f7 22       		.byte	0x22
 648 02f8 09       		.uleb128 0x9
 649 02f9 01       		.uleb128 0x1
 650 02fa 51       		.byte	0x51
 651 02fb 01       		.uleb128 0x1
 652 02fc 32       		.byte	0x32
 653 02fd 00       		.byte	0
 654 02fe 08       		.uleb128 0x8
 655 02ff A8000000 		.4byte	.LVL27
ARM GAS  C:\Users\Ilaria\AppData\Local\Temp\cczHlXbA.s 			page 16


 656 0303 32040000 		.4byte	0x432
 657 0307 12030000 		.4byte	0x312
 658 030b 09       		.uleb128 0x9
 659 030c 01       		.uleb128 0x1
 660 030d 50       		.byte	0x50
 661 030e 02       		.uleb128 0x2
 662 030f 08       		.byte	0x8
 663 0310 22       		.byte	0x22
 664 0311 00       		.byte	0
 665 0312 08       		.uleb128 0x8
 666 0313 B2000000 		.4byte	.LVL29
 667 0317 3D040000 		.4byte	0x43d
 668 031b 2F030000 		.4byte	0x32f
 669 031f 09       		.uleb128 0x9
 670 0320 01       		.uleb128 0x1
 671 0321 50       		.byte	0x50
 672 0322 02       		.uleb128 0x2
 673 0323 74       		.byte	0x74
 674 0324 00       		.sleb128 0
 675 0325 09       		.uleb128 0x9
 676 0326 01       		.uleb128 0x1
 677 0327 51       		.byte	0x51
 678 0328 05       		.uleb128 0x5
 679 0329 03       		.byte	0x3
 680 032a FC000000 		.4byte	.LC5
 681 032e 00       		.byte	0
 682 032f 08       		.uleb128 0x8
 683 0330 B8000000 		.4byte	.LVL30
 684 0334 48040000 		.4byte	0x448
 685 0338 43030000 		.4byte	0x343
 686 033c 09       		.uleb128 0x9
 687 033d 01       		.uleb128 0x1
 688 033e 50       		.byte	0x50
 689 033f 02       		.uleb128 0x2
 690 0340 74       		.byte	0x74
 691 0341 00       		.sleb128 0
 692 0342 00       		.byte	0
 693 0343 08       		.uleb128 0x8
 694 0344 BE000000 		.4byte	.LVL31
 695 0348 48040000 		.4byte	0x448
 696 034c 5A030000 		.4byte	0x35a
 697 0350 09       		.uleb128 0x9
 698 0351 01       		.uleb128 0x1
 699 0352 50       		.byte	0x50
 700 0353 05       		.uleb128 0x5
 701 0354 03       		.byte	0x3
 702 0355 2C010000 		.4byte	.LC6
 703 0359 00       		.byte	0
 704 035a 07       		.uleb128 0x7
 705 035b C2000000 		.4byte	.LVL32
 706 035f 5E040000 		.4byte	0x45e
 707 0363 08       		.uleb128 0x8
 708 0364 C8000000 		.4byte	.LVL33
 709 0368 32040000 		.4byte	0x432
 710 036c 77030000 		.4byte	0x377
 711 0370 09       		.uleb128 0x9
 712 0371 01       		.uleb128 0x1
ARM GAS  C:\Users\Ilaria\AppData\Local\Temp\cczHlXbA.s 			page 17


 713 0372 50       		.byte	0x50
 714 0373 02       		.uleb128 0x2
 715 0374 08       		.byte	0x8
 716 0375 2F       		.byte	0x2f
 717 0376 00       		.byte	0
 718 0377 08       		.uleb128 0x8
 719 0378 D4000000 		.4byte	.LVL35
 720 037c 48040000 		.4byte	0x448
 721 0380 8E030000 		.4byte	0x38e
 722 0384 09       		.uleb128 0x9
 723 0385 01       		.uleb128 0x1
 724 0386 50       		.byte	0x50
 725 0387 05       		.uleb128 0x5
 726 0388 03       		.byte	0x3
 727 0389 5C010000 		.4byte	.LC7
 728 038d 00       		.byte	0
 729 038e 08       		.uleb128 0x8
 730 038f DC000000 		.4byte	.LVL36
 731 0393 53040000 		.4byte	0x453
 732 0397 A7030000 		.4byte	0x3a7
 733 039b 09       		.uleb128 0x9
 734 039c 01       		.uleb128 0x1
 735 039d 50       		.byte	0x50
 736 039e 02       		.uleb128 0x2
 737 039f 08       		.byte	0x8
 738 03a0 2E       		.byte	0x2e
 739 03a1 09       		.uleb128 0x9
 740 03a2 01       		.uleb128 0x1
 741 03a3 51       		.byte	0x51
 742 03a4 01       		.uleb128 0x1
 743 03a5 30       		.byte	0x30
 744 03a6 00       		.byte	0
 745 03a7 0A       		.uleb128 0xa
 746 03a8 E4000000 		.4byte	.LVL37
 747 03ac 53040000 		.4byte	0x453
 748 03b0 09       		.uleb128 0x9
 749 03b1 01       		.uleb128 0x1
 750 03b2 50       		.byte	0x50
 751 03b3 02       		.uleb128 0x2
 752 03b4 08       		.byte	0x8
 753 03b5 2E       		.byte	0x2e
 754 03b6 09       		.uleb128 0x9
 755 03b7 01       		.uleb128 0x1
 756 03b8 51       		.byte	0x51
 757 03b9 02       		.uleb128 0x2
 758 03ba 08       		.byte	0x8
 759 03bb 40       		.byte	0x40
 760 03bc 00       		.byte	0
 761 03bd 00       		.byte	0
 762 03be 0B       		.uleb128 0xb
 763 03bf F0000000 		.4byte	.LASF24
 764 03c3 04       		.byte	0x4
 765 03c4 1207     		.2byte	0x712
 766 03c6 CA030000 		.4byte	0x3ca
 767 03ca 0C       		.uleb128 0xc
 768 03cb 8C000000 		.4byte	0x8c
 769 03cf 0D       		.uleb128 0xd
ARM GAS  C:\Users\Ilaria\AppData\Local\Temp\cczHlXbA.s 			page 18


 770 03d0 A5000000 		.4byte	0xa5
 771 03d4 DF030000 		.4byte	0x3df
 772 03d8 0E       		.uleb128 0xe
 773 03d9 B3000000 		.4byte	0xb3
 774 03dd 63       		.byte	0x63
 775 03de 00       		.byte	0
 776 03df 0F       		.uleb128 0xf
 777 03e0 97020000 		.4byte	.LASF25
 778 03e4 01       		.byte	0x1
 779 03e5 16       		.byte	0x16
 780 03e6 CF030000 		.4byte	0x3cf
 781 03ea 05       		.uleb128 0x5
 782 03eb 03       		.byte	0x3
 783 03ec 00000000 		.4byte	bufferUART
 784 03f0 10       		.uleb128 0x10
 785 03f1 09000000 		.4byte	.LASF26
 786 03f5 09000000 		.4byte	.LASF26
 787 03f9 05       		.byte	0x5
 788 03fa 54       		.byte	0x54
 789 03fb 10       		.uleb128 0x10
 790 03fc 20000000 		.4byte	.LASF27
 791 0400 20000000 		.4byte	.LASF27
 792 0404 06       		.byte	0x6
 793 0405 4D       		.byte	0x4d
 794 0406 10       		.uleb128 0x10
 795 0407 93000000 		.4byte	.LASF28
 796 040b 93000000 		.4byte	.LASF28
 797 040f 07       		.byte	0x7
 798 0410 4D       		.byte	0x4d
 799 0411 10       		.uleb128 0x10
 800 0412 69010000 		.4byte	.LASF29
 801 0416 69010000 		.4byte	.LASF29
 802 041a 08       		.byte	0x8
 803 041b 18       		.byte	0x18
 804 041c 10       		.uleb128 0x10
 805 041d 1B010000 		.4byte	.LASF30
 806 0421 1B010000 		.4byte	.LASF30
 807 0425 09       		.byte	0x9
 808 0426 18       		.byte	0x18
 809 0427 10       		.uleb128 0x10
 810 0428 8F020000 		.4byte	.LASF31
 811 042c 8F020000 		.4byte	.LASF31
 812 0430 0A       		.byte	0xa
 813 0431 76       		.byte	0x76
 814 0432 10       		.uleb128 0x10
 815 0433 7E020000 		.4byte	.LASF32
 816 0437 7E020000 		.4byte	.LASF32
 817 043b 0B       		.byte	0xb
 818 043c 77       		.byte	0x77
 819 043d 10       		.uleb128 0x10
 820 043e 78010000 		.4byte	.LASF33
 821 0442 78010000 		.4byte	.LASF33
 822 0446 0C       		.byte	0xc
 823 0447 E7       		.byte	0xe7
 824 0448 10       		.uleb128 0x10
 825 0449 6D020000 		.4byte	.LASF34
 826 044d 6D020000 		.4byte	.LASF34
ARM GAS  C:\Users\Ilaria\AppData\Local\Temp\cczHlXbA.s 			page 19


 827 0451 05       		.byte	0x5
 828 0452 8B       		.byte	0x8b
 829 0453 10       		.uleb128 0x10
 830 0454 04010000 		.4byte	.LASF35
 831 0458 04010000 		.4byte	.LASF35
 832 045c 0B       		.byte	0xb
 833 045d 6F       		.byte	0x6f
 834 045e 10       		.uleb128 0x10
 835 045f C1000000 		.4byte	.LASF36
 836 0463 C1000000 		.4byte	.LASF36
 837 0467 0D       		.byte	0xd
 838 0468 12       		.byte	0x12
 839 0469 00       		.byte	0
 840              		.section	.debug_abbrev,"",%progbits
 841              	.Ldebug_abbrev0:
 842 0000 01       		.uleb128 0x1
 843 0001 11       		.uleb128 0x11
 844 0002 01       		.byte	0x1
 845 0003 25       		.uleb128 0x25
 846 0004 0E       		.uleb128 0xe
 847 0005 13       		.uleb128 0x13
 848 0006 0B       		.uleb128 0xb
 849 0007 03       		.uleb128 0x3
 850 0008 0E       		.uleb128 0xe
 851 0009 1B       		.uleb128 0x1b
 852 000a 0E       		.uleb128 0xe
 853 000b 55       		.uleb128 0x55
 854 000c 17       		.uleb128 0x17
 855 000d 11       		.uleb128 0x11
 856 000e 01       		.uleb128 0x1
 857 000f 10       		.uleb128 0x10
 858 0010 17       		.uleb128 0x17
 859 0011 00       		.byte	0
 860 0012 00       		.byte	0
 861 0013 02       		.uleb128 0x2
 862 0014 24       		.uleb128 0x24
 863 0015 00       		.byte	0
 864 0016 0B       		.uleb128 0xb
 865 0017 0B       		.uleb128 0xb
 866 0018 3E       		.uleb128 0x3e
 867 0019 0B       		.uleb128 0xb
 868 001a 03       		.uleb128 0x3
 869 001b 0E       		.uleb128 0xe
 870 001c 00       		.byte	0
 871 001d 00       		.byte	0
 872 001e 03       		.uleb128 0x3
 873 001f 16       		.uleb128 0x16
 874 0020 00       		.byte	0
 875 0021 03       		.uleb128 0x3
 876 0022 0E       		.uleb128 0xe
 877 0023 3A       		.uleb128 0x3a
 878 0024 0B       		.uleb128 0xb
 879 0025 3B       		.uleb128 0x3b
 880 0026 0B       		.uleb128 0xb
 881 0027 49       		.uleb128 0x49
 882 0028 13       		.uleb128 0x13
 883 0029 00       		.byte	0
ARM GAS  C:\Users\Ilaria\AppData\Local\Temp\cczHlXbA.s 			page 20


 884 002a 00       		.byte	0
 885 002b 04       		.uleb128 0x4
 886 002c 24       		.uleb128 0x24
 887 002d 00       		.byte	0
 888 002e 0B       		.uleb128 0xb
 889 002f 0B       		.uleb128 0xb
 890 0030 3E       		.uleb128 0x3e
 891 0031 0B       		.uleb128 0xb
 892 0032 03       		.uleb128 0x3
 893 0033 08       		.uleb128 0x8
 894 0034 00       		.byte	0
 895 0035 00       		.byte	0
 896 0036 05       		.uleb128 0x5
 897 0037 2E       		.uleb128 0x2e
 898 0038 01       		.byte	0x1
 899 0039 3F       		.uleb128 0x3f
 900 003a 19       		.uleb128 0x19
 901 003b 03       		.uleb128 0x3
 902 003c 0E       		.uleb128 0xe
 903 003d 3A       		.uleb128 0x3a
 904 003e 0B       		.uleb128 0xb
 905 003f 3B       		.uleb128 0x3b
 906 0040 0B       		.uleb128 0xb
 907 0041 27       		.uleb128 0x27
 908 0042 19       		.uleb128 0x19
 909 0043 49       		.uleb128 0x49
 910 0044 13       		.uleb128 0x13
 911 0045 8701     		.uleb128 0x87
 912 0047 19       		.uleb128 0x19
 913 0048 11       		.uleb128 0x11
 914 0049 01       		.uleb128 0x1
 915 004a 12       		.uleb128 0x12
 916 004b 06       		.uleb128 0x6
 917 004c 40       		.uleb128 0x40
 918 004d 18       		.uleb128 0x18
 919 004e 9742     		.uleb128 0x2117
 920 0050 19       		.uleb128 0x19
 921 0051 01       		.uleb128 0x1
 922 0052 13       		.uleb128 0x13
 923 0053 00       		.byte	0
 924 0054 00       		.byte	0
 925 0055 06       		.uleb128 0x6
 926 0056 34       		.uleb128 0x34
 927 0057 00       		.byte	0
 928 0058 03       		.uleb128 0x3
 929 0059 0E       		.uleb128 0xe
 930 005a 3A       		.uleb128 0x3a
 931 005b 0B       		.uleb128 0xb
 932 005c 3B       		.uleb128 0x3b
 933 005d 0B       		.uleb128 0xb
 934 005e 49       		.uleb128 0x49
 935 005f 13       		.uleb128 0x13
 936 0060 02       		.uleb128 0x2
 937 0061 17       		.uleb128 0x17
 938 0062 00       		.byte	0
 939 0063 00       		.byte	0
 940 0064 07       		.uleb128 0x7
ARM GAS  C:\Users\Ilaria\AppData\Local\Temp\cczHlXbA.s 			page 21


 941 0065 898201   		.uleb128 0x4109
 942 0068 00       		.byte	0
 943 0069 11       		.uleb128 0x11
 944 006a 01       		.uleb128 0x1
 945 006b 31       		.uleb128 0x31
 946 006c 13       		.uleb128 0x13
 947 006d 00       		.byte	0
 948 006e 00       		.byte	0
 949 006f 08       		.uleb128 0x8
 950 0070 898201   		.uleb128 0x4109
 951 0073 01       		.byte	0x1
 952 0074 11       		.uleb128 0x11
 953 0075 01       		.uleb128 0x1
 954 0076 31       		.uleb128 0x31
 955 0077 13       		.uleb128 0x13
 956 0078 01       		.uleb128 0x1
 957 0079 13       		.uleb128 0x13
 958 007a 00       		.byte	0
 959 007b 00       		.byte	0
 960 007c 09       		.uleb128 0x9
 961 007d 8A8201   		.uleb128 0x410a
 962 0080 00       		.byte	0
 963 0081 02       		.uleb128 0x2
 964 0082 18       		.uleb128 0x18
 965 0083 9142     		.uleb128 0x2111
 966 0085 18       		.uleb128 0x18
 967 0086 00       		.byte	0
 968 0087 00       		.byte	0
 969 0088 0A       		.uleb128 0xa
 970 0089 898201   		.uleb128 0x4109
 971 008c 01       		.byte	0x1
 972 008d 11       		.uleb128 0x11
 973 008e 01       		.uleb128 0x1
 974 008f 31       		.uleb128 0x31
 975 0090 13       		.uleb128 0x13
 976 0091 00       		.byte	0
 977 0092 00       		.byte	0
 978 0093 0B       		.uleb128 0xb
 979 0094 34       		.uleb128 0x34
 980 0095 00       		.byte	0
 981 0096 03       		.uleb128 0x3
 982 0097 0E       		.uleb128 0xe
 983 0098 3A       		.uleb128 0x3a
 984 0099 0B       		.uleb128 0xb
 985 009a 3B       		.uleb128 0x3b
 986 009b 05       		.uleb128 0x5
 987 009c 49       		.uleb128 0x49
 988 009d 13       		.uleb128 0x13
 989 009e 3F       		.uleb128 0x3f
 990 009f 19       		.uleb128 0x19
 991 00a0 3C       		.uleb128 0x3c
 992 00a1 19       		.uleb128 0x19
 993 00a2 00       		.byte	0
 994 00a3 00       		.byte	0
 995 00a4 0C       		.uleb128 0xc
 996 00a5 35       		.uleb128 0x35
 997 00a6 00       		.byte	0
ARM GAS  C:\Users\Ilaria\AppData\Local\Temp\cczHlXbA.s 			page 22


 998 00a7 49       		.uleb128 0x49
 999 00a8 13       		.uleb128 0x13
 1000 00a9 00       		.byte	0
 1001 00aa 00       		.byte	0
 1002 00ab 0D       		.uleb128 0xd
 1003 00ac 01       		.uleb128 0x1
 1004 00ad 01       		.byte	0x1
 1005 00ae 49       		.uleb128 0x49
 1006 00af 13       		.uleb128 0x13
 1007 00b0 01       		.uleb128 0x1
 1008 00b1 13       		.uleb128 0x13
 1009 00b2 00       		.byte	0
 1010 00b3 00       		.byte	0
 1011 00b4 0E       		.uleb128 0xe
 1012 00b5 21       		.uleb128 0x21
 1013 00b6 00       		.byte	0
 1014 00b7 49       		.uleb128 0x49
 1015 00b8 13       		.uleb128 0x13
 1016 00b9 2F       		.uleb128 0x2f
 1017 00ba 0B       		.uleb128 0xb
 1018 00bb 00       		.byte	0
 1019 00bc 00       		.byte	0
 1020 00bd 0F       		.uleb128 0xf
 1021 00be 34       		.uleb128 0x34
 1022 00bf 00       		.byte	0
 1023 00c0 03       		.uleb128 0x3
 1024 00c1 0E       		.uleb128 0xe
 1025 00c2 3A       		.uleb128 0x3a
 1026 00c3 0B       		.uleb128 0xb
 1027 00c4 3B       		.uleb128 0x3b
 1028 00c5 0B       		.uleb128 0xb
 1029 00c6 49       		.uleb128 0x49
 1030 00c7 13       		.uleb128 0x13
 1031 00c8 3F       		.uleb128 0x3f
 1032 00c9 19       		.uleb128 0x19
 1033 00ca 02       		.uleb128 0x2
 1034 00cb 18       		.uleb128 0x18
 1035 00cc 00       		.byte	0
 1036 00cd 00       		.byte	0
 1037 00ce 10       		.uleb128 0x10
 1038 00cf 2E       		.uleb128 0x2e
 1039 00d0 00       		.byte	0
 1040 00d1 3F       		.uleb128 0x3f
 1041 00d2 19       		.uleb128 0x19
 1042 00d3 3C       		.uleb128 0x3c
 1043 00d4 19       		.uleb128 0x19
 1044 00d5 6E       		.uleb128 0x6e
 1045 00d6 0E       		.uleb128 0xe
 1046 00d7 03       		.uleb128 0x3
 1047 00d8 0E       		.uleb128 0xe
 1048 00d9 3A       		.uleb128 0x3a
 1049 00da 0B       		.uleb128 0xb
 1050 00db 3B       		.uleb128 0x3b
 1051 00dc 0B       		.uleb128 0xb
 1052 00dd 00       		.byte	0
 1053 00de 00       		.byte	0
 1054 00df 00       		.byte	0
ARM GAS  C:\Users\Ilaria\AppData\Local\Temp\cczHlXbA.s 			page 23


 1055              		.section	.debug_loc,"",%progbits
 1056              	.Ldebug_loc0:
 1057              	.LLST0:
 1058 0000 28000000 		.4byte	.LVL6
 1059 0004 30000000 		.4byte	.LVL7
 1060 0008 0100     		.2byte	0x1
 1061 000a 50       		.byte	0x50
 1062 000b 00000000 		.4byte	0
 1063 000f 00000000 		.4byte	0
 1064              	.LLST1:
 1065 0013 4E000000 		.4byte	.LVL12
 1066 0017 54000000 		.4byte	.LVL13
 1067 001b 0100     		.2byte	0x1
 1068 001d 50       		.byte	0x50
 1069 001e 00000000 		.4byte	0
 1070 0022 00000000 		.4byte	0
 1071              	.LLST2:
 1072 0026 6C000000 		.4byte	.LVL17
 1073 002a 72000000 		.4byte	.LVL18
 1074 002e 0100     		.2byte	0x1
 1075 0030 50       		.byte	0x50
 1076 0031 00000000 		.4byte	0
 1077 0035 00000000 		.4byte	0
 1078              	.LLST3:
 1079 0039 8A000000 		.4byte	.LVL22
 1080 003d 90000000 		.4byte	.LVL23
 1081 0041 0100     		.2byte	0x1
 1082 0043 50       		.byte	0x50
 1083 0044 00000000 		.4byte	0
 1084 0048 00000000 		.4byte	0
 1085              	.LLST4:
 1086 004c A8000000 		.4byte	.LVL27
 1087 0050 AE000000 		.4byte	.LVL28
 1088 0054 0100     		.2byte	0x1
 1089 0056 50       		.byte	0x50
 1090 0057 00000000 		.4byte	0
 1091 005b 00000000 		.4byte	0
 1092              	.LLST5:
 1093 005f C8000000 		.4byte	.LVL33
 1094 0063 D0000000 		.4byte	.LVL34
 1095 0067 0100     		.2byte	0x1
 1096 0069 50       		.byte	0x50
 1097 006a 00000000 		.4byte	0
 1098 006e 00000000 		.4byte	0
 1099              		.section	.debug_aranges,"",%progbits
 1100 0000 1C000000 		.4byte	0x1c
 1101 0004 0200     		.2byte	0x2
 1102 0006 00000000 		.4byte	.Ldebug_info0
 1103 000a 04       		.byte	0x4
 1104 000b 00       		.byte	0
 1105 000c 0000     		.2byte	0
 1106 000e 0000     		.2byte	0
 1107 0010 00000000 		.4byte	.LFB64
 1108 0014 14010000 		.4byte	.LFE64-.LFB64
 1109 0018 00000000 		.4byte	0
 1110 001c 00000000 		.4byte	0
 1111              		.section	.debug_ranges,"",%progbits
ARM GAS  C:\Users\Ilaria\AppData\Local\Temp\cczHlXbA.s 			page 24


 1112              	.Ldebug_ranges0:
 1113 0000 00000000 		.4byte	.LFB64
 1114 0004 14010000 		.4byte	.LFE64
 1115 0008 00000000 		.4byte	0
 1116 000c 00000000 		.4byte	0
 1117              		.section	.debug_line,"",%progbits
 1118              	.Ldebug_line0:
 1119 0000 51020000 		.section	.debug_str,"MS",%progbits,1
 1119      02001602 
 1119      00000201 
 1119      FB0E0D00 
 1119      01010101 
 1120              	.LASF23:
 1121 0000 6E65775F 		.ascii	"new_data\000"
 1121      64617461 
 1121      00
 1122              	.LASF26:
 1123 0009 55415254 		.ascii	"UART_1_Start\000"
 1123      5F315F53 
 1123      74617274 
 1123      00
 1124              	.LASF4:
 1125 0016 5F5F7569 		.ascii	"__uint8_t\000"
 1125      6E74385F 
 1125      7400
 1126              	.LASF27:
 1127 0020 5350494D 		.ascii	"SPIM_1_Start\000"
 1127      5F315F53 
 1127      74617274 
 1127      00
 1128              	.LASF21:
 1129 002d 6374726C 		.ascii	"ctrl1_FIFO\000"
 1129      315F4649 
 1129      464F00
 1130              	.LASF5:
 1131 0038 5F5F696E 		.ascii	"__int32_t\000"
 1131      7433325F 
 1131      7400
 1132              	.LASF39:
 1133 0042 433A5C55 		.ascii	"C:\\Users\\Ilaria\\Documents\\GitHub\\FINAL-PROJECT"
 1133      73657273 
 1133      5C496C61 
 1133      7269615C 
 1133      446F6375 
 1134 0070 2D47524F 		.ascii	"-GROUP5\\Final_Project_Group5.cydsn\000"
 1134      5550355C 
 1134      46696E61 
 1134      6C5F5072 
 1134      6F6A6563 
 1135              	.LASF28:
 1136 0093 5350494D 		.ascii	"SPIM_2_Start\000"
 1136      5F325F53 
 1136      74617274 
 1136      00
 1137              	.LASF10:
 1138 00a0 756E7369 		.ascii	"unsigned int\000"
 1138      676E6564 
ARM GAS  C:\Users\Ilaria\AppData\Local\Temp\cczHlXbA.s 			page 25


 1138      20696E74 
 1138      00
 1139              	.LASF13:
 1140 00ad 666C6F61 		.ascii	"float\000"
 1140      7400
 1141              	.LASF1:
 1142 00b3 756E7369 		.ascii	"unsigned char\000"
 1142      676E6564 
 1142      20636861 
 1142      7200
 1143              	.LASF36:
 1144 00c1 73686F77 		.ascii	"show_menu\000"
 1144      5F6D656E 
 1144      7500
 1145              	.LASF7:
 1146 00cb 6C6F6E67 		.ascii	"long unsigned int\000"
 1146      20756E73 
 1146      69676E65 
 1146      6420696E 
 1146      7400
 1147              	.LASF3:
 1148 00dd 73686F72 		.ascii	"short unsigned int\000"
 1148      7420756E 
 1148      7369676E 
 1148      65642069 
 1148      6E7400
 1149              	.LASF24:
 1150 00f0 49544D5F 		.ascii	"ITM_RxBuffer\000"
 1150      52784275 
 1150      66666572 
 1150      00
 1151              	.LASF14:
 1152 00fd 646F7562 		.ascii	"double\000"
 1152      6C6500
 1153              	.LASF35:
 1154 0104 4143435F 		.ascii	"ACC_writeRegister\000"
 1154      77726974 
 1154      65526567 
 1154      69737465 
 1154      7200
 1155              	.LASF40:
 1156 0116 6D61696E 		.ascii	"main\000"
 1156      00
 1157              	.LASF30:
 1158 011b 6973725F 		.ascii	"isr_FIFO_StartEx\000"
 1158      4649464F 
 1158      5F537461 
 1158      72744578 
 1158      00
 1159              	.LASF19:
 1160 012c 6374726C 		.ascii	"ctrl_reg1\000"
 1160      5F726567 
 1160      3100
 1161              	.LASF22:
 1162 0136 6374726C 		.ascii	"ctrl_reg3\000"
 1162      5F726567 
 1162      3300
ARM GAS  C:\Users\Ilaria\AppData\Local\Temp\cczHlXbA.s 			page 26


 1163              	.LASF20:
 1164 0140 6374726C 		.ascii	"ctrl_reg5\000"
 1164      5F726567 
 1164      3500
 1165              	.LASF9:
 1166 014a 6C6F6E67 		.ascii	"long long unsigned int\000"
 1166      206C6F6E 
 1166      6720756E 
 1166      7369676E 
 1166      65642069 
 1167              	.LASF11:
 1168 0161 75696E74 		.ascii	"uint8_t\000"
 1168      385F7400 
 1169              	.LASF29:
 1170 0169 6973725F 		.ascii	"isr_RX_StartEx\000"
 1170      52585F53 
 1170      74617274 
 1170      457800
 1171              	.LASF33:
 1172 0178 73707269 		.ascii	"sprintf\000"
 1172      6E746600 
 1173              	.LASF37:
 1174 0180 474E5520 		.ascii	"GNU C11 5.4.1 20160609 (release) [ARM/embedded-5-br"
 1174      43313120 
 1174      352E342E 
 1174      31203230 
 1174      31363036 
 1175 01b3 616E6368 		.ascii	"anch revision 237715] -mcpu=cortex-m3 -mthumb -g -O"
 1175      20726576 
 1175      6973696F 
 1175      6E203233 
 1175      37373135 
 1176 01e6 67202D66 		.ascii	"g -ffunction-sections -ffat-lto-objects\000"
 1176      66756E63 
 1176      74696F6E 
 1176      2D736563 
 1176      74696F6E 
 1177              	.LASF12:
 1178 020e 696E7433 		.ascii	"int32_t\000"
 1178      325F7400 
 1179              	.LASF17:
 1180 0216 73697A65 		.ascii	"sizetype\000"
 1180      74797065 
 1180      00
 1181              	.LASF8:
 1182 021f 6C6F6E67 		.ascii	"long long int\000"
 1182      206C6F6E 
 1182      6720696E 
 1182      7400
 1183              	.LASF38:
 1184 022d 6D61696E 		.ascii	"main.c\000"
 1184      2E6300
 1185              	.LASF15:
 1186 0234 63686172 		.ascii	"char\000"
 1186      00
 1187              	.LASF18:
 1188 0239 77686F5F 		.ascii	"who_am_i\000"
ARM GAS  C:\Users\Ilaria\AppData\Local\Temp\cczHlXbA.s 			page 27


 1188      616D5F69 
 1188      00
 1189              	.LASF2:
 1190 0242 73686F72 		.ascii	"short int\000"
 1190      7420696E 
 1190      7400
 1191              	.LASF6:
 1192 024c 6C6F6E67 		.ascii	"long int\000"
 1192      20696E74 
 1192      00
 1193              	.LASF16:
 1194 0255 6C6F6E67 		.ascii	"long double\000"
 1194      20646F75 
 1194      626C6500 
 1195              	.LASF0:
 1196 0261 7369676E 		.ascii	"signed char\000"
 1196      65642063 
 1196      68617200 
 1197              	.LASF34:
 1198 026d 55415254 		.ascii	"UART_1_PutString\000"
 1198      5F315F50 
 1198      75745374 
 1198      72696E67 
 1198      00
 1199              	.LASF32:
 1200 027e 4143435F 		.ascii	"ACC_readRegister\000"
 1200      72656164 
 1200      52656769 
 1200      73746572 
 1200      00
 1201              	.LASF31:
 1202 028f 43794465 		.ascii	"CyDelay\000"
 1202      6C617900 
 1203              	.LASF25:
 1204 0297 62756666 		.ascii	"bufferUART\000"
 1204      65725541 
 1204      525400
 1205              		.ident	"GCC: (GNU Tools for ARM Embedded Processors) 5.4.1 20160609 (release) [ARM/embedded-5-bran
