ARM GAS  C:\Users\ilami\AppData\Local\Temp\ccxItrcP.s 			page 1


   1              		.syntax unified
   2              		.cpu cortex-m3
   3              		.fpu softvfp
   4              		.eabi_attribute 20, 1
   5              		.eabi_attribute 21, 1
   6              		.eabi_attribute 23, 3
   7              		.eabi_attribute 24, 1
   8              		.eabi_attribute 25, 1
   9              		.eabi_attribute 26, 1
  10              		.eabi_attribute 30, 1
  11              		.eabi_attribute 34, 1
  12              		.eabi_attribute 18, 4
  13              		.thumb
  14              		.syntax unified
  15              		.file	"Timer_1_PM.c"
  16              		.text
  17              	.Ltext0:
  18              		.cfi_sections	.debug_frame
  19              		.section	.text.Timer_1_SaveConfig,"ax",%progbits
  20              		.align	2
  21              		.global	Timer_1_SaveConfig
  22              		.thumb
  23              		.thumb_func
  24              		.type	Timer_1_SaveConfig, %function
  25              	Timer_1_SaveConfig:
  26              	.LFB0:
  27              		.file 1 "Generated_Source\\PSoC5\\Timer_1_PM.c"
   1:Generated_Source\PSoC5/Timer_1_PM.c **** /*******************************************************************************
   2:Generated_Source\PSoC5/Timer_1_PM.c **** * File Name: Timer_1_PM.c
   3:Generated_Source\PSoC5/Timer_1_PM.c **** * Version 2.80
   4:Generated_Source\PSoC5/Timer_1_PM.c **** *
   5:Generated_Source\PSoC5/Timer_1_PM.c **** *  Description:
   6:Generated_Source\PSoC5/Timer_1_PM.c **** *     This file provides the power management source code to API for the
   7:Generated_Source\PSoC5/Timer_1_PM.c **** *     Timer.
   8:Generated_Source\PSoC5/Timer_1_PM.c **** *
   9:Generated_Source\PSoC5/Timer_1_PM.c **** *   Note:
  10:Generated_Source\PSoC5/Timer_1_PM.c **** *     None
  11:Generated_Source\PSoC5/Timer_1_PM.c **** *
  12:Generated_Source\PSoC5/Timer_1_PM.c **** *******************************************************************************
  13:Generated_Source\PSoC5/Timer_1_PM.c **** * Copyright 2008-2017, Cypress Semiconductor Corporation.  All rights reserved.
  14:Generated_Source\PSoC5/Timer_1_PM.c **** * You may use this file only in accordance with the license, terms, conditions,
  15:Generated_Source\PSoC5/Timer_1_PM.c **** * disclaimers, and limitations in the end user license agreement accompanying
  16:Generated_Source\PSoC5/Timer_1_PM.c **** * the software package with which this file was provided.
  17:Generated_Source\PSoC5/Timer_1_PM.c **** ********************************************************************************/
  18:Generated_Source\PSoC5/Timer_1_PM.c **** 
  19:Generated_Source\PSoC5/Timer_1_PM.c **** #include "Timer_1.h"
  20:Generated_Source\PSoC5/Timer_1_PM.c **** 
  21:Generated_Source\PSoC5/Timer_1_PM.c **** static Timer_1_backupStruct Timer_1_backup;
  22:Generated_Source\PSoC5/Timer_1_PM.c **** 
  23:Generated_Source\PSoC5/Timer_1_PM.c **** 
  24:Generated_Source\PSoC5/Timer_1_PM.c **** /*******************************************************************************
  25:Generated_Source\PSoC5/Timer_1_PM.c **** * Function Name: Timer_1_SaveConfig
  26:Generated_Source\PSoC5/Timer_1_PM.c **** ********************************************************************************
  27:Generated_Source\PSoC5/Timer_1_PM.c **** *
  28:Generated_Source\PSoC5/Timer_1_PM.c **** * Summary:
  29:Generated_Source\PSoC5/Timer_1_PM.c **** *     Save the current user configuration
  30:Generated_Source\PSoC5/Timer_1_PM.c **** *
ARM GAS  C:\Users\ilami\AppData\Local\Temp\ccxItrcP.s 			page 2


  31:Generated_Source\PSoC5/Timer_1_PM.c **** * Parameters:
  32:Generated_Source\PSoC5/Timer_1_PM.c **** *  void
  33:Generated_Source\PSoC5/Timer_1_PM.c **** *
  34:Generated_Source\PSoC5/Timer_1_PM.c **** * Return:
  35:Generated_Source\PSoC5/Timer_1_PM.c **** *  void
  36:Generated_Source\PSoC5/Timer_1_PM.c **** *
  37:Generated_Source\PSoC5/Timer_1_PM.c **** * Global variables:
  38:Generated_Source\PSoC5/Timer_1_PM.c **** *  Timer_1_backup:  Variables of this global structure are modified to
  39:Generated_Source\PSoC5/Timer_1_PM.c **** *  store the values of non retention configuration registers when Sleep() API is
  40:Generated_Source\PSoC5/Timer_1_PM.c **** *  called.
  41:Generated_Source\PSoC5/Timer_1_PM.c **** *
  42:Generated_Source\PSoC5/Timer_1_PM.c **** *******************************************************************************/
  43:Generated_Source\PSoC5/Timer_1_PM.c **** void Timer_1_SaveConfig(void) 
  44:Generated_Source\PSoC5/Timer_1_PM.c **** {
  28              		.loc 1 44 0
  29              		.cfi_startproc
  30              		@ args = 0, pretend = 0, frame = 0
  31              		@ frame_needed = 0, uses_anonymous_args = 0
  32 0000 08B5     		push	{r3, lr}
  33              		.cfi_def_cfa_offset 8
  34              		.cfi_offset 3, -8
  35              		.cfi_offset 14, -4
  45:Generated_Source\PSoC5/Timer_1_PM.c ****     #if (!Timer_1_UsingFixedFunction)
  46:Generated_Source\PSoC5/Timer_1_PM.c ****         Timer_1_backup.TimerUdb = Timer_1_ReadCounter();
  36              		.loc 1 46 0
  37 0002 FFF7FEFF 		bl	Timer_1_ReadCounter
  38              	.LVL0:
  39 0006 034B     		ldr	r3, .L3
  40 0008 5870     		strb	r0, [r3, #1]
  47:Generated_Source\PSoC5/Timer_1_PM.c ****         Timer_1_backup.InterruptMaskValue = Timer_1_STATUS_MASK;
  41              		.loc 1 47 0
  42 000a 034A     		ldr	r2, .L3+4
  43 000c 1278     		ldrb	r2, [r2]	@ zero_extendqisi2
  44 000e 9A70     		strb	r2, [r3, #2]
  45 0010 08BD     		pop	{r3, pc}
  46              	.L4:
  47 0012 00BF     		.align	2
  48              	.L3:
  49 0014 00000000 		.word	.LANCHOR0
  50 0018 86650040 		.word	1073767814
  51              		.cfi_endproc
  52              	.LFE0:
  53              		.size	Timer_1_SaveConfig, .-Timer_1_SaveConfig
  54              		.section	.text.Timer_1_RestoreConfig,"ax",%progbits
  55              		.align	2
  56              		.global	Timer_1_RestoreConfig
  57              		.thumb
  58              		.thumb_func
  59              		.type	Timer_1_RestoreConfig, %function
  60              	Timer_1_RestoreConfig:
  61              	.LFB1:
  48:Generated_Source\PSoC5/Timer_1_PM.c ****         #if (Timer_1_UsingHWCaptureCounter)
  49:Generated_Source\PSoC5/Timer_1_PM.c ****             Timer_1_backup.TimerCaptureCounter = Timer_1_ReadCaptureCount();
  50:Generated_Source\PSoC5/Timer_1_PM.c ****         #endif /* Back Up capture counter register  */
  51:Generated_Source\PSoC5/Timer_1_PM.c **** 
  52:Generated_Source\PSoC5/Timer_1_PM.c ****         #if(!Timer_1_UDB_CONTROL_REG_REMOVED)
  53:Generated_Source\PSoC5/Timer_1_PM.c ****             Timer_1_backup.TimerControlRegister = Timer_1_ReadControlRegister();
ARM GAS  C:\Users\ilami\AppData\Local\Temp\ccxItrcP.s 			page 3


  54:Generated_Source\PSoC5/Timer_1_PM.c ****         #endif /* Backup the enable state of the Timer component */
  55:Generated_Source\PSoC5/Timer_1_PM.c ****     #endif /* Backup non retention registers in UDB implementation. All fixed function registers ar
  56:Generated_Source\PSoC5/Timer_1_PM.c **** }
  57:Generated_Source\PSoC5/Timer_1_PM.c **** 
  58:Generated_Source\PSoC5/Timer_1_PM.c **** 
  59:Generated_Source\PSoC5/Timer_1_PM.c **** /*******************************************************************************
  60:Generated_Source\PSoC5/Timer_1_PM.c **** * Function Name: Timer_1_RestoreConfig
  61:Generated_Source\PSoC5/Timer_1_PM.c **** ********************************************************************************
  62:Generated_Source\PSoC5/Timer_1_PM.c **** *
  63:Generated_Source\PSoC5/Timer_1_PM.c **** * Summary:
  64:Generated_Source\PSoC5/Timer_1_PM.c **** *  Restores the current user configuration.
  65:Generated_Source\PSoC5/Timer_1_PM.c **** *
  66:Generated_Source\PSoC5/Timer_1_PM.c **** * Parameters:
  67:Generated_Source\PSoC5/Timer_1_PM.c **** *  void
  68:Generated_Source\PSoC5/Timer_1_PM.c **** *
  69:Generated_Source\PSoC5/Timer_1_PM.c **** * Return:
  70:Generated_Source\PSoC5/Timer_1_PM.c **** *  void
  71:Generated_Source\PSoC5/Timer_1_PM.c **** *
  72:Generated_Source\PSoC5/Timer_1_PM.c **** * Global variables:
  73:Generated_Source\PSoC5/Timer_1_PM.c **** *  Timer_1_backup:  Variables of this global structure are used to
  74:Generated_Source\PSoC5/Timer_1_PM.c **** *  restore the values of non retention registers on wakeup from sleep mode.
  75:Generated_Source\PSoC5/Timer_1_PM.c **** *
  76:Generated_Source\PSoC5/Timer_1_PM.c **** *******************************************************************************/
  77:Generated_Source\PSoC5/Timer_1_PM.c **** void Timer_1_RestoreConfig(void) 
  78:Generated_Source\PSoC5/Timer_1_PM.c **** {   
  62              		.loc 1 78 0
  63              		.cfi_startproc
  64              		@ args = 0, pretend = 0, frame = 0
  65              		@ frame_needed = 0, uses_anonymous_args = 0
  66 0000 10B5     		push	{r4, lr}
  67              		.cfi_def_cfa_offset 8
  68              		.cfi_offset 4, -8
  69              		.cfi_offset 14, -4
  79:Generated_Source\PSoC5/Timer_1_PM.c ****     #if (!Timer_1_UsingFixedFunction)
  80:Generated_Source\PSoC5/Timer_1_PM.c **** 
  81:Generated_Source\PSoC5/Timer_1_PM.c ****         Timer_1_WriteCounter(Timer_1_backup.TimerUdb);
  70              		.loc 1 81 0
  71 0002 044C     		ldr	r4, .L7
  72 0004 6078     		ldrb	r0, [r4, #1]	@ zero_extendqisi2
  73 0006 FFF7FEFF 		bl	Timer_1_WriteCounter
  74              	.LVL1:
  82:Generated_Source\PSoC5/Timer_1_PM.c ****         Timer_1_STATUS_MASK =Timer_1_backup.InterruptMaskValue;
  75              		.loc 1 82 0
  76 000a A278     		ldrb	r2, [r4, #2]	@ zero_extendqisi2
  77 000c 024B     		ldr	r3, .L7+4
  78 000e 1A70     		strb	r2, [r3]
  79 0010 10BD     		pop	{r4, pc}
  80              	.L8:
  81 0012 00BF     		.align	2
  82              	.L7:
  83 0014 00000000 		.word	.LANCHOR0
  84 0018 86650040 		.word	1073767814
  85              		.cfi_endproc
  86              	.LFE1:
  87              		.size	Timer_1_RestoreConfig, .-Timer_1_RestoreConfig
  88              		.section	.text.Timer_1_Sleep,"ax",%progbits
  89              		.align	2
ARM GAS  C:\Users\ilami\AppData\Local\Temp\ccxItrcP.s 			page 4


  90              		.global	Timer_1_Sleep
  91              		.thumb
  92              		.thumb_func
  93              		.type	Timer_1_Sleep, %function
  94              	Timer_1_Sleep:
  95              	.LFB2:
  83:Generated_Source\PSoC5/Timer_1_PM.c ****         #if (Timer_1_UsingHWCaptureCounter)
  84:Generated_Source\PSoC5/Timer_1_PM.c ****             Timer_1_SetCaptureCount(Timer_1_backup.TimerCaptureCounter);
  85:Generated_Source\PSoC5/Timer_1_PM.c ****         #endif /* Restore Capture counter register*/
  86:Generated_Source\PSoC5/Timer_1_PM.c **** 
  87:Generated_Source\PSoC5/Timer_1_PM.c ****         #if(!Timer_1_UDB_CONTROL_REG_REMOVED)
  88:Generated_Source\PSoC5/Timer_1_PM.c ****             Timer_1_WriteControlRegister(Timer_1_backup.TimerControlRegister);
  89:Generated_Source\PSoC5/Timer_1_PM.c ****         #endif /* Restore the enable state of the Timer component */
  90:Generated_Source\PSoC5/Timer_1_PM.c ****     #endif /* Restore non retention registers in the UDB implementation only */
  91:Generated_Source\PSoC5/Timer_1_PM.c **** }
  92:Generated_Source\PSoC5/Timer_1_PM.c **** 
  93:Generated_Source\PSoC5/Timer_1_PM.c **** 
  94:Generated_Source\PSoC5/Timer_1_PM.c **** /*******************************************************************************
  95:Generated_Source\PSoC5/Timer_1_PM.c **** * Function Name: Timer_1_Sleep
  96:Generated_Source\PSoC5/Timer_1_PM.c **** ********************************************************************************
  97:Generated_Source\PSoC5/Timer_1_PM.c **** *
  98:Generated_Source\PSoC5/Timer_1_PM.c **** * Summary:
  99:Generated_Source\PSoC5/Timer_1_PM.c **** *     Stop and Save the user configuration
 100:Generated_Source\PSoC5/Timer_1_PM.c **** *
 101:Generated_Source\PSoC5/Timer_1_PM.c **** * Parameters:
 102:Generated_Source\PSoC5/Timer_1_PM.c **** *  void
 103:Generated_Source\PSoC5/Timer_1_PM.c **** *
 104:Generated_Source\PSoC5/Timer_1_PM.c **** * Return:
 105:Generated_Source\PSoC5/Timer_1_PM.c **** *  void
 106:Generated_Source\PSoC5/Timer_1_PM.c **** *
 107:Generated_Source\PSoC5/Timer_1_PM.c **** * Global variables:
 108:Generated_Source\PSoC5/Timer_1_PM.c **** *  Timer_1_backup.TimerEnableState:  Is modified depending on the
 109:Generated_Source\PSoC5/Timer_1_PM.c **** *  enable state of the block before entering sleep mode.
 110:Generated_Source\PSoC5/Timer_1_PM.c **** *
 111:Generated_Source\PSoC5/Timer_1_PM.c **** *******************************************************************************/
 112:Generated_Source\PSoC5/Timer_1_PM.c **** void Timer_1_Sleep(void) 
 113:Generated_Source\PSoC5/Timer_1_PM.c **** {
  96              		.loc 1 113 0
  97              		.cfi_startproc
  98              		@ args = 0, pretend = 0, frame = 0
  99              		@ frame_needed = 0, uses_anonymous_args = 0
 100 0000 08B5     		push	{r3, lr}
 101              		.cfi_def_cfa_offset 8
 102              		.cfi_offset 3, -8
 103              		.cfi_offset 14, -4
 114:Generated_Source\PSoC5/Timer_1_PM.c ****     #if(!Timer_1_UDB_CONTROL_REG_REMOVED)
 115:Generated_Source\PSoC5/Timer_1_PM.c ****         /* Save Counter's enable state */
 116:Generated_Source\PSoC5/Timer_1_PM.c ****         if(Timer_1_CTRL_ENABLE == (Timer_1_CONTROL & Timer_1_CTRL_ENABLE))
 117:Generated_Source\PSoC5/Timer_1_PM.c ****         {
 118:Generated_Source\PSoC5/Timer_1_PM.c ****             /* Timer is enabled */
 119:Generated_Source\PSoC5/Timer_1_PM.c ****             Timer_1_backup.TimerEnableState = 1u;
 120:Generated_Source\PSoC5/Timer_1_PM.c ****         }
 121:Generated_Source\PSoC5/Timer_1_PM.c ****         else
 122:Generated_Source\PSoC5/Timer_1_PM.c ****         {
 123:Generated_Source\PSoC5/Timer_1_PM.c ****             /* Timer is disabled */
 124:Generated_Source\PSoC5/Timer_1_PM.c ****             Timer_1_backup.TimerEnableState = 0u;
 125:Generated_Source\PSoC5/Timer_1_PM.c ****         }
ARM GAS  C:\Users\ilami\AppData\Local\Temp\ccxItrcP.s 			page 5


 126:Generated_Source\PSoC5/Timer_1_PM.c ****     #endif /* Back up enable state from the Timer control register */
 127:Generated_Source\PSoC5/Timer_1_PM.c ****     Timer_1_Stop();
 104              		.loc 1 127 0
 105 0002 FFF7FEFF 		bl	Timer_1_Stop
 106              	.LVL2:
 128:Generated_Source\PSoC5/Timer_1_PM.c ****     Timer_1_SaveConfig();
 107              		.loc 1 128 0
 108 0006 FFF7FEFF 		bl	Timer_1_SaveConfig
 109              	.LVL3:
 110 000a 08BD     		pop	{r3, pc}
 111              		.cfi_endproc
 112              	.LFE2:
 113              		.size	Timer_1_Sleep, .-Timer_1_Sleep
 114              		.section	.text.Timer_1_Wakeup,"ax",%progbits
 115              		.align	2
 116              		.global	Timer_1_Wakeup
 117              		.thumb
 118              		.thumb_func
 119              		.type	Timer_1_Wakeup, %function
 120              	Timer_1_Wakeup:
 121              	.LFB3:
 129:Generated_Source\PSoC5/Timer_1_PM.c **** }
 130:Generated_Source\PSoC5/Timer_1_PM.c **** 
 131:Generated_Source\PSoC5/Timer_1_PM.c **** 
 132:Generated_Source\PSoC5/Timer_1_PM.c **** /*******************************************************************************
 133:Generated_Source\PSoC5/Timer_1_PM.c **** * Function Name: Timer_1_Wakeup
 134:Generated_Source\PSoC5/Timer_1_PM.c **** ********************************************************************************
 135:Generated_Source\PSoC5/Timer_1_PM.c **** *
 136:Generated_Source\PSoC5/Timer_1_PM.c **** * Summary:
 137:Generated_Source\PSoC5/Timer_1_PM.c **** *  Restores and enables the user configuration
 138:Generated_Source\PSoC5/Timer_1_PM.c **** *
 139:Generated_Source\PSoC5/Timer_1_PM.c **** * Parameters:
 140:Generated_Source\PSoC5/Timer_1_PM.c **** *  void
 141:Generated_Source\PSoC5/Timer_1_PM.c **** *
 142:Generated_Source\PSoC5/Timer_1_PM.c **** * Return:
 143:Generated_Source\PSoC5/Timer_1_PM.c **** *  void
 144:Generated_Source\PSoC5/Timer_1_PM.c **** *
 145:Generated_Source\PSoC5/Timer_1_PM.c **** * Global variables:
 146:Generated_Source\PSoC5/Timer_1_PM.c **** *  Timer_1_backup.enableState:  Is used to restore the enable state of
 147:Generated_Source\PSoC5/Timer_1_PM.c **** *  block on wakeup from sleep mode.
 148:Generated_Source\PSoC5/Timer_1_PM.c **** *
 149:Generated_Source\PSoC5/Timer_1_PM.c **** *******************************************************************************/
 150:Generated_Source\PSoC5/Timer_1_PM.c **** void Timer_1_Wakeup(void) 
 151:Generated_Source\PSoC5/Timer_1_PM.c **** {
 122              		.loc 1 151 0
 123              		.cfi_startproc
 124              		@ args = 0, pretend = 0, frame = 0
 125              		@ frame_needed = 0, uses_anonymous_args = 0
 126 0000 08B5     		push	{r3, lr}
 127              		.cfi_def_cfa_offset 8
 128              		.cfi_offset 3, -8
 129              		.cfi_offset 14, -4
 152:Generated_Source\PSoC5/Timer_1_PM.c ****     Timer_1_RestoreConfig();
 130              		.loc 1 152 0
 131 0002 FFF7FEFF 		bl	Timer_1_RestoreConfig
 132              	.LVL4:
 133 0006 08BD     		pop	{r3, pc}
ARM GAS  C:\Users\ilami\AppData\Local\Temp\ccxItrcP.s 			page 6


 134              		.cfi_endproc
 135              	.LFE3:
 136              		.size	Timer_1_Wakeup, .-Timer_1_Wakeup
 137              		.bss
 138              		.align	2
 139              		.set	.LANCHOR0,. + 0
 140              		.type	Timer_1_backup, %object
 141              		.size	Timer_1_backup, 3
 142              	Timer_1_backup:
 143 0000 000000   		.space	3
 144              		.text
 145              	.Letext0:
 146              		.file 2 "Generated_Source\\PSoC5\\cytypes.h"
 147              		.file 3 "Generated_Source\\PSoC5\\Timer_1.h"
 148              		.section	.debug_info,"",%progbits
 149              	.Ldebug_info0:
 150 0000 97010000 		.4byte	0x197
 151 0004 0400     		.2byte	0x4
 152 0006 00000000 		.4byte	.Ldebug_abbrev0
 153 000a 04       		.byte	0x4
 154 000b 01       		.uleb128 0x1
 155 000c 8D000000 		.4byte	.LASF27
 156 0010 0C       		.byte	0xc
 157 0011 5B000000 		.4byte	.LASF28
 158 0015 1B010000 		.4byte	.LASF29
 159 0019 00000000 		.4byte	.Ldebug_ranges0+0
 160 001d 00000000 		.4byte	0
 161 0021 00000000 		.4byte	.Ldebug_line0
 162 0025 02       		.uleb128 0x2
 163 0026 01       		.byte	0x1
 164 0027 06       		.byte	0x6
 165 0028 59020000 		.4byte	.LASF0
 166 002c 02       		.uleb128 0x2
 167 002d 01       		.byte	0x1
 168 002e 08       		.byte	0x8
 169 002f 7F000000 		.4byte	.LASF1
 170 0033 02       		.uleb128 0x2
 171 0034 02       		.byte	0x2
 172 0035 05       		.byte	0x5
 173 0036 2B020000 		.4byte	.LASF2
 174 003a 02       		.uleb128 0x2
 175 003b 02       		.byte	0x2
 176 003c 07       		.byte	0x7
 177 003d 26000000 		.4byte	.LASF3
 178 0041 02       		.uleb128 0x2
 179 0042 04       		.byte	0x4
 180 0043 05       		.byte	0x5
 181 0044 35020000 		.4byte	.LASF4
 182 0048 02       		.uleb128 0x2
 183 0049 04       		.byte	0x4
 184 004a 07       		.byte	0x7
 185 004b 70010000 		.4byte	.LASF5
 186 004f 02       		.uleb128 0x2
 187 0050 08       		.byte	0x8
 188 0051 05       		.byte	0x5
 189 0052 F5010000 		.4byte	.LASF6
 190 0056 02       		.uleb128 0x2
ARM GAS  C:\Users\ilami\AppData\Local\Temp\ccxItrcP.s 			page 7


 191 0057 08       		.byte	0x8
 192 0058 07       		.byte	0x7
 193 0059 AA010000 		.4byte	.LASF7
 194 005d 03       		.uleb128 0x3
 195 005e 04       		.byte	0x4
 196 005f 05       		.byte	0x5
 197 0060 696E7400 		.ascii	"int\000"
 198 0064 02       		.uleb128 0x2
 199 0065 04       		.byte	0x4
 200 0066 07       		.byte	0x7
 201 0067 9D010000 		.4byte	.LASF8
 202 006b 04       		.uleb128 0x4
 203 006c 90010000 		.4byte	.LASF12
 204 0070 02       		.byte	0x2
 205 0071 E401     		.2byte	0x1e4
 206 0073 2C000000 		.4byte	0x2c
 207 0077 02       		.uleb128 0x2
 208 0078 04       		.byte	0x4
 209 0079 04       		.byte	0x4
 210 007a 55000000 		.4byte	.LASF9
 211 007e 02       		.uleb128 0x2
 212 007f 08       		.byte	0x8
 213 0080 04       		.byte	0x4
 214 0081 96010000 		.4byte	.LASF10
 215 0085 02       		.uleb128 0x2
 216 0086 01       		.byte	0x1
 217 0087 08       		.byte	0x8
 218 0088 03020000 		.4byte	.LASF11
 219 008c 04       		.uleb128 0x4
 220 008d 6B010000 		.4byte	.LASF13
 221 0091 02       		.byte	0x2
 222 0092 8E02     		.2byte	0x28e
 223 0094 98000000 		.4byte	0x98
 224 0098 05       		.uleb128 0x5
 225 0099 6B000000 		.4byte	0x6b
 226 009d 02       		.uleb128 0x2
 227 009e 08       		.byte	0x8
 228 009f 04       		.byte	0x4
 229 00a0 4D020000 		.4byte	.LASF14
 230 00a4 02       		.uleb128 0x2
 231 00a5 04       		.byte	0x4
 232 00a6 07       		.byte	0x7
 233 00a7 EC010000 		.4byte	.LASF15
 234 00ab 06       		.uleb128 0x6
 235 00ac 03       		.byte	0x3
 236 00ad 03       		.byte	0x3
 237 00ae 43       		.byte	0x43
 238 00af D8000000 		.4byte	0xd8
 239 00b3 07       		.uleb128 0x7
 240 00b4 00000000 		.4byte	.LASF16
 241 00b8 03       		.byte	0x3
 242 00b9 45       		.byte	0x45
 243 00ba 6B000000 		.4byte	0x6b
 244 00be 00       		.byte	0
 245 00bf 07       		.uleb128 0x7
 246 00c0 4C000000 		.4byte	.LASF17
 247 00c4 03       		.byte	0x3
ARM GAS  C:\Users\ilami\AppData\Local\Temp\ccxItrcP.s 			page 8


 248 00c5 48       		.byte	0x48
 249 00c6 6B000000 		.4byte	0x6b
 250 00ca 01       		.byte	0x1
 251 00cb 07       		.uleb128 0x7
 252 00cc 72020000 		.4byte	.LASF18
 253 00d0 03       		.byte	0x3
 254 00d1 49       		.byte	0x49
 255 00d2 6B000000 		.4byte	0x6b
 256 00d6 02       		.byte	0x2
 257 00d7 00       		.byte	0
 258 00d8 08       		.uleb128 0x8
 259 00d9 11000000 		.4byte	.LASF19
 260 00dd 03       		.byte	0x3
 261 00de 53       		.byte	0x53
 262 00df AB000000 		.4byte	0xab
 263 00e3 09       		.uleb128 0x9
 264 00e4 39000000 		.4byte	.LASF20
 265 00e8 01       		.byte	0x1
 266 00e9 2B       		.byte	0x2b
 267 00ea 00000000 		.4byte	.LFB0
 268 00ee 1C000000 		.4byte	.LFE0-.LFB0
 269 00f2 01       		.uleb128 0x1
 270 00f3 9C       		.byte	0x9c
 271 00f4 02010000 		.4byte	0x102
 272 00f8 0A       		.uleb128 0xa
 273 00f9 06000000 		.4byte	.LVL0
 274 00fd 79010000 		.4byte	0x179
 275 0101 00       		.byte	0
 276 0102 09       		.uleb128 0x9
 277 0103 D6010000 		.4byte	.LASF21
 278 0107 01       		.byte	0x1
 279 0108 4D       		.byte	0x4d
 280 0109 00000000 		.4byte	.LFB1
 281 010d 1C000000 		.4byte	.LFE1-.LFB1
 282 0111 01       		.uleb128 0x1
 283 0112 9C       		.byte	0x9c
 284 0113 21010000 		.4byte	0x121
 285 0117 0A       		.uleb128 0xa
 286 0118 0A000000 		.4byte	.LVL1
 287 011c 84010000 		.4byte	0x184
 288 0120 00       		.byte	0
 289 0121 09       		.uleb128 0x9
 290 0122 82010000 		.4byte	.LASF22
 291 0126 01       		.byte	0x1
 292 0127 70       		.byte	0x70
 293 0128 00000000 		.4byte	.LFB2
 294 012c 0C000000 		.4byte	.LFE2-.LFB2
 295 0130 01       		.uleb128 0x1
 296 0131 9C       		.byte	0x9c
 297 0132 49010000 		.4byte	0x149
 298 0136 0A       		.uleb128 0xa
 299 0137 06000000 		.4byte	.LVL2
 300 013b 8F010000 		.4byte	0x18f
 301 013f 0A       		.uleb128 0xa
 302 0140 0A000000 		.4byte	.LVL3
 303 0144 E3000000 		.4byte	0xe3
 304 0148 00       		.byte	0
ARM GAS  C:\Users\ilami\AppData\Local\Temp\ccxItrcP.s 			page 9


 305 0149 09       		.uleb128 0x9
 306 014a 3E020000 		.4byte	.LASF23
 307 014e 01       		.byte	0x1
 308 014f 96       		.byte	0x96
 309 0150 00000000 		.4byte	.LFB3
 310 0154 08000000 		.4byte	.LFE3-.LFB3
 311 0158 01       		.uleb128 0x1
 312 0159 9C       		.byte	0x9c
 313 015a 68010000 		.4byte	0x168
 314 015e 0A       		.uleb128 0xa
 315 015f 06000000 		.4byte	.LVL4
 316 0163 02010000 		.4byte	0x102
 317 0167 00       		.byte	0
 318 0168 0B       		.uleb128 0xb
 319 0169 1C020000 		.4byte	.LASF30
 320 016d 01       		.byte	0x1
 321 016e 15       		.byte	0x15
 322 016f D8000000 		.4byte	0xd8
 323 0173 05       		.uleb128 0x5
 324 0174 03       		.byte	0x3
 325 0175 00000000 		.4byte	Timer_1_backup
 326 0179 0C       		.uleb128 0xc
 327 017a 08020000 		.4byte	.LASF24
 328 017e 08020000 		.4byte	.LASF24
 329 0182 03       		.byte	0x3
 330 0183 69       		.byte	0x69
 331 0184 0C       		.uleb128 0xc
 332 0185 C1010000 		.4byte	.LASF25
 333 0189 C1010000 		.4byte	.LASF25
 334 018d 03       		.byte	0x3
 335 018e 6A       		.byte	0x6a
 336 018f 0C       		.uleb128 0xc
 337 0190 65020000 		.4byte	.LASF26
 338 0194 65020000 		.4byte	.LASF26
 339 0198 03       		.byte	0x3
 340 0199 5B       		.byte	0x5b
 341 019a 00       		.byte	0
 342              		.section	.debug_abbrev,"",%progbits
 343              	.Ldebug_abbrev0:
 344 0000 01       		.uleb128 0x1
 345 0001 11       		.uleb128 0x11
 346 0002 01       		.byte	0x1
 347 0003 25       		.uleb128 0x25
 348 0004 0E       		.uleb128 0xe
 349 0005 13       		.uleb128 0x13
 350 0006 0B       		.uleb128 0xb
 351 0007 03       		.uleb128 0x3
 352 0008 0E       		.uleb128 0xe
 353 0009 1B       		.uleb128 0x1b
 354 000a 0E       		.uleb128 0xe
 355 000b 55       		.uleb128 0x55
 356 000c 17       		.uleb128 0x17
 357 000d 11       		.uleb128 0x11
 358 000e 01       		.uleb128 0x1
 359 000f 10       		.uleb128 0x10
 360 0010 17       		.uleb128 0x17
 361 0011 00       		.byte	0
ARM GAS  C:\Users\ilami\AppData\Local\Temp\ccxItrcP.s 			page 10


 362 0012 00       		.byte	0
 363 0013 02       		.uleb128 0x2
 364 0014 24       		.uleb128 0x24
 365 0015 00       		.byte	0
 366 0016 0B       		.uleb128 0xb
 367 0017 0B       		.uleb128 0xb
 368 0018 3E       		.uleb128 0x3e
 369 0019 0B       		.uleb128 0xb
 370 001a 03       		.uleb128 0x3
 371 001b 0E       		.uleb128 0xe
 372 001c 00       		.byte	0
 373 001d 00       		.byte	0
 374 001e 03       		.uleb128 0x3
 375 001f 24       		.uleb128 0x24
 376 0020 00       		.byte	0
 377 0021 0B       		.uleb128 0xb
 378 0022 0B       		.uleb128 0xb
 379 0023 3E       		.uleb128 0x3e
 380 0024 0B       		.uleb128 0xb
 381 0025 03       		.uleb128 0x3
 382 0026 08       		.uleb128 0x8
 383 0027 00       		.byte	0
 384 0028 00       		.byte	0
 385 0029 04       		.uleb128 0x4
 386 002a 16       		.uleb128 0x16
 387 002b 00       		.byte	0
 388 002c 03       		.uleb128 0x3
 389 002d 0E       		.uleb128 0xe
 390 002e 3A       		.uleb128 0x3a
 391 002f 0B       		.uleb128 0xb
 392 0030 3B       		.uleb128 0x3b
 393 0031 05       		.uleb128 0x5
 394 0032 49       		.uleb128 0x49
 395 0033 13       		.uleb128 0x13
 396 0034 00       		.byte	0
 397 0035 00       		.byte	0
 398 0036 05       		.uleb128 0x5
 399 0037 35       		.uleb128 0x35
 400 0038 00       		.byte	0
 401 0039 49       		.uleb128 0x49
 402 003a 13       		.uleb128 0x13
 403 003b 00       		.byte	0
 404 003c 00       		.byte	0
 405 003d 06       		.uleb128 0x6
 406 003e 13       		.uleb128 0x13
 407 003f 01       		.byte	0x1
 408 0040 0B       		.uleb128 0xb
 409 0041 0B       		.uleb128 0xb
 410 0042 3A       		.uleb128 0x3a
 411 0043 0B       		.uleb128 0xb
 412 0044 3B       		.uleb128 0x3b
 413 0045 0B       		.uleb128 0xb
 414 0046 01       		.uleb128 0x1
 415 0047 13       		.uleb128 0x13
 416 0048 00       		.byte	0
 417 0049 00       		.byte	0
 418 004a 07       		.uleb128 0x7
ARM GAS  C:\Users\ilami\AppData\Local\Temp\ccxItrcP.s 			page 11


 419 004b 0D       		.uleb128 0xd
 420 004c 00       		.byte	0
 421 004d 03       		.uleb128 0x3
 422 004e 0E       		.uleb128 0xe
 423 004f 3A       		.uleb128 0x3a
 424 0050 0B       		.uleb128 0xb
 425 0051 3B       		.uleb128 0x3b
 426 0052 0B       		.uleb128 0xb
 427 0053 49       		.uleb128 0x49
 428 0054 13       		.uleb128 0x13
 429 0055 38       		.uleb128 0x38
 430 0056 0B       		.uleb128 0xb
 431 0057 00       		.byte	0
 432 0058 00       		.byte	0
 433 0059 08       		.uleb128 0x8
 434 005a 16       		.uleb128 0x16
 435 005b 00       		.byte	0
 436 005c 03       		.uleb128 0x3
 437 005d 0E       		.uleb128 0xe
 438 005e 3A       		.uleb128 0x3a
 439 005f 0B       		.uleb128 0xb
 440 0060 3B       		.uleb128 0x3b
 441 0061 0B       		.uleb128 0xb
 442 0062 49       		.uleb128 0x49
 443 0063 13       		.uleb128 0x13
 444 0064 00       		.byte	0
 445 0065 00       		.byte	0
 446 0066 09       		.uleb128 0x9
 447 0067 2E       		.uleb128 0x2e
 448 0068 01       		.byte	0x1
 449 0069 3F       		.uleb128 0x3f
 450 006a 19       		.uleb128 0x19
 451 006b 03       		.uleb128 0x3
 452 006c 0E       		.uleb128 0xe
 453 006d 3A       		.uleb128 0x3a
 454 006e 0B       		.uleb128 0xb
 455 006f 3B       		.uleb128 0x3b
 456 0070 0B       		.uleb128 0xb
 457 0071 27       		.uleb128 0x27
 458 0072 19       		.uleb128 0x19
 459 0073 11       		.uleb128 0x11
 460 0074 01       		.uleb128 0x1
 461 0075 12       		.uleb128 0x12
 462 0076 06       		.uleb128 0x6
 463 0077 40       		.uleb128 0x40
 464 0078 18       		.uleb128 0x18
 465 0079 9742     		.uleb128 0x2117
 466 007b 19       		.uleb128 0x19
 467 007c 01       		.uleb128 0x1
 468 007d 13       		.uleb128 0x13
 469 007e 00       		.byte	0
 470 007f 00       		.byte	0
 471 0080 0A       		.uleb128 0xa
 472 0081 898201   		.uleb128 0x4109
 473 0084 00       		.byte	0
 474 0085 11       		.uleb128 0x11
 475 0086 01       		.uleb128 0x1
ARM GAS  C:\Users\ilami\AppData\Local\Temp\ccxItrcP.s 			page 12


 476 0087 31       		.uleb128 0x31
 477 0088 13       		.uleb128 0x13
 478 0089 00       		.byte	0
 479 008a 00       		.byte	0
 480 008b 0B       		.uleb128 0xb
 481 008c 34       		.uleb128 0x34
 482 008d 00       		.byte	0
 483 008e 03       		.uleb128 0x3
 484 008f 0E       		.uleb128 0xe
 485 0090 3A       		.uleb128 0x3a
 486 0091 0B       		.uleb128 0xb
 487 0092 3B       		.uleb128 0x3b
 488 0093 0B       		.uleb128 0xb
 489 0094 49       		.uleb128 0x49
 490 0095 13       		.uleb128 0x13
 491 0096 02       		.uleb128 0x2
 492 0097 18       		.uleb128 0x18
 493 0098 00       		.byte	0
 494 0099 00       		.byte	0
 495 009a 0C       		.uleb128 0xc
 496 009b 2E       		.uleb128 0x2e
 497 009c 00       		.byte	0
 498 009d 3F       		.uleb128 0x3f
 499 009e 19       		.uleb128 0x19
 500 009f 3C       		.uleb128 0x3c
 501 00a0 19       		.uleb128 0x19
 502 00a1 6E       		.uleb128 0x6e
 503 00a2 0E       		.uleb128 0xe
 504 00a3 03       		.uleb128 0x3
 505 00a4 0E       		.uleb128 0xe
 506 00a5 3A       		.uleb128 0x3a
 507 00a6 0B       		.uleb128 0xb
 508 00a7 3B       		.uleb128 0x3b
 509 00a8 0B       		.uleb128 0xb
 510 00a9 00       		.byte	0
 511 00aa 00       		.byte	0
 512 00ab 00       		.byte	0
 513              		.section	.debug_aranges,"",%progbits
 514 0000 34000000 		.4byte	0x34
 515 0004 0200     		.2byte	0x2
 516 0006 00000000 		.4byte	.Ldebug_info0
 517 000a 04       		.byte	0x4
 518 000b 00       		.byte	0
 519 000c 0000     		.2byte	0
 520 000e 0000     		.2byte	0
 521 0010 00000000 		.4byte	.LFB0
 522 0014 1C000000 		.4byte	.LFE0-.LFB0
 523 0018 00000000 		.4byte	.LFB1
 524 001c 1C000000 		.4byte	.LFE1-.LFB1
 525 0020 00000000 		.4byte	.LFB2
 526 0024 0C000000 		.4byte	.LFE2-.LFB2
 527 0028 00000000 		.4byte	.LFB3
 528 002c 08000000 		.4byte	.LFE3-.LFB3
 529 0030 00000000 		.4byte	0
 530 0034 00000000 		.4byte	0
 531              		.section	.debug_ranges,"",%progbits
 532              	.Ldebug_ranges0:
ARM GAS  C:\Users\ilami\AppData\Local\Temp\ccxItrcP.s 			page 13


 533 0000 00000000 		.4byte	.LFB0
 534 0004 1C000000 		.4byte	.LFE0
 535 0008 00000000 		.4byte	.LFB1
 536 000c 1C000000 		.4byte	.LFE1
 537 0010 00000000 		.4byte	.LFB2
 538 0014 0C000000 		.4byte	.LFE2
 539 0018 00000000 		.4byte	.LFB3
 540 001c 08000000 		.4byte	.LFE3
 541 0020 00000000 		.4byte	0
 542 0024 00000000 		.4byte	0
 543              		.section	.debug_line,"",%progbits
 544              	.Ldebug_line0:
 545 0000 A2000000 		.section	.debug_str,"MS",%progbits,1
 545      02005400 
 545      00000201 
 545      FB0E0D00 
 545      01010101 
 546              	.LASF16:
 547 0000 54696D65 		.ascii	"TimerEnableState\000"
 547      72456E61 
 547      626C6553 
 547      74617465 
 547      00
 548              	.LASF19:
 549 0011 54696D65 		.ascii	"Timer_1_backupStruct\000"
 549      725F315F 
 549      6261636B 
 549      75705374 
 549      72756374 
 550              	.LASF3:
 551 0026 73686F72 		.ascii	"short unsigned int\000"
 551      7420756E 
 551      7369676E 
 551      65642069 
 551      6E7400
 552              	.LASF20:
 553 0039 54696D65 		.ascii	"Timer_1_SaveConfig\000"
 553      725F315F 
 553      53617665 
 553      436F6E66 
 553      696700
 554              	.LASF17:
 555 004c 54696D65 		.ascii	"TimerUdb\000"
 555      72556462 
 555      00
 556              	.LASF9:
 557 0055 666C6F61 		.ascii	"float\000"
 557      7400
 558              	.LASF28:
 559 005b 47656E65 		.ascii	"Generated_Source\\PSoC5\\Timer_1_PM.c\000"
 559      72617465 
 559      645F536F 
 559      75726365 
 559      5C50536F 
 560              	.LASF1:
 561 007f 756E7369 		.ascii	"unsigned char\000"
 561      676E6564 
ARM GAS  C:\Users\ilami\AppData\Local\Temp\ccxItrcP.s 			page 14


 561      20636861 
 561      7200
 562              	.LASF27:
 563 008d 474E5520 		.ascii	"GNU C11 5.4.1 20160609 (release) [ARM/embedded-5-br"
 563      43313120 
 563      352E342E 
 563      31203230 
 563      31363036 
 564 00c0 616E6368 		.ascii	"anch revision 237715] -mcpu=cortex-m3 -mthumb -g -O"
 564      20726576 
 564      6973696F 
 564      6E203233 
 564      37373135 
 565 00f3 67202D66 		.ascii	"g -ffunction-sections -ffat-lto-objects\000"
 565      66756E63 
 565      74696F6E 
 565      2D736563 
 565      74696F6E 
 566              	.LASF29:
 567 011b 433A5C55 		.ascii	"C:\\Users\\ilami\\Documents\\GitHub\\FINAL-PROJECT-"
 567      73657273 
 567      5C696C61 
 567      6D695C44 
 567      6F63756D 
 568 0149 47524F55 		.ascii	"GROUP5\\Final_Project_Group5.cydsn\000"
 568      50355C46 
 568      696E616C 
 568      5F50726F 
 568      6A656374 
 569              	.LASF13:
 570 016b 72656738 		.ascii	"reg8\000"
 570      00
 571              	.LASF5:
 572 0170 6C6F6E67 		.ascii	"long unsigned int\000"
 572      20756E73 
 572      69676E65 
 572      6420696E 
 572      7400
 573              	.LASF22:
 574 0182 54696D65 		.ascii	"Timer_1_Sleep\000"
 574      725F315F 
 574      536C6565 
 574      7000
 575              	.LASF12:
 576 0190 75696E74 		.ascii	"uint8\000"
 576      3800
 577              	.LASF10:
 578 0196 646F7562 		.ascii	"double\000"
 578      6C6500
 579              	.LASF8:
 580 019d 756E7369 		.ascii	"unsigned int\000"
 580      676E6564 
 580      20696E74 
 580      00
 581              	.LASF7:
 582 01aa 6C6F6E67 		.ascii	"long long unsigned int\000"
 582      206C6F6E 
ARM GAS  C:\Users\ilami\AppData\Local\Temp\ccxItrcP.s 			page 15


 582      6720756E 
 582      7369676E 
 582      65642069 
 583              	.LASF25:
 584 01c1 54696D65 		.ascii	"Timer_1_WriteCounter\000"
 584      725F315F 
 584      57726974 
 584      65436F75 
 584      6E746572 
 585              	.LASF21:
 586 01d6 54696D65 		.ascii	"Timer_1_RestoreConfig\000"
 586      725F315F 
 586      52657374 
 586      6F726543 
 586      6F6E6669 
 587              	.LASF15:
 588 01ec 73697A65 		.ascii	"sizetype\000"
 588      74797065 
 588      00
 589              	.LASF6:
 590 01f5 6C6F6E67 		.ascii	"long long int\000"
 590      206C6F6E 
 590      6720696E 
 590      7400
 591              	.LASF11:
 592 0203 63686172 		.ascii	"char\000"
 592      00
 593              	.LASF24:
 594 0208 54696D65 		.ascii	"Timer_1_ReadCounter\000"
 594      725F315F 
 594      52656164 
 594      436F756E 
 594      74657200 
 595              	.LASF30:
 596 021c 54696D65 		.ascii	"Timer_1_backup\000"
 596      725F315F 
 596      6261636B 
 596      757000
 597              	.LASF2:
 598 022b 73686F72 		.ascii	"short int\000"
 598      7420696E 
 598      7400
 599              	.LASF4:
 600 0235 6C6F6E67 		.ascii	"long int\000"
 600      20696E74 
 600      00
 601              	.LASF23:
 602 023e 54696D65 		.ascii	"Timer_1_Wakeup\000"
 602      725F315F 
 602      57616B65 
 602      757000
 603              	.LASF14:
 604 024d 6C6F6E67 		.ascii	"long double\000"
 604      20646F75 
 604      626C6500 
 605              	.LASF0:
 606 0259 7369676E 		.ascii	"signed char\000"
ARM GAS  C:\Users\ilami\AppData\Local\Temp\ccxItrcP.s 			page 16


 606      65642063 
 606      68617200 
 607              	.LASF26:
 608 0265 54696D65 		.ascii	"Timer_1_Stop\000"
 608      725F315F 
 608      53746F70 
 608      00
 609              	.LASF18:
 610 0272 496E7465 		.ascii	"InterruptMaskValue\000"
 610      72727570 
 610      744D6173 
 610      6B56616C 
 610      756500
 611              		.ident	"GCC: (GNU Tools for ARM Embedded Processors) 5.4.1 20160609 (release) [ARM/embedded-5-bran
